Log file open, 01/09/21 17:15:02
LogInit: Display: Running engine for game: Factorio
LogPlatformFile: Not using cached read wrapper
LogTaskGraph: Started task graph with 5 named threads and 23 total threads with 3 sets of task threads.
LogStats: Stats thread started at 0.229656
LogD3D11RHI: Loaded GFSDK_Aftermath_Lib.x64.dll
LogICUInternationalization: ICU TimeZone Detection - Raw Offset: +8:00, Platform Override: ''
LogPluginManager: Mounting plugin Paper2D
LogPluginManager: Mounting plugin AISupport
LogPluginManager: Mounting plugin LightPropagationVolume
LogPluginManager: Mounting plugin CameraShakePreviewer
LogPluginManager: Mounting plugin ActorLayerUtilities
LogPluginManager: Mounting plugin AnimationSharing
LogPluginManager: Mounting plugin CLionSourceCodeAccess
LogPluginManager: Mounting plugin CodeLiteSourceCodeAccess
LogPluginManager: Mounting plugin GitSourceControl
LogPluginManager: Mounting plugin KDevelopSourceCodeAccess
LogPluginManager: Mounting plugin NullSourceCodeAccess
LogPluginManager: Mounting plugin PerforceSourceControl
LogPluginManager: Mounting plugin PlasticSourceControl
LogPluginManager: Mounting plugin RiderLink
LogPluginManager: Mounting plugin RiderSourceCodeAccess
LogPluginManager: Mounting plugin SubversionSourceControl
LogPluginManager: Mounting plugin UObjectPlugin
LogPluginManager: Mounting plugin VisualStudioCodeSourceCodeAccess
LogPluginManager: Mounting plugin VisualStudioSourceCodeAccess
LogPluginManager: Mounting plugin XCodeSourceCodeAccess
LogPluginManager: Mounting plugin AssetManagerEditor
LogPluginManager: Mounting plugin CryptoKeys
LogPluginManager: Mounting plugin CurveEditorTools
LogPluginManager: Mounting plugin DataValidation
LogPluginManager: Mounting plugin EditorScriptingUtilities
LogPluginManager: Mounting plugin FacialAnimation
LogPluginManager: Mounting plugin GameplayTagsEditor
LogPluginManager: Mounting plugin GeometryMode
LogPluginManager: Mounting plugin MacGraphicsSwitching
LogPluginManager: Mounting plugin MaterialAnalyzer
LogPluginManager: Mounting plugin MobileLauncherProfileWizard
LogPluginManager: Mounting plugin PluginBrowser
LogPluginManager: Mounting plugin SpeedTreeImporter
LogPluginManager: Mounting plugin DatasmithContent
LogPluginManager: Mounting plugin VariantManagerContent
LogPluginManager: Mounting plugin AlembicImporter
LogPluginManager: Mounting plugin AutomationUtils
LogPluginManager: Mounting plugin BackChannel
LogPluginManager: Mounting plugin ChaosCloth
LogPluginManager: Mounting plugin ChaosClothEditor
LogPluginManager: Mounting plugin ChaosEditor
LogPluginManager: Mounting plugin ChaosNiagara
LogPluginManager: Mounting plugin ChaosSolverPlugin
LogPluginManager: Mounting plugin CharacterAI
LogPluginManager: Mounting plugin GeometryCache
LogPluginManager: Mounting plugin GeometryCollectionPlugin
LogPluginManager: Mounting plugin GeometryProcessing
LogPluginManager: Mounting plugin PlanarCut
LogPluginManager: Mounting plugin PlatformCrypto
LogPluginManager: Mounting plugin ProxyLODPlugin
LogPluginManager: Mounting plugin PythonScriptPlugin
LogPluginManager: Mounting plugin SkeletalReduction
LogPluginManager: Mounting plugin Niagara
LogPluginManager: Mounting plugin MagicLeap
LogPluginManager: Mounting plugin MagicLeapLightEstimation
LogPluginManager: Mounting plugin MagicLeapMedia
LogPluginManager: Mounting plugin MagicLeapPassableWorld
LogPluginManager: Mounting plugin MLSDK
LogPluginManager: Mounting plugin AndroidMedia
LogPluginManager: Mounting plugin AvfMedia
LogPluginManager: Mounting plugin ImgMedia
LogPluginManager: Mounting plugin MediaCompositing
LogPluginManager: Mounting plugin MediaPlayerEditor
LogPluginManager: Mounting plugin WebMMedia
LogPluginManager: Mounting plugin WmfMedia
LogPluginManager: Mounting plugin MegascansPlugin
LogPluginManager: Mounting plugin MeshPainting
LogPluginManager: Mounting plugin TcpMessaging
LogPluginManager: Mounting plugin UdpMessaging
LogPluginManager: Mounting plugin ActorSequence
LogPluginManager: Mounting plugin LevelSequenceEditor
LogPluginManager: Mounting plugin MatineeToLevelSequence
LogPluginManager: Mounting plugin MovieRenderPipeline
LogPluginManager: Mounting plugin TemplateSequence
LogPluginManager: Mounting plugin NetcodeUnitTest
LogPluginManager: Mounting plugin NUTUnrealEngine4
LogPluginManager: Mounting plugin OnlineSubsystemGooglePlay
LogPluginManager: Mounting plugin OnlineSubsystemIOS
LogPluginManager: Mounting plugin OnlineSubsystem
LogPluginManager: Mounting plugin OnlineSubsystemNull
LogPluginManager: Mounting plugin OnlineSubsystemUtils
LogPluginManager: Mounting plugin LauncherChunkInstaller
LogPluginManager: Mounting plugin AndroidDeviceProfileSelector
LogPluginManager: Mounting plugin AndroidMoviePlayer
LogPluginManager: Mounting plugin AndroidPermission
LogPluginManager: Mounting plugin AppleImageUtils
LogPluginManager: Mounting plugin AppleMoviePlayer
LogPluginManager: Mounting plugin ArchVisCharacter
LogPluginManager: Mounting plugin AssetTags
LogPluginManager: Mounting plugin AudioCapture
LogPluginManager: Mounting plugin CableComponent
LogPluginManager: Mounting plugin CustomMeshComponent
LogPluginManager: Mounting plugin DatabaseSupport
LogPluginManager: Mounting plugin SQLiteCore
LogPluginManager: Mounting plugin SQLiteSupport
LogPluginManager: Mounting plugin EditableMesh
LogPluginManager: Mounting plugin ExampleDeviceProfileSelector
LogPluginManager: Mounting plugin GoogleCloudMessaging
LogPluginManager: Mounting plugin GooglePAD
LogPluginManager: Mounting plugin IOSDeviceProfileSelector
LogPluginManager: Mounting plugin LinuxDeviceProfileSelector
LogPluginManager: Mounting plugin LocationServicesBPLibrary
LogPluginManager: Mounting plugin MobilePatchingUtils
LogPluginManager: Mounting plugin OculusVR
LogPluginManager: Mounting plugin PhysXVehicles
LogPluginManager: Mounting plugin PostSplashScreen
LogPluginManager: Mounting plugin ProceduralMeshComponent
LogPluginManager: Mounting plugin RuntimePhysXCooking
LogPluginManager: Mounting plugin SignificanceManager
LogPluginManager: Mounting plugin SoundFields
LogPluginManager: Mounting plugin SteamVR
LogPluginManager: Mounting plugin Synthesis
LogPluginManager: Mounting plugin WebMMoviePlayer
LogPluginManager: Mounting plugin WindowsMoviePlayer
LogPluginManager: Mounting plugin ScreenshotTools
LogInit: Using libcurl 7.55.1-DEV
LogInit:  - built for x86_64-pc-win32
LogInit:  - supports SSL with OpenSSL/1.1.1
LogInit:  - supports HTTP deflate (compression) using libz 1.2.8
LogInit:  - other features:
LogInit:      CURL_VERSION_SSL
LogInit:      CURL_VERSION_LIBZ
LogInit:      CURL_VERSION_IPV6
LogInit:      CURL_VERSION_ASYNCHDNS
LogInit:      CURL_VERSION_LARGEFILE
LogInit:      CURL_VERSION_IDN
LogInit:  CurlRequestOptions (configurable via config and command line):
LogInit:  - bVerifyPeer = true  - Libcurl will verify peer certificate
LogInit:  - bUseHttpProxy = false  - Libcurl will NOT use HTTP proxy
LogInit:  - bDontReuseConnections = false  - Libcurl will reuse connections
LogInit:  - MaxHostConnections = 16  - Libcurl will limit the number of connections to a host
LogInit:  - LocalHostAddr = Default
LogInit:  - BufferSize = 65536
LogOnline: OSS: Creating online subsystem instance for: NULL
LogInit: WinSock: version 1.1 (2.2), MaxSocks=32767, MaxUdp=65467
LogOnline: OSS: TryLoadSubsystemAndSetDefault: Loaded subsystem for module [NULL]
LogInit: Build: ++UE4+Release-4.25-CL-14469661
LogInit: Engine Version: 4.25.4-14469661+++UE4+Release-4.25
LogInit: Compatible Engine Version: 4.25.0-13144385+++UE4+Release-4.25
LogInit: Net CL: 13144385
LogInit: OS: Windows 10 (Release 1803) (), CPU: Intel(R) Core(TM) i7-7820HK CPU @ 2.90GHz, GPU: NVIDIA GeForce GTX 1070
LogInit: Compiled (64-bit): Oct 11 2020 08:10:49
LogInit: Compiled with Visual C++: 19.24.28315.00
LogInit: Build Configuration: Development
LogInit: Branch Name: ++UE4+Release-4.25
LogInit: Command Line:  -EpicPortal -epicusername=Suriba -epicuserid=13e40448ebae42bc9e543d0d0c7d0129 -epiclocale=zh-CN
LogInit: Base Directory: E:/UE_4.25/Engine/Binaries/Win64/
LogInit: Allocator: TBB
LogInit: Installed Engine Build: 1
LogDevObjectVersion: Number of dev versions registered: 26
LogDevObjectVersion:   Dev-Blueprints (B0D832E4-1F89-4F0D-ACCF-7EB736FD4AA2): 10
LogDevObjectVersion:   Dev-Build (E1C64328-A22C-4D53-A36C-8E866417BD8C): 0
LogDevObjectVersion:   Dev-Core (375EC13C-06E4-48FB-B500-84F0262A717E): 4
LogDevObjectVersion:   Dev-Editor (E4B068ED-F494-42E9-A231-DA0B2E46BB41): 38
LogDevObjectVersion:   Dev-Framework (CFFC743F-43B0-4480-9391-14DF171D2073): 37
LogDevObjectVersion:   Dev-Mobile (B02B49B5-BB20-44E9-A304-32B752E40360): 2
LogDevObjectVersion:   Dev-Networking (A4E4105C-59A1-49B5-A7C5-40C4547EDFEE): 0
LogDevObjectVersion:   Dev-Online (39C831C9-5AE6-47DC-9A44-9C173E1C8E7C): 0
LogDevObjectVersion:   Dev-Physics (78F01B33-EBEA-4F98-B9B4-84EACCB95AA2): 4
LogDevObjectVersion:   Dev-Platform (6631380F-2D4D-43E0-8009-CF276956A95A): 0
LogDevObjectVersion:   Dev-Rendering (12F88B9F-8875-4AFC-A67C-D90C383ABD29): 43
LogDevObjectVersion:   Dev-Sequencer (7B5AE74C-D270-4C10-A958-57980B212A5A): 12
LogDevObjectVersion:   Dev-VR (D7296918-1DD6-4BDD-9DE2-64A83CC13884): 3
LogDevObjectVersion:   Dev-LoadTimes (C2A15278-BFE7-4AFE-6C17-90FF531DF755): 1
LogDevObjectVersion:   Private-Geometry (6EACA3D4-40EC-4CC1-B786-8BED09428FC5): 3
LogDevObjectVersion:   Dev-AnimPhys (29E575DD-E0A3-4627-9D10-D276232CDCEA): 17
LogDevObjectVersion:   Dev-Anim (AF43A65D-7FD3-4947-9873-3E8ED9C1BB05): 7
LogDevObjectVersion:   Dev-ReflectionCapture (6B266CEC-1EC7-4B8F-A30B-E4D90942FC07): 1
LogDevObjectVersion:   Dev-Automation (0DF73D61-A23F-47EA-B727-89E90C41499A): 1
LogDevObjectVersion:   FortniteMain (601D1886-AC64-4F84-AA16-D3DE0DEAC7D6): 31
LogDevObjectVersion:   Dev-Enterprise (9DFFBCD6-494F-0158-E221-12823C92A888): 10
LogDevObjectVersion:   Dev-Niagara (F2AED0AC-9AFE-416F-8664-AA7FFA26D6FC): 1
LogDevObjectVersion:   Dev-Destruction (174F1F0B-B4C6-45A5-B13F-2EE8D0FB917D): 10
LogDevObjectVersion:   Dev-Physics-Ext (35F94A83-E258-406C-A318-09F59610247C): 37
LogDevObjectVersion:   Dev-PhysicsMaterial-Chaos (B68FC16E-8B1B-42E2-B453-215C058844FE): 1
LogDevObjectVersion:   Dev-CineCamera (B2E18506-4273-CFC2-A54E-F4BB758BBA07): 1
LogInit: Presizing for max 25165824 objects, including 0 objects not considered by GC, pre-allocating 0 bytes for permanent pool.
LogConfig: Applying CVar settings from Section [/Script/Engine.StreamingSettings] File [E:/UE4_Code/04_Factory/Factorio/Saved/Config/Windows/Engine.ini]
LogConfig: Setting CVar [[s.MinBulkDataSizeForAsyncLoading:131072]]
LogConfig: Setting CVar [[s.AsyncLoadingThreadEnabled:0]]
LogConfig: Setting CVar [[s.EventDrivenLoaderEnabled:1]]
LogConfig: Setting CVar [[s.WarnIfTimeLimitExceeded:0]]
LogConfig: Setting CVar [[s.TimeLimitExceededMultiplier:1.5]]
LogConfig: Setting CVar [[s.TimeLimitExceededMinTime:0.005]]
LogConfig: Setting CVar [[s.UseBackgroundLevelStreaming:1]]
LogConfig: Setting CVar [[s.PriorityAsyncLoadingExtraTime:15.0]]
LogConfig: Setting CVar [[s.LevelStreamingActorsUpdateTimeLimit:5.0]]
LogConfig: Setting CVar [[s.PriorityLevelStreamingActorsUpdateExtraTime:5.0]]
LogConfig: Setting CVar [[s.LevelStreamingComponentsRegistrationGranularity:10]]
LogConfig: Setting CVar [[s.UnregisterComponentsTimeLimit:1.0]]
LogConfig: Setting CVar [[s.LevelStreamingComponentsUnregistrationGranularity:5]]
LogConfig: Setting CVar [[s.FlushStreamingOnExit:1]]
LogInit: Object subsystem initialized
LogConfig: Setting CVar [[con.DebugEarlyDefault:1]]
LogConfig: Setting CVar [[r.setres:1280x720]]
[2021.01.09-09.15.02:802][  0]LogConfig: Setting CVar [[r.VSync:0]]
[2021.01.09-09.15.02:802][  0]LogConfig: Setting CVar [[r.RHICmdBypass:0]]
[2021.01.09-09.15.02:802][  0]LogConfig: Applying CVar settings from Section [/Script/Engine.RendererSettings] File [E:/UE4_Code/04_Factory/Factorio/Saved/Config/Windows/Engine.ini]
[2021.01.09-09.15.02:802][  0]LogConfig: Setting CVar [[r.GPUCrashDebugging:0]]
[2021.01.09-09.15.02:802][  0]LogConfig: Applying CVar settings from Section [/Script/Engine.RendererOverrideSettings] File [E:/UE4_Code/04_Factory/Factorio/Saved/Config/Windows/Engine.ini]
[2021.01.09-09.15.02:802][  0]LogConfig: Applying CVar settings from Section [/Script/Engine.StreamingSettings] File [E:/UE4_Code/04_Factory/Factorio/Saved/Config/Windows/Engine.ini]
[2021.01.09-09.15.02:802][  0]LogConfig: Setting CVar [[s.MinBulkDataSizeForAsyncLoading:131072]]
[2021.01.09-09.15.02:802][  0]LogConfig: Setting CVar [[s.AsyncLoadingThreadEnabled:0]]
[2021.01.09-09.15.02:802][  0]LogConfig: Setting CVar [[s.EventDrivenLoaderEnabled:1]]
[2021.01.09-09.15.02:802][  0]LogConfig: Setting CVar [[s.WarnIfTimeLimitExceeded:0]]
[2021.01.09-09.15.02:802][  0]LogConfig: Setting CVar [[s.TimeLimitExceededMultiplier:1.5]]
[2021.01.09-09.15.02:802][  0]LogConfig: Setting CVar [[s.TimeLimitExceededMinTime:0.005]]
[2021.01.09-09.15.02:802][  0]LogConfig: Setting CVar [[s.UseBackgroundLevelStreaming:1]]
[2021.01.09-09.15.02:802][  0]LogConfig: Setting CVar [[s.PriorityAsyncLoadingExtraTime:15.0]]
[2021.01.09-09.15.02:802][  0]LogConfig: Setting CVar [[s.LevelStreamingActorsUpdateTimeLimit:5.0]]
[2021.01.09-09.15.02:802][  0]LogConfig: Setting CVar [[s.PriorityLevelStreamingActorsUpdateExtraTime:5.0]]
[2021.01.09-09.15.02:802][  0]LogConfig: Setting CVar [[s.LevelStreamingComponentsRegistrationGranularity:10]]
[2021.01.09-09.15.02:802][  0]LogConfig: Setting CVar [[s.UnregisterComponentsTimeLimit:1.0]]
[2021.01.09-09.15.02:802][  0]LogConfig: Setting CVar [[s.LevelStreamingComponentsUnregistrationGranularity:5]]
[2021.01.09-09.15.02:802][  0]LogConfig: Setting CVar [[s.FlushStreamingOnExit:1]]
[2021.01.09-09.15.02:802][  0]LogConfig: Applying CVar settings from Section [/Script/Engine.GarbageCollectionSettings] File [E:/UE4_Code/04_Factory/Factorio/Saved/Config/Windows/Engine.ini]
[2021.01.09-09.15.02:802][  0]LogConfig: Setting CVar [[gc.MaxObjectsNotConsideredByGC:1]]
[2021.01.09-09.15.02:802][  0]LogConfig: Setting CVar [[gc.SizeOfPermanentObjectPool:0]]
[2021.01.09-09.15.02:802][  0]LogConfig: Setting CVar [[gc.FlushStreamingOnGC:0]]
[2021.01.09-09.15.02:802][  0]LogConfig: Setting CVar [[gc.NumRetriesBeforeForcingGC:10]]
[2021.01.09-09.15.02:802][  0]LogConfig: Setting CVar [[gc.AllowParallelGC:1]]
[2021.01.09-09.15.02:802][  0]LogConfig: Setting CVar [[gc.TimeBetweenPurgingPendingKillObjects:61.1]]
[2021.01.09-09.15.02:802][  0]LogConfig: Setting CVar [[gc.MaxObjectsInEditor:25165824]]
[2021.01.09-09.15.02:802][  0]LogConfig: Setting CVar [[gc.IncrementalBeginDestroyEnabled:1]]
[2021.01.09-09.15.02:802][  0]LogConfig: Setting CVar [[gc.CreateGCClusters:1]]
[2021.01.09-09.15.02:802][  0]LogConfig: Setting CVar [[gc.MinGCClusterSize:5]]
[2021.01.09-09.15.02:802][  0]LogConfig: Setting CVar [[gc.ActorClusteringEnabled:0]]
[2021.01.09-09.15.02:802][  0]LogConfig: Setting CVar [[gc.BlueprintClusteringEnabled:0]]
[2021.01.09-09.15.02:802][  0]LogConfig: Setting CVar [[gc.UseDisregardForGCOnDedicatedServers:0]]
[2021.01.09-09.15.02:802][  0]LogConfig: Applying CVar settings from Section [/Script/Engine.NetworkSettings] File [E:/UE4_Code/04_Factory/Factorio/Saved/Config/Windows/Engine.ini]
[2021.01.09-09.15.02:802][  0]LogConfig: Applying CVar settings from Section [/Script/UnrealEd.CookerSettings] File [E:/UE4_Code/04_Factory/Factorio/Saved/Config/Windows/Engine.ini]
[2021.01.09-09.15.02:812][  0]LogConfig: Applying CVar settings from Section [ViewDistanceQuality@3] File [E:/UE4_Code/04_Factory/Factorio/Saved/Config/Windows/Scalability.ini]
[2021.01.09-09.15.02:812][  0]LogConfig: Setting CVar [[r.SkeletalMeshLODBias:0]]
[2021.01.09-09.15.02:812][  0]LogConfig: Setting CVar [[r.ViewDistanceScale:1.0]]
[2021.01.09-09.15.02:812][  0]LogConfig: Applying CVar settings from Section [AntiAliasingQuality@3] File [E:/UE4_Code/04_Factory/Factorio/Saved/Config/Windows/Scalability.ini]
[2021.01.09-09.15.02:812][  0]LogConfig: Setting CVar [[r.PostProcessAAQuality:4]]
[2021.01.09-09.15.02:812][  0]LogConfig: Applying CVar settings from Section [ShadowQuality@3] File [E:/UE4_Code/04_Factory/Factorio/Saved/Config/Windows/Scalability.ini]
[2021.01.09-09.15.02:812][  0]LogConfig: Setting CVar [[r.LightFunctionQuality:1]]
[2021.01.09-09.15.02:812][  0]LogConfig: Setting CVar [[r.ShadowQuality:5]]
[2021.01.09-09.15.02:812][  0]LogConfig: Setting CVar [[r.Shadow.CSM.MaxCascades:10]]
[2021.01.09-09.15.02:812][  0]LogConfig: Setting CVar [[r.Shadow.MaxResolution:2048]]
[2021.01.09-09.15.02:812][  0]LogConfig: Setting CVar [[r.Shadow.MaxCSMResolution:2048]]
[2021.01.09-09.15.02:812][  0]LogConfig: Setting CVar [[r.Shadow.RadiusThreshold:0.01]]
[2021.01.09-09.15.02:812][  0]LogConfig: Setting CVar [[r.Shadow.DistanceScale:1.0]]
[2021.01.09-09.15.02:812][  0]LogConfig: Setting CVar [[r.Shadow.CSM.TransitionScale:1.0]]
[2021.01.09-09.15.02:812][  0]LogConfig: Setting CVar [[r.Shadow.PreShadowResolutionFactor:1.0]]
[2021.01.09-09.15.02:812][  0]LogConfig: Setting CVar [[r.DistanceFieldShadowing:1]]
[2021.01.09-09.15.02:812][  0]LogConfig: Setting CVar [[r.DistanceFieldAO:1]]
[2021.01.09-09.15.02:812][  0]LogConfig: Setting CVar [[r.AOQuality:2]]
[2021.01.09-09.15.02:812][  0]LogConfig: Setting CVar [[r.VolumetricFog:1]]
[2021.01.09-09.15.02:812][  0]LogConfig: Setting CVar [[r.VolumetricFog.GridPixelSize:8]]
[2021.01.09-09.15.02:812][  0]LogConfig: Setting CVar [[r.VolumetricFog.GridSizeZ:128]]
[2021.01.09-09.15.02:812][  0]LogConfig: Setting CVar [[r.VolumetricFog.HistoryMissSupersampleCount:4]]
[2021.01.09-09.15.02:812][  0]LogConfig: Setting CVar [[r.LightMaxDrawDistanceScale:1]]
[2021.01.09-09.15.02:812][  0]LogConfig: Setting CVar [[r.CapsuleShadows:1]]
[2021.01.09-09.15.02:812][  0]LogConfig: Applying CVar settings from Section [PostProcessQuality@3] File [E:/UE4_Code/04_Factory/Factorio/Saved/Config/Windows/Scalability.ini]
[2021.01.09-09.15.02:812][  0]LogConfig: Setting CVar [[r.MotionBlurQuality:4]]
[2021.01.09-09.15.02:812][  0]LogConfig: Setting CVar [[r.AmbientOcclusionMipLevelFactor:0.4]]
[2021.01.09-09.15.02:812][  0]LogConfig: Setting CVar [[r.AmbientOcclusionMaxQuality:100]]
[2021.01.09-09.15.02:812][  0]LogConfig: Setting CVar [[r.AmbientOcclusionLevels:-1]]
[2021.01.09-09.15.02:812][  0]LogConfig: Setting CVar [[r.AmbientOcclusionRadiusScale:1.0]]
[2021.01.09-09.15.02:812][  0]LogConfig: Setting CVar [[r.DepthOfFieldQuality:2]]
[2021.01.09-09.15.02:812][  0]LogConfig: Setting CVar [[r.RenderTargetPoolMin:400]]
[2021.01.09-09.15.02:812][  0]LogConfig: Setting CVar [[r.LensFlareQuality:2]]
[2021.01.09-09.15.02:812][  0]LogConfig: Setting CVar [[r.SceneColorFringeQuality:1]]
[2021.01.09-09.15.02:812][  0]LogConfig: Setting CVar [[r.EyeAdaptationQuality:2]]
[2021.01.09-09.15.02:812][  0]LogConfig: Setting CVar [[r.BloomQuality:5]]
[2021.01.09-09.15.02:812][  0]LogConfig: Setting CVar [[r.FastBlurThreshold:100]]
[2021.01.09-09.15.02:812][  0]LogConfig: Setting CVar [[r.Upscale.Quality:3]]
[2021.01.09-09.15.02:812][  0]LogConfig: Setting CVar [[r.Tonemapper.GrainQuantization:1]]
[2021.01.09-09.15.02:812][  0]LogConfig: Setting CVar [[r.LightShaftQuality:1]]
[2021.01.09-09.15.02:812][  0]LogConfig: Setting CVar [[r.Filter.SizeScale:1]]
[2021.01.09-09.15.02:812][  0]LogConfig: Setting CVar [[r.Tonemapper.Quality:5]]
[2021.01.09-09.15.02:812][  0]LogConfig: Setting CVar [[r.DOF.Gather.AccumulatorQuality:1        ; higher gathering accumulator quality]]
[2021.01.09-09.15.02:812][  0]LogConfig: Setting CVar [[r.DOF.Gather.PostfilterMethod:1          ; Median3x3 postfilering method]]
[2021.01.09-09.15.02:812][  0]LogConfig: Setting CVar [[r.DOF.Gather.EnableBokehSettings:0       ; no bokeh simulation when gathering]]
[2021.01.09-09.15.02:812][  0]LogConfig: Setting CVar [[r.DOF.Gather.RingCount:4                 ; medium number of samples when gathering]]
[2021.01.09-09.15.02:812][  0]LogConfig: Setting CVar [[r.DOF.Scatter.ForegroundCompositing:1    ; additive foreground scattering]]
[2021.01.09-09.15.02:812][  0]LogConfig: Setting CVar [[r.DOF.Scatter.BackgroundCompositing:2    ; additive background scattering]]
[2021.01.09-09.15.02:812][  0]LogConfig: Setting CVar [[r.DOF.Scatter.EnableBokehSettings:1      ; bokeh simulation when scattering]]
[2021.01.09-09.15.02:812][  0]LogConfig: Setting CVar [[r.DOF.Scatter.MaxSpriteRatio:0.1         ; only a maximum of 10% of scattered bokeh]]
[2021.01.09-09.15.02:812][  0]LogConfig: Setting CVar [[r.DOF.Recombine.Quality:1                ; cheap slight out of focus]]
[2021.01.09-09.15.02:812][  0]LogConfig: Setting CVar [[r.DOF.Recombine.EnableBokehSettings:0    ; no bokeh simulation on slight out of focus]]
[2021.01.09-09.15.02:812][  0]LogConfig: Setting CVar [[r.DOF.TemporalAAQuality:1                ; more stable temporal accumulation]]
[2021.01.09-09.15.02:812][  0]LogConfig: Setting CVar [[r.DOF.Kernel.MaxForegroundRadius:0.025]]
[2021.01.09-09.15.02:812][  0]LogConfig: Setting CVar [[r.DOF.Kernel.MaxBackgroundRadius:0.025]]
[2021.01.09-09.15.02:812][  0]LogConfig: Applying CVar settings from Section [TextureQuality@3] File [E:/UE4_Code/04_Factory/Factorio/Saved/Config/Windows/Scalability.ini]
[2021.01.09-09.15.02:812][  0]LogConfig: Setting CVar [[r.Streaming.MipBias:0]]
[2021.01.09-09.15.02:812][  0]LogConfig: Setting CVar [[r.Streaming.AmortizeCPUToGPUCopy:0]]
[2021.01.09-09.15.02:812][  0]LogConfig: Setting CVar [[r.Streaming.MaxNumTexturesToStreamPerFrame:0]]
[2021.01.09-09.15.02:812][  0]LogConfig: Setting CVar [[r.Streaming.Boost:1]]
[2021.01.09-09.15.02:813][  0]LogConfig: Setting CVar [[r.MaxAnisotropy:8]]
[2021.01.09-09.15.02:813][  0]LogConfig: Setting CVar [[r.VT.MaxAnisotropy:8]]
[2021.01.09-09.15.02:813][  0]LogConfig: Setting CVar [[r.Streaming.LimitPoolSizeToVRAM:0]]
[2021.01.09-09.15.02:813][  0]LogConfig: Setting CVar [[r.Streaming.PoolSize:1000]]
[2021.01.09-09.15.02:813][  0]LogConfig: Setting CVar [[r.Streaming.MaxEffectiveScreenSize:0]]
[2021.01.09-09.15.02:813][  0]LogConfig: Applying CVar settings from Section [EffectsQuality@3] File [E:/UE4_Code/04_Factory/Factorio/Saved/Config/Windows/Scalability.ini]
[2021.01.09-09.15.02:813][  0]LogConfig: Setting CVar [[r.TranslucencyLightingVolumeDim:64]]
[2021.01.09-09.15.02:813][  0]LogConfig: Setting CVar [[r.RefractionQuality:2]]
[2021.01.09-09.15.02:813][  0]LogConfig: Setting CVar [[r.SSR.Quality:3]]
[2021.01.09-09.15.02:813][  0]LogConfig: Setting CVar [[r.SSR.HalfResSceneColor:0]]
[2021.01.09-09.15.02:813][  0]LogConfig: Setting CVar [[r.SceneColorFormat:4]]
[2021.01.09-09.15.02:813][  0]LogConfig: Setting CVar [[r.DetailMode:2]]
[2021.01.09-09.15.02:813][  0]LogConfig: Setting CVar [[r.TranslucencyVolumeBlur:1]]
[2021.01.09-09.15.02:813][  0]LogConfig: Setting CVar [[r.MaterialQualityLevel:1 ; High quality]]
[2021.01.09-09.15.02:813][  0]LogConfig: Setting CVar [[r.SSS.Scale:1]]
[2021.01.09-09.15.02:813][  0]LogConfig: Setting CVar [[r.SSS.SampleSet:2]]
[2021.01.09-09.15.02:813][  0]LogConfig: Setting CVar [[r.SSS.Quality:1]]
[2021.01.09-09.15.02:813][  0]LogConfig: Setting CVar [[r.SSS.HalfRes:0]]
[2021.01.09-09.15.02:813][  0]LogConfig: Setting CVar [[r.SSGI.Quality:3]]
[2021.01.09-09.15.02:813][  0]LogConfig: Setting CVar [[r.EmitterSpawnRateScale:1.0]]
[2021.01.09-09.15.02:813][  0]LogConfig: Setting CVar [[r.ParticleLightQuality:2]]
[2021.01.09-09.15.02:813][  0]LogConfig: Setting CVar [[r.SkyAtmosphere.AerialPerspectiveLUT.FastApplyOnOpaque:1 ; Always have FastSkyLUT 1 in this case to avoid wrong sky]]
[2021.01.09-09.15.02:813][  0]LogConfig: Setting CVar [[r.SkyAtmosphere.AerialPerspectiveLUT.SampleCountPerSlice:1]]
[2021.01.09-09.15.02:813][  0]LogConfig: Setting CVar [[r.SkyAtmosphere.AerialPerspectiveLUT.DepthResolution:16.0]]
[2021.01.09-09.15.02:813][  0]LogConfig: Setting CVar [[r.SkyAtmosphere.FastSkyLUT:1]]
[2021.01.09-09.15.02:813][  0]LogConfig: Setting CVar [[r.SkyAtmosphere.FastSkyLUT.SampleCountMin:4.0]]
[2021.01.09-09.15.02:813][  0]LogConfig: Setting CVar [[r.SkyAtmosphere.FastSkyLUT.SampleCountMax:32.0]]
[2021.01.09-09.15.02:813][  0]LogConfig: Setting CVar [[r.SkyAtmosphere.SampleCountMin:4.0]]
[2021.01.09-09.15.02:813][  0]LogConfig: Setting CVar [[r.SkyAtmosphere.SampleCountMax:32.0]]
[2021.01.09-09.15.02:813][  0]LogConfig: Setting CVar [[r.SkyAtmosphere.TransmittanceLUT.UseSmallFormat:0]]
[2021.01.09-09.15.02:813][  0]LogConfig: Setting CVar [[r.SkyAtmosphere.TransmittanceLUT.SampleCount:10.0]]
[2021.01.09-09.15.02:813][  0]LogConfig: Setting CVar [[r.SkyAtmosphere.MultiScatteringLUT.SampleCount:15.0]]
[2021.01.09-09.15.02:813][  0]LogConfig: Applying CVar settings from Section [FoliageQuality@3] File [E:/UE4_Code/04_Factory/Factorio/Saved/Config/Windows/Scalability.ini]
[2021.01.09-09.15.02:813][  0]LogConfig: Setting CVar [[foliage.DensityScale:1.0]]
[2021.01.09-09.15.02:813][  0]LogConfig: Setting CVar [[grass.DensityScale:1.0]]
[2021.01.09-09.15.02:813][  0]LogConfig: Applying CVar settings from Section [ShadingQuality@3] File [E:/UE4_Code/04_Factory/Factorio/Saved/Config/Windows/Scalability.ini]
[2021.01.09-09.15.02:813][  0]LogConfig: Setting CVar [[r.HairStrands.SkyLighting.SampleCount:16]]
[2021.01.09-09.15.02:813][  0]LogConfig: Setting CVar [[r.HairStrands.SkyLighting.JitterIntegration:0]]
[2021.01.09-09.15.02:813][  0]LogConfig: Setting CVar [[r.HairStrands.SkyAO.SampleCount:16]]
[2021.01.09-09.15.02:813][  0]LogConfig: Setting CVar [[r.HairStrands.DeepShadow.SuperSampling:0]]
[2021.01.09-09.15.02:813][  0]LogConfig: Setting CVar [[r.HairStrands.VisibilityPPLL:0]]
[2021.01.09-09.15.02:813][  0]LogConfig: Setting CVar [[r.HairStrands.RasterizationScale:0.5]]
[2021.01.09-09.15.02:813][  0]LogConfig: Setting CVar [[r.HairStrands.VelocityRasterizationScale:1]]
[2021.01.09-09.15.02:813][  0]LogInit: Selected Device Profile: [Windows]
[2021.01.09-09.15.02:813][  0]LogInit: Applying CVar settings loaded from the selected device profile: [Windows]
[2021.01.09-09.15.02:814][  0]LogHAL: Display: Platform has ~ 16 GB [17042640896 / 17179869184 / 16], which maps to Larger [LargestMinGB=32, LargerMinGB=12, DefaultMinGB=8, SmallerMinGB=6, SmallestMinGB=0)
[2021.01.09-09.15.02:814][  0]LogInit: Going up to parent DeviceProfile []
[2021.01.09-09.15.02:814][  0]LogConfig: Applying CVar settings from Section [ViewDistanceQuality@3] File [E:/UE4_Code/04_Factory/Factorio/Saved/Config/Windows/Scalability.ini]
[2021.01.09-09.15.02:814][  0]LogConfig: Setting CVar [[r.SkeletalMeshLODBias:0]]
[2021.01.09-09.15.02:814][  0]LogConfig: Setting CVar [[r.ViewDistanceScale:1.0]]
[2021.01.09-09.15.02:814][  0]LogConfig: Applying CVar settings from Section [AntiAliasingQuality@3] File [E:/UE4_Code/04_Factory/Factorio/Saved/Config/Windows/Scalability.ini]
[2021.01.09-09.15.02:814][  0]LogConfig: Setting CVar [[r.PostProcessAAQuality:4]]
[2021.01.09-09.15.02:814][  0]LogConfig: Applying CVar settings from Section [ShadowQuality@3] File [E:/UE4_Code/04_Factory/Factorio/Saved/Config/Windows/Scalability.ini]
[2021.01.09-09.15.02:814][  0]LogConfig: Setting CVar [[r.LightFunctionQuality:1]]
[2021.01.09-09.15.02:814][  0]LogConfig: Setting CVar [[r.ShadowQuality:5]]
[2021.01.09-09.15.02:814][  0]LogConfig: Setting CVar [[r.Shadow.CSM.MaxCascades:10]]
[2021.01.09-09.15.02:814][  0]LogConfig: Setting CVar [[r.Shadow.MaxResolution:2048]]
[2021.01.09-09.15.02:814][  0]LogConfig: Setting CVar [[r.Shadow.MaxCSMResolution:2048]]
[2021.01.09-09.15.02:814][  0]LogConfig: Setting CVar [[r.Shadow.RadiusThreshold:0.01]]
[2021.01.09-09.15.02:814][  0]LogConfig: Setting CVar [[r.Shadow.DistanceScale:1.0]]
[2021.01.09-09.15.02:814][  0]LogConfig: Setting CVar [[r.Shadow.CSM.TransitionScale:1.0]]
[2021.01.09-09.15.02:814][  0]LogConfig: Setting CVar [[r.Shadow.PreShadowResolutionFactor:1.0]]
[2021.01.09-09.15.02:814][  0]LogConfig: Setting CVar [[r.DistanceFieldShadowing:1]]
[2021.01.09-09.15.02:814][  0]LogConfig: Setting CVar [[r.DistanceFieldAO:1]]
[2021.01.09-09.15.02:814][  0]LogConfig: Setting CVar [[r.AOQuality:2]]
[2021.01.09-09.15.02:814][  0]LogConfig: Setting CVar [[r.VolumetricFog:1]]
[2021.01.09-09.15.02:814][  0]LogConfig: Setting CVar [[r.VolumetricFog.GridPixelSize:8]]
[2021.01.09-09.15.02:814][  0]LogConfig: Setting CVar [[r.VolumetricFog.GridSizeZ:128]]
[2021.01.09-09.15.02:814][  0]LogConfig: Setting CVar [[r.VolumetricFog.HistoryMissSupersampleCount:4]]
[2021.01.09-09.15.02:814][  0]LogConfig: Setting CVar [[r.LightMaxDrawDistanceScale:1]]
[2021.01.09-09.15.02:814][  0]LogConfig: Setting CVar [[r.CapsuleShadows:1]]
[2021.01.09-09.15.02:814][  0]LogConfig: Applying CVar settings from Section [PostProcessQuality@3] File [E:/UE4_Code/04_Factory/Factorio/Saved/Config/Windows/Scalability.ini]
[2021.01.09-09.15.02:814][  0]LogConfig: Setting CVar [[r.MotionBlurQuality:4]]
[2021.01.09-09.15.02:814][  0]LogConfig: Setting CVar [[r.AmbientOcclusionMipLevelFactor:0.4]]
[2021.01.09-09.15.02:814][  0]LogConfig: Setting CVar [[r.AmbientOcclusionMaxQuality:100]]
[2021.01.09-09.15.02:814][  0]LogConfig: Setting CVar [[r.AmbientOcclusionLevels:-1]]
[2021.01.09-09.15.02:814][  0]LogConfig: Setting CVar [[r.AmbientOcclusionRadiusScale:1.0]]
[2021.01.09-09.15.02:814][  0]LogConfig: Setting CVar [[r.DepthOfFieldQuality:2]]
[2021.01.09-09.15.02:814][  0]LogConfig: Setting CVar [[r.RenderTargetPoolMin:400]]
[2021.01.09-09.15.02:814][  0]LogConfig: Setting CVar [[r.LensFlareQuality:2]]
[2021.01.09-09.15.02:814][  0]LogConfig: Setting CVar [[r.SceneColorFringeQuality:1]]
[2021.01.09-09.15.02:814][  0]LogConfig: Setting CVar [[r.EyeAdaptationQuality:2]]
[2021.01.09-09.15.02:814][  0]LogConfig: Setting CVar [[r.BloomQuality:5]]
[2021.01.09-09.15.02:814][  0]LogConfig: Setting CVar [[r.FastBlurThreshold:100]]
[2021.01.09-09.15.02:814][  0]LogConfig: Setting CVar [[r.Upscale.Quality:3]]
[2021.01.09-09.15.02:814][  0]LogConfig: Setting CVar [[r.Tonemapper.GrainQuantization:1]]
[2021.01.09-09.15.02:814][  0]LogConfig: Setting CVar [[r.LightShaftQuality:1]]
[2021.01.09-09.15.02:814][  0]LogConfig: Setting CVar [[r.Filter.SizeScale:1]]
[2021.01.09-09.15.02:814][  0]LogConfig: Setting CVar [[r.Tonemapper.Quality:5]]
[2021.01.09-09.15.02:814][  0]LogConfig: Setting CVar [[r.DOF.Gather.AccumulatorQuality:1        ; higher gathering accumulator quality]]
[2021.01.09-09.15.02:814][  0]LogConfig: Setting CVar [[r.DOF.Gather.PostfilterMethod:1          ; Median3x3 postfilering method]]
[2021.01.09-09.15.02:814][  0]LogConfig: Setting CVar [[r.DOF.Gather.EnableBokehSettings:0       ; no bokeh simulation when gathering]]
[2021.01.09-09.15.02:814][  0]LogConfig: Setting CVar [[r.DOF.Gather.RingCount:4                 ; medium number of samples when gathering]]
[2021.01.09-09.15.02:814][  0]LogConfig: Setting CVar [[r.DOF.Scatter.ForegroundCompositing:1    ; additive foreground scattering]]
[2021.01.09-09.15.02:814][  0]LogConfig: Setting CVar [[r.DOF.Scatter.BackgroundCompositing:2    ; additive background scattering]]
[2021.01.09-09.15.02:814][  0]LogConfig: Setting CVar [[r.DOF.Scatter.EnableBokehSettings:1      ; bokeh simulation when scattering]]
[2021.01.09-09.15.02:814][  0]LogConfig: Setting CVar [[r.DOF.Scatter.MaxSpriteRatio:0.1         ; only a maximum of 10% of scattered bokeh]]
[2021.01.09-09.15.02:814][  0]LogConfig: Setting CVar [[r.DOF.Recombine.Quality:1                ; cheap slight out of focus]]
[2021.01.09-09.15.02:814][  0]LogConfig: Setting CVar [[r.DOF.Recombine.EnableBokehSettings:0    ; no bokeh simulation on slight out of focus]]
[2021.01.09-09.15.02:814][  0]LogConfig: Setting CVar [[r.DOF.TemporalAAQuality:1                ; more stable temporal accumulation]]
[2021.01.09-09.15.02:814][  0]LogConfig: Setting CVar [[r.DOF.Kernel.MaxForegroundRadius:0.025]]
[2021.01.09-09.15.02:814][  0]LogConfig: Setting CVar [[r.DOF.Kernel.MaxBackgroundRadius:0.025]]
[2021.01.09-09.15.02:814][  0]LogConfig: Applying CVar settings from Section [TextureQuality@3] File [E:/UE4_Code/04_Factory/Factorio/Saved/Config/Windows/Scalability.ini]
[2021.01.09-09.15.02:814][  0]LogConfig: Setting CVar [[r.Streaming.MipBias:0]]
[2021.01.09-09.15.02:814][  0]LogConfig: Setting CVar [[r.Streaming.AmortizeCPUToGPUCopy:0]]
[2021.01.09-09.15.02:814][  0]LogConfig: Setting CVar [[r.Streaming.MaxNumTexturesToStreamPerFrame:0]]
[2021.01.09-09.15.02:814][  0]LogConfig: Setting CVar [[r.Streaming.Boost:1]]
[2021.01.09-09.15.02:814][  0]LogConfig: Setting CVar [[r.MaxAnisotropy:8]]
[2021.01.09-09.15.02:814][  0]LogConfig: Setting CVar [[r.VT.MaxAnisotropy:8]]
[2021.01.09-09.15.02:814][  0]LogConfig: Setting CVar [[r.Streaming.LimitPoolSizeToVRAM:0]]
[2021.01.09-09.15.02:814][  0]LogConfig: Setting CVar [[r.Streaming.PoolSize:1000]]
[2021.01.09-09.15.02:814][  0]LogConfig: Setting CVar [[r.Streaming.MaxEffectiveScreenSize:0]]
[2021.01.09-09.15.02:814][  0]LogConfig: Applying CVar settings from Section [EffectsQuality@3] File [E:/UE4_Code/04_Factory/Factorio/Saved/Config/Windows/Scalability.ini]
[2021.01.09-09.15.02:814][  0]LogConfig: Setting CVar [[r.TranslucencyLightingVolumeDim:64]]
[2021.01.09-09.15.02:814][  0]LogConfig: Setting CVar [[r.RefractionQuality:2]]
[2021.01.09-09.15.02:815][  0]LogConfig: Setting CVar [[r.SSR.Quality:3]]
[2021.01.09-09.15.02:815][  0]LogConfig: Setting CVar [[r.SSR.HalfResSceneColor:0]]
[2021.01.09-09.15.02:815][  0]LogConfig: Setting CVar [[r.SceneColorFormat:4]]
[2021.01.09-09.15.02:815][  0]LogConfig: Setting CVar [[r.DetailMode:2]]
[2021.01.09-09.15.02:815][  0]LogConfig: Setting CVar [[r.TranslucencyVolumeBlur:1]]
[2021.01.09-09.15.02:815][  0]LogConfig: Setting CVar [[r.MaterialQualityLevel:1 ; High quality]]
[2021.01.09-09.15.02:815][  0]LogConfig: Setting CVar [[r.SSS.Scale:1]]
[2021.01.09-09.15.02:815][  0]LogConfig: Setting CVar [[r.SSS.SampleSet:2]]
[2021.01.09-09.15.02:815][  0]LogConfig: Setting CVar [[r.SSS.Quality:1]]
[2021.01.09-09.15.02:815][  0]LogConfig: Setting CVar [[r.SSS.HalfRes:0]]
[2021.01.09-09.15.02:815][  0]LogConfig: Setting CVar [[r.SSGI.Quality:3]]
[2021.01.09-09.15.02:815][  0]LogConfig: Setting CVar [[r.EmitterSpawnRateScale:1.0]]
[2021.01.09-09.15.02:815][  0]LogConfig: Setting CVar [[r.ParticleLightQuality:2]]
[2021.01.09-09.15.02:815][  0]LogConfig: Setting CVar [[r.SkyAtmosphere.AerialPerspectiveLUT.FastApplyOnOpaque:1 ; Always have FastSkyLUT 1 in this case to avoid wrong sky]]
[2021.01.09-09.15.02:815][  0]LogConfig: Setting CVar [[r.SkyAtmosphere.AerialPerspectiveLUT.SampleCountPerSlice:1]]
[2021.01.09-09.15.02:815][  0]LogConfig: Setting CVar [[r.SkyAtmosphere.AerialPerspectiveLUT.DepthResolution:16.0]]
[2021.01.09-09.15.02:815][  0]LogConfig: Setting CVar [[r.SkyAtmosphere.FastSkyLUT:1]]
[2021.01.09-09.15.02:815][  0]LogConfig: Setting CVar [[r.SkyAtmosphere.FastSkyLUT.SampleCountMin:4.0]]
[2021.01.09-09.15.02:815][  0]LogConfig: Setting CVar [[r.SkyAtmosphere.FastSkyLUT.SampleCountMax:32.0]]
[2021.01.09-09.15.02:815][  0]LogConfig: Setting CVar [[r.SkyAtmosphere.SampleCountMin:4.0]]
[2021.01.09-09.15.02:815][  0]LogConfig: Setting CVar [[r.SkyAtmosphere.SampleCountMax:32.0]]
[2021.01.09-09.15.02:815][  0]LogConfig: Setting CVar [[r.SkyAtmosphere.TransmittanceLUT.UseSmallFormat:0]]
[2021.01.09-09.15.02:815][  0]LogConfig: Setting CVar [[r.SkyAtmosphere.TransmittanceLUT.SampleCount:10.0]]
[2021.01.09-09.15.02:815][  0]LogConfig: Setting CVar [[r.SkyAtmosphere.MultiScatteringLUT.SampleCount:15.0]]
[2021.01.09-09.15.02:815][  0]LogConfig: Applying CVar settings from Section [FoliageQuality@3] File [E:/UE4_Code/04_Factory/Factorio/Saved/Config/Windows/Scalability.ini]
[2021.01.09-09.15.02:815][  0]LogConfig: Setting CVar [[foliage.DensityScale:1.0]]
[2021.01.09-09.15.02:815][  0]LogConfig: Setting CVar [[grass.DensityScale:1.0]]
[2021.01.09-09.15.02:815][  0]LogConfig: Applying CVar settings from Section [ShadingQuality@3] File [E:/UE4_Code/04_Factory/Factorio/Saved/Config/Windows/Scalability.ini]
[2021.01.09-09.15.02:815][  0]LogConfig: Setting CVar [[r.HairStrands.SkyLighting.SampleCount:16]]
[2021.01.09-09.15.02:815][  0]LogConfig: Setting CVar [[r.HairStrands.SkyLighting.JitterIntegration:0]]
[2021.01.09-09.15.02:815][  0]LogConfig: Setting CVar [[r.HairStrands.SkyAO.SampleCount:16]]
[2021.01.09-09.15.02:815][  0]LogConfig: Setting CVar [[r.HairStrands.DeepShadow.SuperSampling:0]]
[2021.01.09-09.15.02:815][  0]LogConfig: Setting CVar [[r.HairStrands.VisibilityPPLL:0]]
[2021.01.09-09.15.02:815][  0]LogConfig: Setting CVar [[r.HairStrands.RasterizationScale:0.5]]
[2021.01.09-09.15.02:815][  0]LogConfig: Setting CVar [[r.HairStrands.VelocityRasterizationScale:1]]
[2021.01.09-09.15.02:815][  0]LogConfig: Applying CVar settings from Section [Startup] File [../../../Engine/Config/ConsoleVariables.ini]
[2021.01.09-09.15.02:815][  0]LogConfig: Setting CVar [[net.UseAdaptiveNetUpdateFrequency:0]]
[2021.01.09-09.15.02:815][  0]LogConfig: Setting CVar [[p.chaos.AllowCreatePhysxBodies:1]]
[2021.01.09-09.15.02:815][  0]LogConfig: Setting CVar [[fx.SkipVectorVMBackendOptimizations:1]]
[2021.01.09-09.15.02:815][  0]LogConfig: Applying CVar settings from Section [ConsoleVariables] File [E:/UE4_Code/04_Factory/Factorio/Saved/Config/Windows/Engine.ini]
[2021.01.09-09.15.02:815][  0]LogInit: Computer: SURIBA
[2021.01.09-09.15.02:815][  0]LogInit: User: Serbia
[2021.01.09-09.15.02:816][  0]LogInit: CPU Page size=4096, Cores=4
[2021.01.09-09.15.02:816][  0]LogInit: High frequency timer resolution =2.835934 MHz
[2021.01.09-09.15.02:816][  0]LogMemory: Memory total: Physical=15.9GB (16GB approx)
[2021.01.09-09.15.02:816][  0]LogMemory: Platform Memory Stats for Windows
[2021.01.09-09.15.02:816][  0]LogMemory: Process Physical Memory: 121.46 MB used, 121.46 MB peak
[2021.01.09-09.15.02:816][  0]LogMemory: Process Virtual Memory: 109.52 MB used, 109.52 MB peak
[2021.01.09-09.15.02:816][  0]LogMemory: Physical Memory: 7858.73 MB used,  8394.40 MB free, 16253.13 MB total
[2021.01.09-09.15.02:816][  0]LogMemory: Virtual Memory: 5188.60 MB used,  134212536.00 MB free, 134217728.00 MB total
[2021.01.09-09.15.02:826][  0]LogWindows: WindowsPlatformFeatures enabled
[2021.01.09-09.15.02:904][  0]LogInit: Physics initialised using underlying interface: PhysX
[2021.01.09-09.15.02:904][  0]LogInit: Overriding language with editor language configuration option (zh-Hans).
[2021.01.09-09.15.02:904][  0]LogInit: Overriding locale with editor culture configuration option ().
[2021.01.09-09.15.02:905][  0]LogInit: Using OS detected locale (zh-CN).
[2021.01.09-09.15.03:220][  0]LogTextLocalizationResource: LocRes '../../../Engine/Content/Localization/Editor/zh/Editor.locres' could not be opened for reading!
[2021.01.09-09.15.03:220][  0]LogTextLocalizationResource: LocRes '../../../Engine/Content/Localization/EditorTutorials/zh/EditorTutorials.locres' could not be opened for reading!
[2021.01.09-09.15.03:220][  0]LogTextLocalizationResource: LocRes '../../../Engine/Content/Localization/Keywords/zh/Keywords.locres' could not be opened for reading!
[2021.01.09-09.15.03:220][  0]LogTextLocalizationResource: LocRes '../../../Engine/Content/Localization/Category/zh/Category.locres' could not be opened for reading!
[2021.01.09-09.15.03:220][  0]LogTextLocalizationResource: LocRes '../../../Engine/Content/Localization/ToolTips/zh/ToolTips.locres' could not be opened for reading!
[2021.01.09-09.15.03:220][  0]LogTextLocalizationResource: LocRes '../../../Engine/Content/Localization/PropertyNames/zh/PropertyNames.locres' could not be opened for reading!
[2021.01.09-09.15.03:220][  0]LogTextLocalizationResource: LocRes '../../../Engine/Content/Localization/Engine/zh/Engine.locres' could not be opened for reading!
[2021.01.09-09.15.03:220][  0]LogTextLocalizationResource: LocRes '../../../Engine/Plugins/Online/Android/OnlineSubsystemGooglePlay/Content/Localization/OnlineSubsystemGooglePlay/zh/OnlineSubsystemGooglePlay.locres' could not be opened for reading!
[2021.01.09-09.15.03:220][  0]LogTextLocalizationResource: LocRes '../../../Engine/Plugins/Online/IOS/OnlineSubsystemIOS/Content/Localization/OnlineSubsystemIOS/zh/OnlineSubsystemIOS.locres' could not be opened for reading!
[2021.01.09-09.15.03:220][  0]LogTextLocalizationResource: LocRes '../../../Engine/Plugins/Online/OnlineSubsystem/Content/Localization/OnlineSubsystem/zh/OnlineSubsystem.locres' could not be opened for reading!
[2021.01.09-09.15.03:220][  0]LogTextLocalizationResource: LocRes '../../../Engine/Plugins/Online/OnlineSubsystemUtils/Content/Localization/OnlineSubsystemUtils/zh/OnlineSubsystemUtils.locres' could not be opened for reading!
[2021.01.09-09.15.03:277][  0]LogInit: Setting process to per monitor DPI aware
[2021.01.09-09.15.03:389][  0]LogSlate: New Slate User Created.  User Index 0, Is Virtual User: 0
[2021.01.09-09.15.03:389][  0]LogSlate: Slate User Registered.  User Index 0, Is Virtual User: 0
[2021.01.09-09.15.07:138][  0]LogHMD: Failed to initialize OpenVR with code 102
[2021.01.09-09.15.07:138][  0]LogD3D11RHI: D3D11 min allowed feature level: 11_0
[2021.01.09-09.15.07:138][  0]LogD3D11RHI: D3D11 max allowed feature level: 11_0
[2021.01.09-09.15.07:138][  0]LogD3D11RHI: D3D11 adapters:
[2021.01.09-09.15.07:231][  0]LogD3D11RHI:    0. 'NVIDIA GeForce GTX 1070' (Feature Level 11_0)
[2021.01.09-09.15.07:231][  0]LogD3D11RHI:       8081/0/8126 MB DedicatedVideo/DedicatedSystem/SharedSystem, Outputs:2, VendorId:0x10de
[2021.01.09-09.15.07:901][  0]LogD3D11RHI:    1. 'Intel(R) HD Graphics 630' (Feature Level 11_0)
[2021.01.09-09.15.07:901][  0]LogD3D11RHI:       128/0/8126 MB DedicatedVideo/DedicatedSystem/SharedSystem, Outputs:0, VendorId:0x8086
[2021.01.09-09.15.07:902][  0]LogD3D11RHI:    2. 'Microsoft Basic Render Driver' (Feature Level 11_0)
[2021.01.09-09.15.07:902][  0]LogD3D11RHI:       0/0/8126 MB DedicatedVideo/DedicatedSystem/SharedSystem, Outputs:0, VendorId:0x1414
[2021.01.09-09.15.07:905][  0]LogD3D11RHI:    3. 'Microsoft Basic Render Driver' (Feature Level 11_0)
[2021.01.09-09.15.07:905][  0]LogD3D11RHI:       0/0/8126 MB DedicatedVideo/DedicatedSystem/SharedSystem, Outputs:0, VendorId:0x1414
[2021.01.09-09.15.07:905][  0]LogD3D11RHI: Chosen D3D11 Adapter: 0
[2021.01.09-09.15.07:914][  0]LogD3D11RHI: Creating new Direct3DDevice
[2021.01.09-09.15.07:915][  0]LogD3D11RHI:     GPU DeviceId: 0x1be1 (for the marketing name, search the web for "GPU Device Id")
[2021.01.09-09.15.07:915][  0]LogWindows: EnumDisplayDevices:
[2021.01.09-09.15.07:915][  0]LogWindows:    0. 'NVIDIA GeForce GTX 1070' (P:1 D:1)
[2021.01.09-09.15.07:915][  0]LogWindows:    1. 'NVIDIA GeForce GTX 1070' (P:0 D:1)
[2021.01.09-09.15.07:915][  0]LogWindows:    2. 'NVIDIA GeForce GTX 1070' (P:0 D:0)
[2021.01.09-09.15.07:916][  0]LogWindows:    3. 'NVIDIA GeForce GTX 1070' (P:0 D:0)
[2021.01.09-09.15.07:916][  0]LogWindows:    4. 'Intel(R) HD Graphics 630' (P:0 D:0)
[2021.01.09-09.15.07:916][  0]LogWindows:    5. 'Intel(R) HD Graphics 630' (P:0 D:0)
[2021.01.09-09.15.07:916][  0]LogWindows:    6. 'Intel(R) HD Graphics 630' (P:0 D:0)
[2021.01.09-09.15.07:917][  0]LogWindows:    7. 'LuminonCore IDDCX Adapter' (P:0 D:0)
[2021.01.09-09.15.07:917][  0]LogWindows:    8. 'LuminonCore IDDCX Adapter' (P:0 D:0)
[2021.01.09-09.15.07:917][  0]LogWindows:    9. 'LuminonCore IDDCX Adapter' (P:0 D:0)
[2021.01.09-09.15.07:917][  0]LogWindows:    10. 'LuminonCore IDDCX Adapter' (P:0 D:0)
[2021.01.09-09.15.07:918][  0]LogWindows:    11. 'LuminonCore IDDCX Adapter' (P:0 D:0)
[2021.01.09-09.15.07:918][  0]LogWindows:    12. 'LuminonCore IDDCX Adapter' (P:0 D:0)
[2021.01.09-09.15.07:918][  0]LogWindows:    13. 'LuminonCore IDDCX Adapter' (P:0 D:0)
[2021.01.09-09.15.07:918][  0]LogWindows:    14. 'LuminonCore IDDCX Adapter' (P:0 D:0)
[2021.01.09-09.15.07:918][  0]LogWindows:    15. 'LuminonCore IDDCX Adapter' (P:0 D:0)
[2021.01.09-09.15.07:919][  0]LogWindows:    16. 'LuminonCore IDDCX Adapter' (P:0 D:0)
[2021.01.09-09.15.07:920][  0]LogWindows:    17. 'LuminonCore IDDCX Adapter' (P:0 D:0)
[2021.01.09-09.15.07:921][  0]LogWindows:    18. 'LuminonCore IDDCX Adapter' (P:0 D:0)
[2021.01.09-09.15.07:921][  0]LogWindows:    19. 'LuminonCore IDDCX Adapter' (P:0 D:0)
[2021.01.09-09.15.07:922][  0]LogWindows:    20. 'LuminonCore IDDCX Adapter' (P:0 D:0)
[2021.01.09-09.15.07:922][  0]LogWindows:    21. 'LuminonCore IDDCX Adapter' (P:0 D:0)
[2021.01.09-09.15.07:923][  0]LogWindows:    22. 'LuminonCore IDDCX Adapter' (P:0 D:0)
[2021.01.09-09.15.07:923][  0]LogWindows: DebugString: PrimaryIsNotTheChoosenAdapter PrimaryIsNotTheChoosenAdapter PrimaryIsNotTheChoosenAdapter GetVideoDriverDetailsInvalid PrimaryIsNotTheChoosenAdapter GetVideoDriverDetailsInvalid PrimaryIsNotTheChoosenAdapter GetVideoDriverDetailsInvalid PrimaryIsNotTheChoosenAdapter GetVideoDriverDetailsInvalid PrimaryIsNotTheChoosenAdapter GetVideoDriverDetailsInvalid PrimaryIsNotTheChoosenAdapter GetVideoDriverDetailsInvalid PrimaryIsNotTheChoosenAdapter GetVideoDriverDetailsInvalid PrimaryIsNotTheChoosenAdapter GetVideoDriverDetailsInvalid PrimaryIsNotTheChoosenAdapter GetVideoDriverDetailsInvalid PrimaryIsNotTheChoosenAdapter GetVideoDriverDetailsInvalid PrimaryIsNotTheChoosenAdapter GetVideoDriverDetailsInvalid PrimaryIsNotTheChoosenAdapter GetVideoDriverDetailsInvalid PrimaryIsNotTheChoosenAdapter GetVideoDriverDetailsInvalid PrimaryIsNotTheChoosenAdapter GetVideoDriverDetailsInvalid PrimaryIsNotTheChoosenAdapter GetVideoDriverDetailsInvalid PrimaryIsNotTheChoosenAdapter GetVideoDriverDetailsInvalid PrimaryIsNotTheChoosenAdapter FoundDriverCount:4 
[2021.01.09-09.15.07:923][  0]LogD3D11RHI:     Adapter Name: NVIDIA GeForce GTX 1070
[2021.01.09-09.15.07:923][  0]LogD3D11RHI:   Driver Version: 460.79 (internal:27.21.14.6079, unified:460.79)
[2021.01.09-09.15.07:923][  0]LogD3D11RHI:      Driver Date: 12-3-2020
[2021.01.09-09.15.07:923][  0]LogRHI: Texture pool is 5656 MB (70% of 8081 MB)
[2021.01.09-09.15.07:989][  0]LogD3D11RHI: RHI has support for 64 bit atomics
[2021.01.09-09.15.07:989][  0]LogD3D11RHI: Async texture creation enabled
[2021.01.09-09.15.07:989][  0]LogD3D11RHI: Array index from any shader is supported
[2021.01.09-09.15.08:062][  0]LogD3D11RHI: GPU Timing Frequency: 1000.000000 (Debug: 2 1)
[2021.01.09-09.15.08:436][  0]LogTargetPlatformManager: Display: Loaded TargetPlatform 'AllDesktop'
[2021.01.09-09.15.08:458][  0]LogTargetPlatformManager: Display: Loaded TargetPlatform 'Android'
[2021.01.09-09.15.08:458][  0]LogTargetPlatformManager: Display: Loaded TargetPlatform 'Android_ASTC'
[2021.01.09-09.15.08:458][  0]LogTargetPlatformManager: Display: Loaded TargetPlatform 'Android_DXT'
[2021.01.09-09.15.08:458][  0]LogTargetPlatformManager: Display: Loaded TargetPlatform 'Android_ETC2'
[2021.01.09-09.15.08:458][  0]LogTargetPlatformManager: Display: Loaded TargetPlatform 'AndroidClient'
[2021.01.09-09.15.08:458][  0]LogTargetPlatformManager: Display: Loaded TargetPlatform 'Android_ASTCClient'
[2021.01.09-09.15.08:458][  0]LogTargetPlatformManager: Display: Loaded TargetPlatform 'Android_DXTClient'
[2021.01.09-09.15.08:458][  0]LogTargetPlatformManager: Display: Loaded TargetPlatform 'Android_ETC2Client'
[2021.01.09-09.15.08:459][  0]LogTargetPlatformManager: Display: Loaded TargetPlatform 'Android_Multi'
[2021.01.09-09.15.08:459][  0]LogTargetPlatformManager: Display: Loaded TargetPlatform 'Android_MultiClient'
[2021.01.09-09.15.08:485][  0]LogTargetPlatformManager: Display: Loaded TargetPlatform 'IOSClient'
[2021.01.09-09.15.08:485][  0]LogTargetPlatformManager: Display: Loaded TargetPlatform 'IOS'
[2021.01.09-09.15.08:495][  0]LogTargetPlatformManager: Display: Loaded TargetPlatform 'Linux'
[2021.01.09-09.15.08:504][  0]LogTargetPlatformManager: Display: Loaded TargetPlatform 'LinuxNoEditor'
[2021.01.09-09.15.08:515][  0]LogTargetPlatformManager: Display: Loaded TargetPlatform 'LinuxClient'
[2021.01.09-09.15.08:524][  0]LogTargetPlatformManager: Display: Loaded TargetPlatform 'LinuxServer'
[2021.01.09-09.15.08:533][  0]LogTargetPlatformManager: Display: Loaded TargetPlatform 'LinuxAArch64NoEditor'
[2021.01.09-09.15.08:544][  0]LogTargetPlatformManager: Display: Loaded TargetPlatform 'LinuxAArch64Client'
[2021.01.09-09.15.08:554][  0]LogTargetPlatformManager: Display: Loaded TargetPlatform 'LinuxAArch64Server'
[2021.01.09-09.15.08:580][  0]LogTargetPlatformManager: Display: Loaded TargetPlatform 'Lumin'
[2021.01.09-09.15.08:581][  0]LogTargetPlatformManager: Display: Loaded TargetPlatform 'LuminClient'
[2021.01.09-09.15.08:597][  0]LogTargetPlatformManager: Display: Loaded TargetPlatform 'TVOSClient'
[2021.01.09-09.15.08:597][  0]LogTargetPlatformManager: Display: Loaded TargetPlatform 'TVOS'
[2021.01.09-09.15.08:606][  0]LogTargetPlatformManager: Display: Loaded TargetPlatform 'WindowsNoEditor'
[2021.01.09-09.15.08:616][  0]LogTargetPlatformManager: Display: Loaded TargetPlatform 'Windows'
[2021.01.09-09.15.08:638][  0]LogTargetPlatformManager: Display: Loaded TargetPlatform 'WindowsClient'
[2021.01.09-09.15.08:648][  0]LogTargetPlatformManager: Display: Loaded TargetPlatform 'WindowsServer'
[2021.01.09-09.15.08:648][  0]LogTargetPlatformManager: Display: Building Assets For Windows
[2021.01.09-09.15.08:658][  0]LogAudioDebug: Display: Lib vorbis DLL was dynamically loaded.
[2021.01.09-09.15.08:762][  0]LogShaderCompilers: Guid format shader working directory is 6 characters bigger than the processId version (../../../../UE4_Code/04_Factory/Factorio/Intermediate/Shaders/WorkingDirectory/19732/).
[2021.01.09-09.15.08:763][  0]LogShaderCompilers: Cleaned the shader compiler working directory 'C:/Users/Suriba/AppData/Local/Temp/UnrealShaderWorkingDir/0863856E4440CF7A5337A0B170E202EF/'.
[2021.01.09-09.15.08:763][  0]LogXGEController: Cannot use XGE Controller as Incredibuild is not installed on this machine.
[2021.01.09-09.15.08:763][  0]LogShaderCompilers: Cannot use XGE Shader Compiler as Incredibuild is not installed on this machine.
[2021.01.09-09.15.08:763][  0]LogShaderCompilers: Display: Using Local Shader Compiler.
[2021.01.09-09.15.12:699][  0]LogDerivedDataCache: Display: Max Cache Size: 512 MB
[2021.01.09-09.15.13:005][  0]LogDerivedDataCache: Loaded boot cache 0.28s 76MB C:/Users/Suriba/AppData/Local/UnrealEngine/4.25/DerivedDataCache/Boot.ddc.
[2021.01.09-09.15.13:005][  0]LogDerivedDataCache: Display: Loaded Boot cache: C:/Users/Suriba/AppData/Local/UnrealEngine/4.25/DerivedDataCache/Boot.ddc
[2021.01.09-09.15.13:005][  0]LogDerivedDataCache: FDerivedDataBackendGraph:  Pak pak cache file ../../../../UE4_Code/04_Factory/Factorio/DerivedDataCache/DDC.ddp not found, will not use a pak cache.
[2021.01.09-09.15.13:005][  0]LogDerivedDataCache: Unable to find inner node Pak for hierarchical cache Hierarchy.
[2021.01.09-09.15.13:005][  0]LogDerivedDataCache: FDerivedDataBackendGraph:  CompressedPak pak cache file ../../../../UE4_Code/04_Factory/Factorio/DerivedDataCache/Compressed.ddp not found, will not use a pak cache.
[2021.01.09-09.15.13:005][  0]LogDerivedDataCache: Unable to find inner node CompressedPak for hierarchical cache Hierarchy.
[2021.01.09-09.15.13:028][  0]LogDerivedDataCache: Display: Pak cache opened for reading ../../../Engine/DerivedDataCache/Compressed.ddp.
[2021.01.09-09.15.13:029][  0]LogDerivedDataCache: FDerivedDataBackendGraph:  EnterprisePak pak cache file ../../../Enterprise/DerivedDataCache/Compressed.ddp not found, will not use a pak cache.
[2021.01.09-09.15.13:029][  0]LogDerivedDataCache: Unable to find inner node EnterprisePak for hierarchical cache Hierarchy.
[2021.01.09-09.15.13:030][  0]LogDerivedDataCache: Using Local data cache path C:/Users/Suriba/AppData/Local/UnrealEngine/Common/DerivedDataCache: Writable
[2021.01.09-09.15.13:030][  0]LogDerivedDataCache: Shared data cache path not found in *engine.ini, will not use an Shared cache.
[2021.01.09-09.15.13:030][  0]LogDerivedDataCache: Unable to find inner node Shared for hierarchical cache Hierarchy.
[2021.01.09-09.15.13:087][  0]LogSlate: Using FreeType 2.10.0
[2021.01.09-09.15.13:088][  0]LogSlate: SlateFontServices - WITH_FREETYPE: 1, WITH_HARFBUZZ: 1
[2021.01.09-09.15.13:193][  0]LogAssetRegistry: FAssetRegistry took 0.0030 seconds to start up
[2021.01.09-09.15.13:464][  0]LogInit: Selected Device Profile: [Windows]
[2021.01.09-09.15.13:621][  0]LogMeshReduction: Using QuadricMeshReduction for automatic static mesh reduction
[2021.01.09-09.15.13:621][  0]LogMeshReduction: Using SimplygonMeshReduction for automatic skeletal mesh reduction
[2021.01.09-09.15.13:621][  0]LogMeshReduction: Using ProxyLODMeshReduction for automatic mesh merging
[2021.01.09-09.15.13:621][  0]LogMeshReduction: No distributed automatic mesh merging module available
[2021.01.09-09.15.13:621][  0]LogMeshMerging: No distributed automatic mesh merging module available
[2021.01.09-09.15.13:650][  0]LogNetVersion: Factorio 1.0.0, NetCL: 13144385, EngineNetVer: 14, GameNetVer: 0 (Checksum: 789789760)
[2021.01.09-09.15.17:410][  0]LogAISub: UAISubsystem::UAISubsystem AISubsystem (000002150B98A940), frame # 0
[2021.01.09-09.15.17:410][  0]LogAISub: UAISubsystem::UAISubsystem AIPerceptionSystem (000002150B851E40), frame # 0
[2021.01.09-09.15.17:412][  0]LogAISub: UAISubsystem::UAISubsystem EnvQueryManager (000002150B895E00), frame # 0
[2021.01.09-09.15.17:559][  0]LogPackageLocalizationCache: Processed 21 localized package path(s) for 2 prioritized culture(s) in 0.134265 seconds
[2021.01.09-09.15.17:566][  0]LogUObjectArray: 15917 objects as part of root set at end of initial load.
[2021.01.09-09.15.17:566][  0]LogUObjectAllocator: 3965568 out of 0 bytes used by permanent object pool.
[2021.01.09-09.15.17:566][  0]LogUObjectArray: CloseDisregardForGC: 0/0 objects in disregard for GC pool
[2021.01.09-09.15.18:053][  0]LogPython: Using Python 2.7.14
[2021.01.09-09.15.19:220][  0]LogTcpMessaging: Initializing TcpMessaging bridge
[2021.01.09-09.15.19:225][  0]LogUdpMessaging: Initializing bridge on interface 0.0.0.0:0 to multicast group 230.0.0.1:6666.
[2021.01.09-09.15.19:396][  0]SourceControl: 源码管理已禁用
[2021.01.09-09.15.19:396][  0]SourceControl: 源码管理已禁用
[2021.01.09-09.15.19:404][  0]SourceControl: 源码管理已禁用
[2021.01.09-09.15.19:410][  0]SourceControl: 源码管理已禁用
[2021.01.09-09.15.19:430][  0]SourceControl: 源码管理已禁用
[2021.01.09-09.15.19:860][  0]LogAndroidPermission: UAndroidPermissionCallbackProxy::GetInstance
[2021.01.09-09.15.19:889][  0]LogAudioCaptureCore: Display: No Audio Capture implementations found. Audio input will be silent.
[2021.01.09-09.15.19:889][  0]LogAudioCaptureCore: Display: No Audio Capture implementations found. Audio input will be silent.
[2021.01.09-09.15.19:975][  0]LogOcInput: OculusInput pre-init called
[2021.01.09-09.15.19:987][  0]LogWindows: Failed to load 'OVRPlugin.dll' (GetLastError=126)
[2021.01.09-09.15.19:987][  0]LogWindows: File 'OVRPlugin.dll' does not exist
[2021.01.09-09.15.20:440][  0]LogEngine: Initializing Engine...
[2021.01.09-09.15.20:441][  0]LogHMD: Failed to initialize OpenVR with code 102
[2021.01.09-09.15.20:441][  0]LogMagicLeap: Warning: VR disabled because ZI is not enabled.  To enable, in the editor, Edit -> Project Settings -> Plugins -> Magic Leap Plugin -> Enable Zero Iteration
[2021.01.09-09.15.20:442][  0]LogStats: UGameplayTagsManager::InitializeManager -  0.000 s
[2021.01.09-09.15.20:574][  0]LogInit: Initializing FReadOnlyCVARCache
[2021.01.09-09.15.20:587][  0]LogAIModule: Creating AISystem for world Untitled
[2021.01.09-09.15.20:587][  0]LogAISub: UAISubsystem::UAISubsystem EnvQueryManager (0000021518581200), frame # 0
[2021.01.09-09.15.20:587][  0]LogAISub: UAISubsystem::UAISubsystem AIPerceptionSystem (0000021518596C00), frame # 0
[2021.01.09-09.15.20:605][  0]LogAudioMixer: Display: Audio Mixer Platform Settings:
[2021.01.09-09.15.20:605][  0]LogAudioMixer: Display: 	Sample Rate:						  48000
[2021.01.09-09.15.20:605][  0]LogAudioMixer: Display: 	Callback Buffer Frame Size Requested: 1024
[2021.01.09-09.15.20:605][  0]LogAudioMixer: Display: 	Callback Buffer Frame Size To Use:	  1024
[2021.01.09-09.15.20:605][  0]LogAudioMixer: Display: 	Number of buffers to queue:			  2
[2021.01.09-09.15.20:605][  0]LogAudioMixer: Display: 	Max Channels (voices):				  32
[2021.01.09-09.15.20:605][  0]LogAudioMixer: Display: 	Number of Async Source Workers:		  0
[2021.01.09-09.15.20:605][  0]LogAudio: Display: AudioDevice MaxSources: 32
[2021.01.09-09.15.20:606][  0]LogAudio: Display: Using built-in audio occlusion.
[2021.01.09-09.15.20:606][  0]LogAudioMixer: Display: Initializing audio mixer.
[2021.01.09-09.15.20:658][  0]LogAudioMixer: Display: 0: FrontLeft
[2021.01.09-09.15.20:658][  0]LogAudioMixer: Display: 1: FrontRight
[2021.01.09-09.15.20:726][  0]LogAudioMixer: Display: Using Audio Device Speakers (2- HyperX Cloud Flight Wireless Headset)
[2021.01.09-09.15.20:730][  0]LogAudioMixer: Display: Initializing Sound Submixes...
[2021.01.09-09.15.20:733][  0]LogAudioMixer: Display: Creating Master Submix 'MasterSubmixDefault'
[2021.01.09-09.15.20:733][  0]LogAudioMixer: Display: Creating Master Submix 'MasterReverbSubmixDefault'
[2021.01.09-09.15.20:735][  0]LogAudioMixer: Display: Creating Master Submix 'MasterEQSubmixDefault'
[2021.01.09-09.15.20:736][  0]LogInit: FAudioDevice initialized.
[2021.01.09-09.15.20:736][  0]LogNetVersion: Set ProjectVersion to 1.0.0.0. Version Checksum will be recalculated on next use.
[2021.01.09-09.15.20:876][  0]LogDerivedDataCache: Saved boot cache 0.14s 76MB C:/Users/Suriba/AppData/Local/UnrealEngine/4.25/DerivedDataCache/Boot.ddc.
[2021.01.09-09.15.20:881][  0]LogInit: Texture streaming: Enabled
[2021.01.09-09.15.20:901][  0]LogEngineSessionManager: EngineSessionManager initialized
[2021.01.09-09.15.20:902][  0]LogEngineSessionManager: EngineSessionManager sent abnormal shutdown report. Type=Crashed, SessionId={6C4B5EF8-47CD-FE0E-C380-7BB01A884C1B}
[2021.01.09-09.15.20:902][  0]LogEditorSessionSummary: Verbose: Initializing EditorSessionSummaryWriter for editor session tracking
[2021.01.09-09.15.20:904][  0]LogEditorSessionSummary: EditorSessionSummaryWriter initialized
[2021.01.09-09.15.20:981][  0]LogInit: Transaction tracking system initialized
[2021.01.09-09.15.21:006][  0]BlueprintLog: New page: 编辑器加载
[2021.01.09-09.15.21:115][  0]LocalizationService: 本地化服务已禁用
[2021.01.09-09.15.21:350][  0]LogCook: Display: Max memory allowance for cook 16384mb min free memory 0mb
[2021.01.09-09.15.21:350][  0]LogCook: Display: Mobile HDR setting 1
[2021.01.09-09.15.21:721][  0]LogFileCache: Scanning file cache for directory 'E:/UE4_Code/04_Factory/Factorio/Content/' took 0.01s
[2021.01.09-09.15.21:939][  0]SourceControl: 源码管理已禁用
[2021.01.09-09.15.22:051][  0]LogWindowsTextInputMethodSystem: Display: IME system now activated using TSF (微软拼音).
[2021.01.09-09.15.22:053][  0]LogSlate: Took 0.000181 seconds to synchronously load lazily loaded font '../../../Engine/Content/Slate/Fonts/Roboto-Regular.ttf' (155K)
[2021.01.09-09.15.22:066][  0]LogSlate: Took 0.012652 seconds to synchronously load lazily loaded font '../../../Engine/Content/Slate/Fonts/DroidSansFallback.ttf' (3848K)
[2021.01.09-09.16.38:531][  0]LogSlate: Window '恢复包' being destroyed
[2021.01.09-09.16.38:532][  0]LogWindowsTextInputMethodSystem: Display: IME system now activated using TSF (微软拼音).
[2021.01.09-09.16.38:568][  0]LogWindowsTextInputMethodSystem: Display: IME system now activated using TSF (微软拼音).
[2021.01.09-09.16.38:571][  0]LogUnrealEdMisc: Loading editor; pre map load, took 97.490
[2021.01.09-09.16.38:573][  0]Cmd: MAP LOAD FILE="../../../../UE4_Code/04_Factory/Factorio/Content/StarterContent/Maps/Minimal_Default.umap" TEMPLATE=0 SHOWPROGRESS=1 FEATURELEVEL=3
[2021.01.09-09.16.38:573][  0]LightingResults: New page: 光照构建
[2021.01.09-09.16.38:577][  0]LogWorld: UWorld::CleanupWorld for Untitled, bSessionEnded=true, bCleanupResources=true
[2021.01.09-09.16.38:577][  0]LogSlate: InvalidateAllWidgets triggered.  All widgets were invalidated
[2021.01.09-09.16.38:577][  0]MapCheck: New page: 地图检测
[2021.01.09-09.16.38:577][  0]LightingResults: New page: 光照构建
[2021.01.09-09.16.38:587][  0]LogAISub: UAISubsystem::~UAISubsystem EnvQueryManager (0000021518581200), frame # 0
[2021.01.09-09.16.38:587][  0]LogAISub: UAISubsystem::~UAISubsystem AIPerceptionSystem (0000021518596C00), frame # 0
[2021.01.09-09.16.38:588][  0]LogUObjectHash: Compacting FUObjectHashTables data took   0.83ms
[2021.01.09-09.16.38:760][  0]LogStaticMesh: 正在构建静态网格体Floor_400x400……
[2021.01.09-09.16.38:762][  0]LogStaticMesh: Built static mesh [0.00s] /Game/StarterContent/Architecture/Floor_400x400.Floor_400x400
[2021.01.09-09.16.38:816][  0]LogAIModule: Creating AISystem for world Minimal_Default
[2021.01.09-09.16.38:817][  0]LogAISub: UAISubsystem::UAISubsystem EnvQueryManager (0000021526D9BE00), frame # 0
[2021.01.09-09.16.38:817][  0]LogAISub: UAISubsystem::UAISubsystem AIPerceptionSystem (0000021526E6D300), frame # 0
[2021.01.09-09.16.38:826][  0]LogEditorServer: Finished looking for orphan Actors (0.000 secs)
[2021.01.09-09.16.38:839][  0]LogUObjectHash: Compacting FUObjectHashTables data took   0.95ms
[2021.01.09-09.16.38:841][  0]Cmd: MAP CHECKDEP NOCLEARLOG
[2021.01.09-09.16.38:841][  0]MapCheck: 地图检测完成：0个错误、0个警告、完成用时0.135毫秒。
[2021.01.09-09.16.38:841][  0]LogFileHelpers: Loading map 'Minimal_Default' took 0.269
[2021.01.09-09.16.38:844][  0]LogUnrealEdMisc: Total Editor Startup Time, took 97.764
[2021.01.09-09.16.38:953][  0]LogCollectionManager: Loaded 0 collections in 0.001458 seconds
[2021.01.09-09.16.38:978][  0]LogFileCache: Scanning file cache for directory 'E:/UE4_Code/04_Factory/Factorio/Saved/Collections/' took 0.00s
[2021.01.09-09.16.38:978][  0]LogFileCache: Scanning file cache for directory 'E:/UE4_Code/04_Factory/Factorio/Content/Developers/Serbia/Collections/' took 0.00s
[2021.01.09-09.16.38:978][  0]LogFileCache: Scanning file cache for directory 'E:/UE4_Code/04_Factory/Factorio/Content/Collections/' took 0.00s
[2021.01.09-09.16.38:978][  0]LogContentBrowser: Native class hierarchy populated in 0.0163 seconds. Added 3451 classes and 830 folders.
[2021.01.09-09.16.38:986][  0]LogContentBrowser: Native class hierarchy updated for 'WidgetCarousel' in 0.0006 seconds. Added 0 classes and 0 folders.
[2021.01.09-09.16.39:733][  0]LogContentBrowser: Native class hierarchy updated for 'AddContentDialog' in 0.0003 seconds. Added 0 classes and 0 folders.
[2021.01.09-09.16.39:750][  0]LogSlate: Updating window title bar state: overlay mode, drag disabled, window buttons hidden, title bar hidden
[2021.01.09-09.16.39:759][  0]LogSlate: Updating window title bar state: overlay mode, drag disabled, window buttons hidden, title bar hidden
[2021.01.09-09.16.39:767][  0]LogSlate: Updating window title bar state: overlay mode, drag disabled, window buttons hidden, title bar hidden
[2021.01.09-09.16.39:775][  0]LogSlate: Updating window title bar state: overlay mode, drag disabled, window buttons hidden, title bar hidden
[2021.01.09-09.16.39:783][  0]LogContentBrowser: Native class hierarchy updated for 'SceneOutliner' in 0.0004 seconds. Added 2 classes and 0 folders.
[2021.01.09-09.16.39:814][  0]LogSlate: Took 0.009881 seconds to synchronously load lazily loaded font '../../../Engine/Content/Editor/Slate/Fonts/FontAwesome.ttf' (139K)
[2021.01.09-09.16.39:815][  0]LogSlate: Took 0.000246 seconds to synchronously load lazily loaded font '../../../Engine/Content/Slate/Fonts/Roboto-Bold.ttf' (160K)
[2021.01.09-09.16.39:831][  0]LogSlate: Took 0.011299 seconds to synchronously load lazily loaded font '../../../Engine/Content/Slate/Fonts/DroidSansMono.ttf' (77K)
[2021.01.09-09.16.39:927][  0]LogRenderer: Reallocating scene render targets to support 972x624 Format 10 NumSamples 1 (Frame:1).
[2021.01.09-09.16.40:043][  0]LogContentBrowser: Native class hierarchy updated for 'HierarchicalLODOutliner' in 0.0004 seconds. Added 0 classes and 0 folders.
[2021.01.09-09.16.40:043][  0]LogLoad: (Engine Initialization) Total time: 98.96 seconds
[2021.01.09-09.16.40:043][  0]LogLoad: (Engine Initialization) Total Blueprint compile time: 0.00 seconds
[2021.01.09-09.16.40:091][  0]LogAssetRegistry: Asset discovery search completed in 86.8993 seconds
[2021.01.09-09.16.40:095][  0]LogCollectionManager: Fixed up redirectors for 0 collections in 0.000003 seconds (updated 0 objects)
[2021.01.09-09.16.40:097][  0]LogContentStreaming: Texture pool size now 1000 MB
[2021.01.09-09.16.40:114][  0]LogSlate: Took 0.006113 seconds to synchronously load lazily loaded font '../../../Engine/Content/Slate/Fonts/Roboto-Light.ttf' (167K)
[2021.01.09-09.16.41:670][ 91]LogTemp: Repeating last play command: 选中的视口
[2021.01.09-09.16.41:686][ 91]LogPlayLevel: PlayLevel: No blueprints needed recompiling
[2021.01.09-09.16.41:688][ 91]PIE: New page: PIE会话：Minimal_Default（2021年1月10日 上午1:16:41）
[2021.01.09-09.16.41:689][ 91]LogOnline: OSS: Creating online subsystem instance for: NULL
[2021.01.09-09.16.41:690][ 91]LogOnline: OSS: TryLoadSubsystemAndSetDefault: Loaded subsystem for module [NULL]
[2021.01.09-09.16.41:690][ 91]LogPlayLevel: Creating play world package: /Game/StarterContent/Maps/UEDPIE_0_Minimal_Default
[2021.01.09-09.16.41:694][ 91]LogPlayLevel: PIE: StaticDuplicateObject took: (0.003298s)
[2021.01.09-09.16.41:695][ 91]LogAIModule: Creating AISystem for world Minimal_Default
[2021.01.09-09.16.41:695][ 91]LogAISub: UAISubsystem::UAISubsystem EnvQueryManager (000002153CACE000), frame # 91
[2021.01.09-09.16.41:695][ 91]LogAISub: UAISubsystem::UAISubsystem AIPerceptionSystem (000002153CABFB00), frame # 91
[2021.01.09-09.16.41:695][ 91]LogPlayLevel: PIE: World Init took: (0.001519s)
[2021.01.09-09.16.41:695][ 91]LogPlayLevel: PIE: Created PIE world by copying editor world from /Game/StarterContent/Maps/Minimal_Default.Minimal_Default to /Game/StarterContent/Maps/UEDPIE_0_Minimal_Default.Minimal_Default (0.005021s)
[2021.01.09-09.16.41:705][ 91]LogUObjectHash: Compacting FUObjectHashTables data took   0.59ms
[2021.01.09-09.16.41:709][ 91]LogAudioMixer: Display: Audio Mixer Platform Settings:
[2021.01.09-09.16.41:710][ 91]LogAudioMixer: Display: 	Sample Rate:						  48000
[2021.01.09-09.16.41:710][ 91]LogAudioMixer: Display: 	Callback Buffer Frame Size Requested: 1024
[2021.01.09-09.16.41:710][ 91]LogAudioMixer: Display: 	Callback Buffer Frame Size To Use:	  1024
[2021.01.09-09.16.41:710][ 91]LogAudioMixer: Display: 	Number of buffers to queue:			  2
[2021.01.09-09.16.41:710][ 91]LogAudioMixer: Display: 	Max Channels (voices):				  32
[2021.01.09-09.16.41:710][ 91]LogAudioMixer: Display: 	Number of Async Source Workers:		  0
[2021.01.09-09.16.41:710][ 91]LogAudio: Display: AudioDevice MaxSources: 32
[2021.01.09-09.16.41:711][ 91]LogAudio: Display: Using built-in audio occlusion.
[2021.01.09-09.16.41:711][ 91]LogAudioMixer: Display: Initializing audio mixer.
[2021.01.09-09.16.41:715][ 91]LogAudioMixer: Display: 0: FrontLeft
[2021.01.09-09.16.41:715][ 91]LogAudioMixer: Display: 1: FrontRight
[2021.01.09-09.16.41:730][ 91]LogAudioMixer: Display: Using Audio Device Speakers (2- HyperX Cloud Flight Wireless Headset)
[2021.01.09-09.16.41:730][ 91]LogAudioMixer: Display: Initializing Sound Submixes...
[2021.01.09-09.16.41:730][ 91]LogAudioMixer: Display: Creating Master Submix 'MasterSubmixDefault'
[2021.01.09-09.16.41:730][ 91]LogAudioMixer: Display: Creating Master Submix 'MasterReverbSubmixDefault'
[2021.01.09-09.16.41:731][ 91]LogAudioMixer: Display: Creating Master Submix 'MasterEQSubmixDefault'
[2021.01.09-09.16.41:745][ 91]LogInit: FAudioDevice initialized.
[2021.01.09-09.16.41:754][ 91]LogLinker: Warning: 未能加载“{FileName}”：无法找到文件。
[2021.01.09-09.16.41:754][ 91]LogLinker: Warning: 未能加载“{FileName}”：无法找到文件。
[2021.01.09-09.16.41:754][ 91]LogUObjectGlobals: Warning: 寻找对象“Class /Game/MyFactorioGameModeBase.MyFactorioGameModeBase_C”失败
[2021.01.09-09.16.41:754][ 91]LogLoad: Game class is 'GameModeBase'
[2021.01.09-09.16.41:756][ 91]LogWorld: Bringing World /Game/StarterContent/Maps/UEDPIE_0_Minimal_Default.Minimal_Default up for play (max tick rate 60) at 2021.01.09-17.16.41
[2021.01.09-09.16.41:756][ 91]LogWorld: Bringing up level for play took: 0.000681
[2021.01.09-09.16.41:757][ 91]LogOnline: OSS: Creating online subsystem instance for: :Context_1
[2021.01.09-09.16.41:761][ 91]LogContentBrowser: Native class hierarchy updated for 'MovieSceneCapture' in 0.0005 seconds. Added 20 classes and 0 folders.
[2021.01.09-09.16.41:762][ 91]PIE: 登陆的服务器
[2021.01.09-09.16.41:763][ 91]PIE: PIE总开始时间：0.078秒。
[2021.01.09-09.16.46:292][358]LogSlate: Updating window title bar state: overlay mode, drag disabled, window buttons hidden, title bar hidden
[2021.01.09-09.16.46:292][358]LogWorld: BeginTearingDown for /Game/StarterContent/Maps/UEDPIE_0_Minimal_Default
[2021.01.09-09.16.46:292][358]LogWorld: UWorld::CleanupWorld for Minimal_Default, bSessionEnded=true, bCleanupResources=true
[2021.01.09-09.16.46:293][358]LogSlate: InvalidateAllWidgets triggered.  All widgets were invalidated
[2021.01.09-09.16.46:300][358]LogPlayLevel: Display: Shutting down PIE online subsystems
[2021.01.09-09.16.46:301][358]LogSlate: InvalidateAllWidgets triggered.  All widgets were invalidated
[2021.01.09-09.16.46:329][358]LogSlate: Updating window title bar state: overlay mode, drag disabled, window buttons hidden, title bar hidden
[2021.01.09-09.16.46:330][358]LogAISub: UAISubsystem::~UAISubsystem AIPerceptionSystem (000002153CABFB00), frame # 358
[2021.01.09-09.16.46:330][358]LogAISub: UAISubsystem::~UAISubsystem EnvQueryManager (000002153CACE000), frame # 358
[2021.01.09-09.16.46:331][358]LogUObjectHash: Compacting FUObjectHashTables data took   0.74ms
[2021.01.09-09.16.46:362][359]LogPlayLevel: Display: Destroying online subsystem :Context_1
[2021.01.09-09.16.47:832][447]LogTemp: Repeating last play command: 选中的视口
[2021.01.09-09.16.47:848][447]LogPlayLevel: PlayLevel: No blueprints needed recompiling
[2021.01.09-09.16.47:848][447]PIE: New page: PIE会话：Minimal_Default（2021年1月10日 上午1:16:47）
[2021.01.09-09.16.47:848][447]LogPlayLevel: Creating play world package: /Game/StarterContent/Maps/UEDPIE_0_Minimal_Default
[2021.01.09-09.16.47:852][447]LogPlayLevel: PIE: StaticDuplicateObject took: (0.003281s)
[2021.01.09-09.16.47:854][447]LogAIModule: Creating AISystem for world Minimal_Default
[2021.01.09-09.16.47:854][447]LogAISub: UAISubsystem::UAISubsystem EnvQueryManager (000002153D699400), frame # 447
[2021.01.09-09.16.47:854][447]LogAISub: UAISubsystem::UAISubsystem AIPerceptionSystem (000002153CBD1E40), frame # 447
[2021.01.09-09.16.47:854][447]LogPlayLevel: PIE: World Init took: (0.002375s)
[2021.01.09-09.16.47:854][447]LogPlayLevel: PIE: Created PIE world by copying editor world from /Game/StarterContent/Maps/Minimal_Default.Minimal_Default to /Game/StarterContent/Maps/UEDPIE_0_Minimal_Default.Minimal_Default (0.005858s)
[2021.01.09-09.16.47:863][447]LogUObjectHash: Compacting FUObjectHashTables data took   0.59ms
[2021.01.09-09.16.47:866][447]LogAudioMixer: Display: Audio Mixer Platform Settings:
[2021.01.09-09.16.47:866][447]LogAudioMixer: Display: 	Sample Rate:						  48000
[2021.01.09-09.16.47:866][447]LogAudioMixer: Display: 	Callback Buffer Frame Size Requested: 1024
[2021.01.09-09.16.47:866][447]LogAudioMixer: Display: 	Callback Buffer Frame Size To Use:	  1024
[2021.01.09-09.16.47:866][447]LogAudioMixer: Display: 	Number of buffers to queue:			  2
[2021.01.09-09.16.47:866][447]LogAudioMixer: Display: 	Max Channels (voices):				  32
[2021.01.09-09.16.47:866][447]LogAudioMixer: Display: 	Number of Async Source Workers:		  0
[2021.01.09-09.16.47:866][447]LogAudio: Display: AudioDevice MaxSources: 32
[2021.01.09-09.16.47:866][447]LogAudio: Display: Using built-in audio occlusion.
[2021.01.09-09.16.47:866][447]LogAudioMixer: Display: Initializing audio mixer.
[2021.01.09-09.16.47:870][447]LogAudioMixer: Display: 0: FrontLeft
[2021.01.09-09.16.47:870][447]LogAudioMixer: Display: 1: FrontRight
[2021.01.09-09.16.47:885][447]LogAudioMixer: Display: Using Audio Device Speakers (2- HyperX Cloud Flight Wireless Headset)
[2021.01.09-09.16.47:886][447]LogAudioMixer: Display: Initializing Sound Submixes...
[2021.01.09-09.16.47:886][447]LogAudioMixer: Display: Creating Master Submix 'MasterSubmixDefault'
[2021.01.09-09.16.47:886][447]LogAudioMixer: Display: Creating Master Submix 'MasterReverbSubmixDefault'
[2021.01.09-09.16.47:886][447]LogAudioMixer: Display: Creating Master Submix 'MasterEQSubmixDefault'
[2021.01.09-09.16.47:900][447]LogInit: FAudioDevice initialized.
[2021.01.09-09.16.47:908][447]LogLoad: Game class is 'GameModeBase'
[2021.01.09-09.16.47:910][447]LogWorld: Bringing World /Game/StarterContent/Maps/UEDPIE_0_Minimal_Default.Minimal_Default up for play (max tick rate 60) at 2021.01.09-17.16.47
[2021.01.09-09.16.47:910][447]LogWorld: Bringing up level for play took: 0.000781
[2021.01.09-09.16.47:910][447]LogOnline: OSS: Creating online subsystem instance for: :Context_2
[2021.01.09-09.16.47:912][447]PIE: 登陆的服务器
[2021.01.09-09.16.47:913][447]PIE: PIE总开始时间：0.066秒。
[2021.01.09-09.16.52:070][695]LogEditorViewport: Clicking on Actor (LMB): DefaultPawn (DefaultPawn)
[2021.01.09-09.16.56:212][933]LogSlate: Updating window title bar state: overlay mode, drag disabled, window buttons hidden, title bar hidden
[2021.01.09-09.16.56:212][933]LogWorld: BeginTearingDown for /Game/StarterContent/Maps/UEDPIE_0_Minimal_Default
[2021.01.09-09.16.56:212][933]LogWorld: UWorld::CleanupWorld for Minimal_Default, bSessionEnded=true, bCleanupResources=true
[2021.01.09-09.16.56:212][933]LogSlate: InvalidateAllWidgets triggered.  All widgets were invalidated
[2021.01.09-09.16.56:219][933]LogPlayLevel: Display: Shutting down PIE online subsystems
[2021.01.09-09.16.56:221][933]LogSlate: InvalidateAllWidgets triggered.  All widgets were invalidated
[2021.01.09-09.16.56:230][933]LogSlate: Updating window title bar state: overlay mode, drag disabled, window buttons hidden, title bar hidden
[2021.01.09-09.16.56:249][933]LogAISub: UAISubsystem::~UAISubsystem AIPerceptionSystem (000002153CBD1E40), frame # 933
[2021.01.09-09.16.56:249][933]LogAISub: UAISubsystem::~UAISubsystem EnvQueryManager (000002153D699400), frame # 933
[2021.01.09-09.16.56:251][933]LogUObjectHash: Compacting FUObjectHashTables data took   0.95ms
[2021.01.09-09.16.56:283][934]LogPlayLevel: Display: Destroying online subsystem :Context_2
[2021.01.09-09.17.08:702][641]LogSlate: Took 0.000139 seconds to synchronously load lazily loaded font '../../../Engine/Content/Slate/Fonts/Roboto-Light.ttf' (167K)
[2021.01.09-09.17.24:550][529]LogSlate: Window '项目设置' being destroyed
[2021.01.09-09.17.24:559][529]LogSlate: Window '项目设置' being destroyed
[2021.01.09-09.17.25:512][582]LogTemp: Repeating last play command: 选中的视口
[2021.01.09-09.17.25:529][582]LogPlayLevel: PlayLevel: No blueprints needed recompiling
[2021.01.09-09.17.25:529][582]PIE: New page: PIE会话：Minimal_Default（2021年1月10日 上午1:17:25）
[2021.01.09-09.17.25:530][582]LogPlayLevel: Creating play world package: /Game/StarterContent/Maps/UEDPIE_0_Minimal_Default
[2021.01.09-09.17.25:533][582]LogPlayLevel: PIE: StaticDuplicateObject took: (0.003127s)
[2021.01.09-09.17.25:535][582]LogAIModule: Creating AISystem for world Minimal_Default
[2021.01.09-09.17.25:535][582]LogAISub: UAISubsystem::UAISubsystem EnvQueryManager (0000021546835800), frame # 2582
[2021.01.09-09.17.25:535][582]LogAISub: UAISubsystem::UAISubsystem AIPerceptionSystem (0000021587D72E80), frame # 2582
[2021.01.09-09.17.25:535][582]LogPlayLevel: PIE: World Init took: (0.002124s)
[2021.01.09-09.17.25:535][582]LogPlayLevel: PIE: Created PIE world by copying editor world from /Game/StarterContent/Maps/Minimal_Default.Minimal_Default to /Game/StarterContent/Maps/UEDPIE_0_Minimal_Default.Minimal_Default (0.005458s)
[2021.01.09-09.17.25:545][582]LogUObjectHash: Compacting FUObjectHashTables data took   0.60ms
[2021.01.09-09.17.25:548][582]LogAudioMixer: Display: Audio Mixer Platform Settings:
[2021.01.09-09.17.25:548][582]LogAudioMixer: Display: 	Sample Rate:						  48000
[2021.01.09-09.17.25:548][582]LogAudioMixer: Display: 	Callback Buffer Frame Size Requested: 1024
[2021.01.09-09.17.25:548][582]LogAudioMixer: Display: 	Callback Buffer Frame Size To Use:	  1024
[2021.01.09-09.17.25:548][582]LogAudioMixer: Display: 	Number of buffers to queue:			  2
[2021.01.09-09.17.25:548][582]LogAudioMixer: Display: 	Max Channels (voices):				  32
[2021.01.09-09.17.25:548][582]LogAudioMixer: Display: 	Number of Async Source Workers:		  0
[2021.01.09-09.17.25:548][582]LogAudio: Display: AudioDevice MaxSources: 32
[2021.01.09-09.17.25:549][582]LogAudio: Display: Using built-in audio occlusion.
[2021.01.09-09.17.25:549][582]LogAudioMixer: Display: Initializing audio mixer.
[2021.01.09-09.17.25:552][582]LogAudioMixer: Display: 0: FrontLeft
[2021.01.09-09.17.25:552][582]LogAudioMixer: Display: 1: FrontRight
[2021.01.09-09.17.25:568][582]LogAudioMixer: Display: Using Audio Device Speakers (2- HyperX Cloud Flight Wireless Headset)
[2021.01.09-09.17.25:568][582]LogAudioMixer: Display: Initializing Sound Submixes...
[2021.01.09-09.17.25:568][582]LogAudioMixer: Display: Creating Master Submix 'MasterSubmixDefault'
[2021.01.09-09.17.25:568][582]LogAudioMixer: Display: Creating Master Submix 'MasterReverbSubmixDefault'
[2021.01.09-09.17.25:569][582]LogAudioMixer: Display: Creating Master Submix 'MasterEQSubmixDefault'
[2021.01.09-09.17.25:583][582]LogInit: FAudioDevice initialized.
[2021.01.09-09.17.25:594][582]LogLoad: Game class is 'FactorioGameModeBase'
[2021.01.09-09.17.25:596][582]LogWorld: Bringing World /Game/StarterContent/Maps/UEDPIE_0_Minimal_Default.Minimal_Default up for play (max tick rate 60) at 2021.01.09-17.17.25
[2021.01.09-09.17.25:596][582]LogWorld: Bringing up level for play took: 0.001008
[2021.01.09-09.17.25:596][582]LogOnline: OSS: Creating online subsystem instance for: :Context_5
[2021.01.09-09.17.25:598][582]PIE: 登陆的服务器
[2021.01.09-09.17.25:599][582]PIE: PIE总开始时间：0.071秒。
[2021.01.09-09.17.28:873][775]LogSlate: Updating window title bar state: overlay mode, drag disabled, window buttons hidden, title bar hidden
[2021.01.09-09.17.28:873][775]LogWorld: BeginTearingDown for /Game/StarterContent/Maps/UEDPIE_0_Minimal_Default
[2021.01.09-09.17.28:873][775]LogWorld: UWorld::CleanupWorld for Minimal_Default, bSessionEnded=true, bCleanupResources=true
[2021.01.09-09.17.28:873][775]LogSlate: InvalidateAllWidgets triggered.  All widgets were invalidated
[2021.01.09-09.17.28:878][775]LogPlayLevel: Display: Shutting down PIE online subsystems
[2021.01.09-09.17.28:879][775]LogSlate: InvalidateAllWidgets triggered.  All widgets were invalidated
[2021.01.09-09.17.28:907][775]LogSlate: Updating window title bar state: overlay mode, drag disabled, window buttons hidden, title bar hidden
[2021.01.09-09.17.28:908][775]LogAISub: UAISubsystem::~UAISubsystem AIPerceptionSystem (0000021587D72E80), frame # 2775
[2021.01.09-09.17.28:908][775]LogAISub: UAISubsystem::~UAISubsystem EnvQueryManager (0000021546835800), frame # 2775
[2021.01.09-09.17.28:909][775]LogUObjectHash: Compacting FUObjectHashTables data took   0.78ms
[2021.01.09-09.17.28:956][777]LogPlayLevel: Display: Destroying online subsystem :Context_5
[2021.01.09-09.17.52:185][160]LogSlate: WidgetSwitcher ('None') active index changed to -1
[2021.01.09-09.17.52:185][160]LogSlate: WidgetSwitcher ('None') active index changed to 1
[2021.01.09-09.17.52:232][160]LogSlate: Took 0.008807 seconds to synchronously load lazily loaded font '../../../Engine/Content/Slate/Fonts/Roboto-BoldCondensed.ttf' (158K)
[2021.01.09-09.18.01:411][709]LogAssetEditorSubsystem: Opening Asset editor for Blueprint /Game/FactorioGameModeBase_BP.FactorioGameModeBase_BP
[2021.01.09-09.18.01:608][709]LogContentBrowser: Native class hierarchy updated for 'BlueprintGraph' in 0.0005 seconds. Added 125 classes and 0 folders.
[2021.01.09-09.18.02:499][709]LogSlate: Window '添加蓝图类' being destroyed
[2021.01.09-09.18.02:598][710]LogRenderer: Reallocating scene render targets to support 1076x624 Format 10 NumSamples 1 (Frame:1).
[2021.01.09-09.18.05:552][871]LogSlate: Window 'FactorioGameModeBase_BP' being destroyed
[2021.01.09-09.18.05:562][871]LogSlate: Window 'FactorioGameModeBase_BP' being destroyed
[2021.01.09-09.18.05:589][871]LogWorld: UWorld::CleanupWorld for World_3, bSessionEnded=true, bCleanupResources=true
[2021.01.09-09.18.05:589][871]LogSlate: InvalidateAllWidgets triggered.  All widgets were invalidated
[2021.01.09-09.18.12:289][233]LogSlate: Prevented a slow task dialog from being summoned while a context menu was open
[2021.01.09-09.18.17:050][507]LogSlate: Window '项目设置' being destroyed
[2021.01.09-09.18.17:059][507]LogSlate: Window '项目设置' being destroyed
[2021.01.09-09.18.17:892][552]LogUObjectHash: Compacting FUObjectHashTables data took   2.14ms
[2021.01.09-09.18.17:920][552]LogSavePackage: Moving '../../../../UE4_Code/04_Factory/Factorio/Saved/Minimal_DefaultB9443D414B47F0F59FF268867F5629ED.tmp' to '../../../../UE4_Code/04_Factory/Factorio/Content/StarterContent/Maps/Minimal_Default.umap'
[2021.01.09-09.18.17:952][552]Cmd: OBJ SAVEPACKAGE PACKAGE="/Game/StarterContent/Maps/Minimal_Default_BuiltData" FILE="../../../../UE4_Code/04_Factory/Factorio/Content/StarterContent/Maps/Minimal_Default_BuiltData.uasset" SILENT=true
[2021.01.09-09.18.18:011][552]LogSavePackage: Moving '../../../../UE4_Code/04_Factory/Factorio/Saved/Minimal_Default_BuiltData6A3121924BA1A9D2C18D76A777F36C39.tmp' to '../../../../UE4_Code/04_Factory/Factorio/Content/StarterContent/Maps/Minimal_Default_BuiltData.uasset'
[2021.01.09-09.18.18:029][552]AssetCheck: New page: 资产保存：多个资产
[2021.01.09-09.18.18:029][552]LogContentValidation: Display: 正在验证World /Game/StarterContent/Maps/Minimal_Default.Minimal_Default
[2021.01.09-09.18.18:029][552]LogContentValidation: Display: 正在验证MapBuildDataRegistry /Game/StarterContent/Maps/Minimal_Default_BuiltData.Minimal_Default_BuiltData
[2021.01.09-09.18.18:935][606]LogTemp: Repeating last play command: 选中的视口
[2021.01.09-09.18.18:952][606]LogPlayLevel: PlayLevel: No blueprints needed recompiling
[2021.01.09-09.18.18:952][606]PIE: New page: PIE会话：Minimal_Default（2021年1月10日 上午1:18:18）
[2021.01.09-09.18.18:952][606]LogPlayLevel: Creating play world package: /Game/StarterContent/Maps/UEDPIE_0_Minimal_Default
[2021.01.09-09.18.18:955][606]LogPlayLevel: PIE: StaticDuplicateObject took: (0.003061s)
[2021.01.09-09.18.18:956][606]LogAIModule: Creating AISystem for world Minimal_Default
[2021.01.09-09.18.18:956][606]LogAISub: UAISubsystem::UAISubsystem EnvQueryManager (00000215A843E200), frame # 5606
[2021.01.09-09.18.18:956][606]LogAISub: UAISubsystem::UAISubsystem AIPerceptionSystem (00000215A8783240), frame # 5606
[2021.01.09-09.18.18:957][606]LogPlayLevel: PIE: World Init took: (0.001438s)
[2021.01.09-09.18.18:957][606]LogPlayLevel: PIE: Created PIE world by copying editor world from /Game/StarterContent/Maps/Minimal_Default.Minimal_Default to /Game/StarterContent/Maps/UEDPIE_0_Minimal_Default.Minimal_Default (0.004660s)
[2021.01.09-09.18.18:976][606]LogUObjectHash: Compacting FUObjectHashTables data took   1.66ms
[2021.01.09-09.18.18:978][606]LogAudioMixer: Display: Audio Mixer Platform Settings:
[2021.01.09-09.18.18:979][606]LogAudioMixer: Display: 	Sample Rate:						  48000
[2021.01.09-09.18.18:979][606]LogAudioMixer: Display: 	Callback Buffer Frame Size Requested: 1024
[2021.01.09-09.18.18:979][606]LogAudioMixer: Display: 	Callback Buffer Frame Size To Use:	  1024
[2021.01.09-09.18.18:979][606]LogAudioMixer: Display: 	Number of buffers to queue:			  2
[2021.01.09-09.18.18:979][606]LogAudioMixer: Display: 	Max Channels (voices):				  32
[2021.01.09-09.18.18:979][606]LogAudioMixer: Display: 	Number of Async Source Workers:		  0
[2021.01.09-09.18.18:979][606]LogAudio: Display: AudioDevice MaxSources: 32
[2021.01.09-09.18.18:980][606]LogAudio: Display: Using built-in audio occlusion.
[2021.01.09-09.18.18:980][606]LogAudioMixer: Display: Initializing audio mixer.
[2021.01.09-09.18.18:983][606]LogAudioMixer: Display: 0: FrontLeft
[2021.01.09-09.18.18:983][606]LogAudioMixer: Display: 1: FrontRight
[2021.01.09-09.18.18:998][606]LogAudioMixer: Display: Using Audio Device Speakers (2- HyperX Cloud Flight Wireless Headset)
[2021.01.09-09.18.18:999][606]LogAudioMixer: Display: Initializing Sound Submixes...
[2021.01.09-09.18.18:999][606]LogAudioMixer: Display: Creating Master Submix 'MasterSubmixDefault'
[2021.01.09-09.18.18:999][606]LogAudioMixer: Display: Creating Master Submix 'MasterReverbSubmixDefault'
[2021.01.09-09.18.18:999][606]LogAudioMixer: Display: Creating Master Submix 'MasterEQSubmixDefault'
[2021.01.09-09.18.19:014][606]LogInit: FAudioDevice initialized.
[2021.01.09-09.18.19:027][606]LogLoad: Game class is 'FactorioGameModeBase_BP_C'
[2021.01.09-09.18.19:028][606]LogWorld: Bringing World /Game/StarterContent/Maps/UEDPIE_0_Minimal_Default.Minimal_Default up for play (max tick rate 60) at 2021.01.09-17.18.19
[2021.01.09-09.18.19:028][606]LogWorld: Bringing up level for play took: 0.000629
[2021.01.09-09.18.19:029][606]LogOnline: OSS: Creating online subsystem instance for: :Context_8
[2021.01.09-09.18.19:031][606]PIE: 登陆的服务器
[2021.01.09-09.18.19:032][606]PIE: PIE总开始时间：0.082秒。
[2021.01.09-09.18.21:041][723]LogSlate: Updating window title bar state: overlay mode, drag disabled, window buttons hidden, title bar hidden
[2021.01.09-09.18.21:041][723]LogWorld: BeginTearingDown for /Game/StarterContent/Maps/UEDPIE_0_Minimal_Default
[2021.01.09-09.18.21:042][723]LogWorld: UWorld::CleanupWorld for Minimal_Default, bSessionEnded=true, bCleanupResources=true
[2021.01.09-09.18.21:042][723]LogSlate: InvalidateAllWidgets triggered.  All widgets were invalidated
[2021.01.09-09.18.21:050][723]LogPlayLevel: Display: Shutting down PIE online subsystems
[2021.01.09-09.18.21:053][723]LogSlate: InvalidateAllWidgets triggered.  All widgets were invalidated
[2021.01.09-09.18.21:073][723]LogSlate: Updating window title bar state: overlay mode, drag disabled, window buttons hidden, title bar hidden
[2021.01.09-09.18.21:093][723]LogAISub: UAISubsystem::~UAISubsystem AIPerceptionSystem (00000215A8783240), frame # 5723
[2021.01.09-09.18.21:093][723]LogAISub: UAISubsystem::~UAISubsystem EnvQueryManager (00000215A843E200), frame # 5723
[2021.01.09-09.18.21:095][723]LogUObjectHash: Compacting FUObjectHashTables data took   2.00ms
[2021.01.09-09.18.21:129][724]LogPlayLevel: Display: Destroying online subsystem :Context_8
[2021.01.09-09.18.29:658][192]LogSlate: Prevented a slow task dialog from being summoned while a context menu was open
[2021.01.09-09.18.30:785][258]LogSlate: Window '项目设置' being destroyed
[2021.01.09-09.18.30:793][258]LogSlate: Window '项目设置' being destroyed
[2021.01.09-09.18.31:712][309]LogTemp: Repeating last play command: 选中的视口
[2021.01.09-09.18.31:729][309]LogPlayLevel: PlayLevel: No blueprints needed recompiling
[2021.01.09-09.18.31:729][309]PIE: New page: PIE会话：Minimal_Default（2021年1月10日 上午1:18:31）
[2021.01.09-09.18.31:729][309]LogPlayLevel: Creating play world package: /Game/StarterContent/Maps/UEDPIE_0_Minimal_Default
[2021.01.09-09.18.31:732][309]LogPlayLevel: PIE: StaticDuplicateObject took: (0.003350s)
[2021.01.09-09.18.31:733][309]LogAIModule: Creating AISystem for world Minimal_Default
[2021.01.09-09.18.31:733][309]LogAISub: UAISubsystem::UAISubsystem EnvQueryManager (00000215884DB800), frame # 6309
[2021.01.09-09.18.31:733][309]LogAISub: UAISubsystem::UAISubsystem AIPerceptionSystem (000002159B70A840), frame # 6309
[2021.01.09-09.18.31:734][309]LogPlayLevel: PIE: World Init took: (0.001248s)
[2021.01.09-09.18.31:734][309]LogPlayLevel: PIE: Created PIE world by copying editor world from /Game/StarterContent/Maps/Minimal_Default.Minimal_Default to /Game/StarterContent/Maps/UEDPIE_0_Minimal_Default.Minimal_Default (0.004740s)
[2021.01.09-09.18.31:752][309]LogUObjectHash: Compacting FUObjectHashTables data took   2.00ms
[2021.01.09-09.18.31:755][309]LogAudioMixer: Display: Audio Mixer Platform Settings:
[2021.01.09-09.18.31:755][309]LogAudioMixer: Display: 	Sample Rate:						  48000
[2021.01.09-09.18.31:755][309]LogAudioMixer: Display: 	Callback Buffer Frame Size Requested: 1024
[2021.01.09-09.18.31:755][309]LogAudioMixer: Display: 	Callback Buffer Frame Size To Use:	  1024
[2021.01.09-09.18.31:755][309]LogAudioMixer: Display: 	Number of buffers to queue:			  2
[2021.01.09-09.18.31:755][309]LogAudioMixer: Display: 	Max Channels (voices):				  32
[2021.01.09-09.18.31:755][309]LogAudioMixer: Display: 	Number of Async Source Workers:		  0
[2021.01.09-09.18.31:755][309]LogAudio: Display: AudioDevice MaxSources: 32
[2021.01.09-09.18.31:756][309]LogAudio: Display: Using built-in audio occlusion.
[2021.01.09-09.18.31:756][309]LogAudioMixer: Display: Initializing audio mixer.
[2021.01.09-09.18.31:759][309]LogAudioMixer: Display: 0: FrontLeft
[2021.01.09-09.18.31:759][309]LogAudioMixer: Display: 1: FrontRight
[2021.01.09-09.18.31:776][309]LogAudioMixer: Display: Using Audio Device Speakers (2- HyperX Cloud Flight Wireless Headset)
[2021.01.09-09.18.31:776][309]LogAudioMixer: Display: Initializing Sound Submixes...
[2021.01.09-09.18.31:776][309]LogAudioMixer: Display: Creating Master Submix 'MasterSubmixDefault'
[2021.01.09-09.18.31:776][309]LogAudioMixer: Display: Creating Master Submix 'MasterReverbSubmixDefault'
[2021.01.09-09.18.31:777][309]LogAudioMixer: Display: Creating Master Submix 'MasterEQSubmixDefault'
[2021.01.09-09.18.31:792][309]LogInit: FAudioDevice initialized.
[2021.01.09-09.18.31:797][309]LogLoad: Game class is 'FactorioGameModeBase_BP_C'
[2021.01.09-09.18.31:799][309]LogWorld: Bringing World /Game/StarterContent/Maps/UEDPIE_0_Minimal_Default.Minimal_Default up for play (max tick rate 60) at 2021.01.09-17.18.31
[2021.01.09-09.18.31:799][309]LogWorld: Bringing up level for play took: 0.000669
[2021.01.09-09.18.31:799][309]LogOnline: OSS: Creating online subsystem instance for: :Context_10
[2021.01.09-09.18.31:801][309]LogTemp: Error: MyDefaultPawn_BP_C_0 missing physics handle component
[2021.01.09-09.18.31:802][309]PIE: 登陆的服务器
[2021.01.09-09.18.31:803][309]PIE: PIE总开始时间：0.075秒。
[2021.01.09-09.18.34:589][309]LogWindows: Error: === Critical error: ===
[2021.01.09-09.18.34:589][309]LogWindows: Error: 
[2021.01.09-09.18.34:589][309]LogWindows: Error: Fatal error!
[2021.01.09-09.18.34:589][309]LogWindows: Error: 
[2021.01.09-09.18.34:589][309]LogWindows: Error: Unhandled Exception: EXCEPTION_ACCESS_VIOLATION reading address 0x000000b8
[2021.01.09-09.18.34:589][309]LogWindows: Error: 
[2021.01.09-09.18.34:589][309]LogWindows: Error: [Callstack] 0x00007ffd52484b12 UE4Editor-Factorio.dll!UGrabber::TickComponent() [E:\UE4_Code\04_Factory\Factorio\Source\Factorio\Grabber.cpp:41]
[2021.01.09-09.18.34:589][309]LogWindows: Error: [Callstack] 0x00007ffcb7cb9346 UE4Editor-Engine.dll!UnknownFunction []
[2021.01.09-09.18.34:589][309]LogWindows: Error: [Callstack] 0x00007ffcb7ce01c4 UE4Editor-Engine.dll!UnknownFunction []
[2021.01.09-09.18.34:589][309]LogWindows: Error: [Callstack] 0x00007ffcb89f936f UE4Editor-Engine.dll!UnknownFunction []
[2021.01.09-09.18.34:589][309]LogWindows: Error: [Callstack] 0x00007ffcb89fe3c7 UE4Editor-Engine.dll!UnknownFunction []
[2021.01.09-09.18.34:589][309]LogWindows: Error: [Callstack] 0x00007ffcc51287d8 UE4Editor-Core.dll!UnknownFunction []
[2021.01.09-09.18.34:589][309]LogWindows: Error: [Callstack] 0x00007ffcc51289aa UE4Editor-Core.dll!UnknownFunction []
[2021.01.09-09.18.34:589][309]LogWindows: Error: [Callstack] 0x00007ffcc5128bb0 UE4Editor-Core.dll!UnknownFunction []
[2021.01.09-09.18.34:589][309]LogWindows: Error: [Callstack] 0x00007ffcb8a1a217 UE4Editor-Engine.dll!UnknownFunction []
[2021.01.09-09.18.34:589][309]LogWindows: Error: [Callstack] 0x00007ffcb8a1f6ca UE4Editor-Engine.dll!UnknownFunction []
[2021.01.09-09.18.34:589][309]LogWindows: Error: [Callstack] 0x00007ffcb81dd0bf UE4Editor-Engine.dll!UnknownFunction []
[2021.01.09-09.18.34:589][309]LogWindows: Error: [Callstack] 0x00007ffcb81e809a UE4Editor-Engine.dll!UnknownFunction []
[2021.01.09-09.18.34:589][309]LogWindows: Error: [Callstack] 0x00007ffcb629af57 UE4Editor-UnrealEd.dll!UnknownFunction []
[2021.01.09-09.18.34:589][309]LogWindows: Error: [Callstack] 0x00007ffcb6b737e6 UE4Editor-UnrealEd.dll!UnknownFunction []
[2021.01.09-09.18.34:589][309]LogWindows: Error: [Callstack] 0x00007ff772967800 UE4Editor.exe!UnknownFunction []
[2021.01.09-09.18.34:589][309]LogWindows: Error: [Callstack] 0x00007ff77297ba7c UE4Editor.exe!UnknownFunction []
[2021.01.09-09.18.34:589][309]LogWindows: Error: [Callstack] 0x00007ff77297bb5a UE4Editor.exe!UnknownFunction []
[2021.01.09-09.18.34:589][309]LogWindows: Error: [Callstack] 0x00007ff77298e31d UE4Editor.exe!UnknownFunction []
[2021.01.09-09.18.34:589][309]LogWindows: Error: [Callstack] 0x00007ff77299145a UE4Editor.exe!UnknownFunction []
[2021.01.09-09.18.34:589][309]LogWindows: Error: [Callstack] 0x00007ffd58784034 KERNEL32.DLL!UnknownFunction []
[2021.01.09-09.18.34:589][309]LogWindows: Error: [Callstack] 0x00007ffd5ad33691 ntdll.dll!UnknownFunction []
[2021.01.09-09.18.34:590][309]LogWindows: Error: 
[2021.01.09-09.18.34:609][309]LogExit: Executing StaticShutdownAfterError
[2021.01.09-09.18.34:612][309]LogWindows: FPlatformMisc::RequestExit(1)
[2021.01.09-09.18.34:612][309]LogCore: Engine exit requested (reason: Win RequestExit)
[2021.01.09-09.18.34:616][309]Log file closed, 01/09/21 17:18:34
