Log file open, 01/09/21 18:30:41
LogInit: Display: Running engine for game: Factorio
LogPlatformFile: Not using cached read wrapper
LogTaskGraph: Started task graph with 5 named threads and 23 total threads with 3 sets of task threads.
LogStats: Stats thread started at 0.192965
LogD3D11RHI: Loaded GFSDK_Aftermath_Lib.x64.dll
LogICUInternationalization: ICU TimeZone Detection - Raw Offset: +8:00, Platform Override: ''
LogPluginManager: Mounting plugin Paper2D
LogPluginManager: Mounting plugin AISupport
LogPluginManager: Mounting plugin LightPropagationVolume
LogPluginManager: Mounting plugin CameraShakePreviewer
LogPluginManager: Mounting plugin ActorLayerUtilities
LogPluginManager: Mounting plugin AnimationSharing
LogPluginManager: Mounting plugin CLionSourceCodeAccess
LogPluginManager: Mounting plugin CodeLiteSourceCodeAccess
LogPluginManager: Mounting plugin GitSourceControl
LogPluginManager: Mounting plugin KDevelopSourceCodeAccess
LogPluginManager: Mounting plugin NullSourceCodeAccess
LogPluginManager: Mounting plugin PerforceSourceControl
LogPluginManager: Mounting plugin PlasticSourceControl
LogPluginManager: Mounting plugin RiderLink
LogPluginManager: Mounting plugin RiderSourceCodeAccess
LogPluginManager: Mounting plugin SubversionSourceControl
LogPluginManager: Mounting plugin UObjectPlugin
LogPluginManager: Mounting plugin VisualStudioCodeSourceCodeAccess
LogPluginManager: Mounting plugin VisualStudioSourceCodeAccess
LogPluginManager: Mounting plugin XCodeSourceCodeAccess
LogPluginManager: Mounting plugin AssetManagerEditor
LogPluginManager: Mounting plugin CryptoKeys
LogPluginManager: Mounting plugin CurveEditorTools
LogPluginManager: Mounting plugin DataValidation
LogPluginManager: Mounting plugin EditorScriptingUtilities
LogPluginManager: Mounting plugin FacialAnimation
LogPluginManager: Mounting plugin GameplayTagsEditor
LogPluginManager: Mounting plugin GeometryMode
LogPluginManager: Mounting plugin MacGraphicsSwitching
LogPluginManager: Mounting plugin MaterialAnalyzer
LogPluginManager: Mounting plugin MobileLauncherProfileWizard
LogPluginManager: Mounting plugin PluginBrowser
LogPluginManager: Mounting plugin SpeedTreeImporter
LogPluginManager: Mounting plugin DatasmithContent
LogPluginManager: Mounting plugin VariantManagerContent
LogPluginManager: Mounting plugin AlembicImporter
LogPluginManager: Mounting plugin AutomationUtils
LogPluginManager: Mounting plugin BackChannel
LogPluginManager: Mounting plugin ChaosCloth
LogPluginManager: Mounting plugin ChaosClothEditor
LogPluginManager: Mounting plugin ChaosEditor
LogPluginManager: Mounting plugin ChaosNiagara
LogPluginManager: Mounting plugin ChaosSolverPlugin
LogPluginManager: Mounting plugin CharacterAI
LogPluginManager: Mounting plugin GeometryCache
LogPluginManager: Mounting plugin GeometryCollectionPlugin
LogPluginManager: Mounting plugin GeometryProcessing
LogPluginManager: Mounting plugin PlanarCut
LogPluginManager: Mounting plugin PlatformCrypto
LogPluginManager: Mounting plugin ProxyLODPlugin
LogPluginManager: Mounting plugin PythonScriptPlugin
LogPluginManager: Mounting plugin SkeletalReduction
LogPluginManager: Mounting plugin Niagara
LogPluginManager: Mounting plugin MagicLeap
LogPluginManager: Mounting plugin MagicLeapLightEstimation
LogPluginManager: Mounting plugin MagicLeapMedia
LogPluginManager: Mounting plugin MagicLeapPassableWorld
LogPluginManager: Mounting plugin MLSDK
LogPluginManager: Mounting plugin AndroidMedia
LogPluginManager: Mounting plugin AvfMedia
LogPluginManager: Mounting plugin ImgMedia
LogPluginManager: Mounting plugin MediaCompositing
LogPluginManager: Mounting plugin MediaPlayerEditor
LogPluginManager: Mounting plugin WebMMedia
LogPluginManager: Mounting plugin WmfMedia
LogPluginManager: Mounting plugin MegascansPlugin
LogPluginManager: Mounting plugin MeshPainting
LogPluginManager: Mounting plugin TcpMessaging
LogPluginManager: Mounting plugin UdpMessaging
LogPluginManager: Mounting plugin ActorSequence
LogPluginManager: Mounting plugin LevelSequenceEditor
LogPluginManager: Mounting plugin MatineeToLevelSequence
LogPluginManager: Mounting plugin MovieRenderPipeline
LogPluginManager: Mounting plugin TemplateSequence
LogPluginManager: Mounting plugin NetcodeUnitTest
LogPluginManager: Mounting plugin NUTUnrealEngine4
LogPluginManager: Mounting plugin OnlineSubsystemGooglePlay
LogPluginManager: Mounting plugin OnlineSubsystemIOS
LogPluginManager: Mounting plugin OnlineSubsystem
LogPluginManager: Mounting plugin OnlineSubsystemNull
LogPluginManager: Mounting plugin OnlineSubsystemUtils
LogPluginManager: Mounting plugin LauncherChunkInstaller
LogPluginManager: Mounting plugin AndroidDeviceProfileSelector
LogPluginManager: Mounting plugin AndroidMoviePlayer
LogPluginManager: Mounting plugin AndroidPermission
LogPluginManager: Mounting plugin AppleImageUtils
LogPluginManager: Mounting plugin AppleMoviePlayer
LogPluginManager: Mounting plugin ArchVisCharacter
LogPluginManager: Mounting plugin AssetTags
LogPluginManager: Mounting plugin AudioCapture
LogPluginManager: Mounting plugin CableComponent
LogPluginManager: Mounting plugin CustomMeshComponent
LogPluginManager: Mounting plugin DatabaseSupport
LogPluginManager: Mounting plugin SQLiteCore
LogPluginManager: Mounting plugin SQLiteSupport
LogPluginManager: Mounting plugin EditableMesh
LogPluginManager: Mounting plugin ExampleDeviceProfileSelector
LogPluginManager: Mounting plugin GoogleCloudMessaging
LogPluginManager: Mounting plugin GooglePAD
LogPluginManager: Mounting plugin IOSDeviceProfileSelector
LogPluginManager: Mounting plugin LinuxDeviceProfileSelector
LogPluginManager: Mounting plugin LocationServicesBPLibrary
LogPluginManager: Mounting plugin MobilePatchingUtils
LogPluginManager: Mounting plugin OculusVR
LogPluginManager: Mounting plugin PhysXVehicles
LogPluginManager: Mounting plugin PostSplashScreen
LogPluginManager: Mounting plugin ProceduralMeshComponent
LogPluginManager: Mounting plugin RuntimePhysXCooking
LogPluginManager: Mounting plugin SignificanceManager
LogPluginManager: Mounting plugin SoundFields
LogPluginManager: Mounting plugin SteamVR
LogPluginManager: Mounting plugin Synthesis
LogPluginManager: Mounting plugin WebMMoviePlayer
LogPluginManager: Mounting plugin WindowsMoviePlayer
LogPluginManager: Mounting plugin ScreenshotTools
LogInit: Using libcurl 7.55.1-DEV
LogInit:  - built for x86_64-pc-win32
LogInit:  - supports SSL with OpenSSL/1.1.1
LogInit:  - supports HTTP deflate (compression) using libz 1.2.8
LogInit:  - other features:
LogInit:      CURL_VERSION_SSL
LogInit:      CURL_VERSION_LIBZ
LogInit:      CURL_VERSION_IPV6
LogInit:      CURL_VERSION_ASYNCHDNS
LogInit:      CURL_VERSION_LARGEFILE
LogInit:      CURL_VERSION_IDN
LogInit:  CurlRequestOptions (configurable via config and command line):
LogInit:  - bVerifyPeer = true  - Libcurl will verify peer certificate
LogInit:  - bUseHttpProxy = false  - Libcurl will NOT use HTTP proxy
LogInit:  - bDontReuseConnections = false  - Libcurl will reuse connections
LogInit:  - MaxHostConnections = 16  - Libcurl will limit the number of connections to a host
LogInit:  - LocalHostAddr = Default
LogInit:  - BufferSize = 65536
LogOnline: OSS: Creating online subsystem instance for: NULL
LogInit: WinSock: version 1.1 (2.2), MaxSocks=32767, MaxUdp=65467
LogOnline: OSS: TryLoadSubsystemAndSetDefault: Loaded subsystem for module [NULL]
LogInit: Build: ++UE4+Release-4.25-CL-14469661
LogInit: Engine Version: 4.25.4-14469661+++UE4+Release-4.25
LogInit: Compatible Engine Version: 4.25.0-13144385+++UE4+Release-4.25
LogInit: Net CL: 13144385
LogInit: OS: Windows 10 (Release 1803) (), CPU: Intel(R) Core(TM) i7-7820HK CPU @ 2.90GHz, GPU: NVIDIA GeForce GTX 1070
LogInit: Compiled (64-bit): Oct 11 2020 08:10:49
LogInit: Compiled with Visual C++: 19.24.28315.00
LogInit: Build Configuration: Development
LogInit: Branch Name: ++UE4+Release-4.25
LogInit: Command Line: 
LogInit: Base Directory: E:/UE_4.25/Engine/Binaries/Win64/
LogInit: Allocator: TBB
LogInit: Installed Engine Build: 1
LogDevObjectVersion: Number of dev versions registered: 26
LogDevObjectVersion:   Dev-Blueprints (B0D832E4-1F89-4F0D-ACCF-7EB736FD4AA2): 10
LogDevObjectVersion:   Dev-Build (E1C64328-A22C-4D53-A36C-8E866417BD8C): 0
LogDevObjectVersion:   Dev-Core (375EC13C-06E4-48FB-B500-84F0262A717E): 4
LogDevObjectVersion:   Dev-Editor (E4B068ED-F494-42E9-A231-DA0B2E46BB41): 38
LogDevObjectVersion:   Dev-Framework (CFFC743F-43B0-4480-9391-14DF171D2073): 37
LogDevObjectVersion:   Dev-Mobile (B02B49B5-BB20-44E9-A304-32B752E40360): 2
LogDevObjectVersion:   Dev-Networking (A4E4105C-59A1-49B5-A7C5-40C4547EDFEE): 0
LogDevObjectVersion:   Dev-Online (39C831C9-5AE6-47DC-9A44-9C173E1C8E7C): 0
LogDevObjectVersion:   Dev-Physics (78F01B33-EBEA-4F98-B9B4-84EACCB95AA2): 4
LogDevObjectVersion:   Dev-Platform (6631380F-2D4D-43E0-8009-CF276956A95A): 0
LogDevObjectVersion:   Dev-Rendering (12F88B9F-8875-4AFC-A67C-D90C383ABD29): 43
LogDevObjectVersion:   Dev-Sequencer (7B5AE74C-D270-4C10-A958-57980B212A5A): 12
LogDevObjectVersion:   Dev-VR (D7296918-1DD6-4BDD-9DE2-64A83CC13884): 3
LogDevObjectVersion:   Dev-LoadTimes (C2A15278-BFE7-4AFE-6C17-90FF531DF755): 1
LogDevObjectVersion:   Private-Geometry (6EACA3D4-40EC-4CC1-B786-8BED09428FC5): 3
LogDevObjectVersion:   Dev-AnimPhys (29E575DD-E0A3-4627-9D10-D276232CDCEA): 17
LogDevObjectVersion:   Dev-Anim (AF43A65D-7FD3-4947-9873-3E8ED9C1BB05): 7
LogDevObjectVersion:   Dev-ReflectionCapture (6B266CEC-1EC7-4B8F-A30B-E4D90942FC07): 1
LogDevObjectVersion:   Dev-Automation (0DF73D61-A23F-47EA-B727-89E90C41499A): 1
LogDevObjectVersion:   FortniteMain (601D1886-AC64-4F84-AA16-D3DE0DEAC7D6): 31
LogDevObjectVersion:   Dev-Enterprise (9DFFBCD6-494F-0158-E221-12823C92A888): 10
LogDevObjectVersion:   Dev-Niagara (F2AED0AC-9AFE-416F-8664-AA7FFA26D6FC): 1
LogDevObjectVersion:   Dev-Destruction (174F1F0B-B4C6-45A5-B13F-2EE8D0FB917D): 10
LogDevObjectVersion:   Dev-Physics-Ext (35F94A83-E258-406C-A318-09F59610247C): 37
LogDevObjectVersion:   Dev-PhysicsMaterial-Chaos (B68FC16E-8B1B-42E2-B453-215C058844FE): 1
LogDevObjectVersion:   Dev-CineCamera (B2E18506-4273-CFC2-A54E-F4BB758BBA07): 1
LogInit: Presizing for max 25165824 objects, including 0 objects not considered by GC, pre-allocating 0 bytes for permanent pool.
LogConfig: Applying CVar settings from Section [/Script/Engine.StreamingSettings] File [E:/UE4_Code/04_Factory/Factorio/Saved/Config/Windows/Engine.ini]
LogConfig: Setting CVar [[s.MinBulkDataSizeForAsyncLoading:131072]]
LogConfig: Setting CVar [[s.AsyncLoadingThreadEnabled:0]]
LogConfig: Setting CVar [[s.EventDrivenLoaderEnabled:1]]
LogConfig: Setting CVar [[s.WarnIfTimeLimitExceeded:0]]
LogConfig: Setting CVar [[s.TimeLimitExceededMultiplier:1.5]]
LogConfig: Setting CVar [[s.TimeLimitExceededMinTime:0.005]]
LogConfig: Setting CVar [[s.UseBackgroundLevelStreaming:1]]
LogConfig: Setting CVar [[s.PriorityAsyncLoadingExtraTime:15.0]]
LogConfig: Setting CVar [[s.LevelStreamingActorsUpdateTimeLimit:5.0]]
LogConfig: Setting CVar [[s.PriorityLevelStreamingActorsUpdateExtraTime:5.0]]
LogConfig: Setting CVar [[s.LevelStreamingComponentsRegistrationGranularity:10]]
LogConfig: Setting CVar [[s.UnregisterComponentsTimeLimit:1.0]]
LogConfig: Setting CVar [[s.LevelStreamingComponentsUnregistrationGranularity:5]]
LogConfig: Setting CVar [[s.FlushStreamingOnExit:1]]
LogInit: Object subsystem initialized
LogConfig: Setting CVar [[con.DebugEarlyDefault:1]]
LogConfig: Setting CVar [[r.setres:1280x720]]
[2021.01.09-10.30.41:907][  0]LogConfig: Setting CVar [[r.VSync:0]]
[2021.01.09-10.30.41:907][  0]LogConfig: Setting CVar [[r.RHICmdBypass:0]]
[2021.01.09-10.30.41:907][  0]LogConfig: Applying CVar settings from Section [/Script/Engine.RendererSettings] File [E:/UE4_Code/04_Factory/Factorio/Saved/Config/Windows/Engine.ini]
[2021.01.09-10.30.41:907][  0]LogConfig: Setting CVar [[r.GPUCrashDebugging:0]]
[2021.01.09-10.30.41:907][  0]LogConfig: Applying CVar settings from Section [/Script/Engine.RendererOverrideSettings] File [E:/UE4_Code/04_Factory/Factorio/Saved/Config/Windows/Engine.ini]
[2021.01.09-10.30.41:907][  0]LogConfig: Applying CVar settings from Section [/Script/Engine.StreamingSettings] File [E:/UE4_Code/04_Factory/Factorio/Saved/Config/Windows/Engine.ini]
[2021.01.09-10.30.41:907][  0]LogConfig: Setting CVar [[s.MinBulkDataSizeForAsyncLoading:131072]]
[2021.01.09-10.30.41:907][  0]LogConfig: Setting CVar [[s.AsyncLoadingThreadEnabled:0]]
[2021.01.09-10.30.41:907][  0]LogConfig: Setting CVar [[s.EventDrivenLoaderEnabled:1]]
[2021.01.09-10.30.41:907][  0]LogConfig: Setting CVar [[s.WarnIfTimeLimitExceeded:0]]
[2021.01.09-10.30.41:907][  0]LogConfig: Setting CVar [[s.TimeLimitExceededMultiplier:1.5]]
[2021.01.09-10.30.41:907][  0]LogConfig: Setting CVar [[s.TimeLimitExceededMinTime:0.005]]
[2021.01.09-10.30.41:907][  0]LogConfig: Setting CVar [[s.UseBackgroundLevelStreaming:1]]
[2021.01.09-10.30.41:907][  0]LogConfig: Setting CVar [[s.PriorityAsyncLoadingExtraTime:15.0]]
[2021.01.09-10.30.41:907][  0]LogConfig: Setting CVar [[s.LevelStreamingActorsUpdateTimeLimit:5.0]]
[2021.01.09-10.30.41:907][  0]LogConfig: Setting CVar [[s.PriorityLevelStreamingActorsUpdateExtraTime:5.0]]
[2021.01.09-10.30.41:907][  0]LogConfig: Setting CVar [[s.LevelStreamingComponentsRegistrationGranularity:10]]
[2021.01.09-10.30.41:907][  0]LogConfig: Setting CVar [[s.UnregisterComponentsTimeLimit:1.0]]
[2021.01.09-10.30.41:907][  0]LogConfig: Setting CVar [[s.LevelStreamingComponentsUnregistrationGranularity:5]]
[2021.01.09-10.30.41:907][  0]LogConfig: Setting CVar [[s.FlushStreamingOnExit:1]]
[2021.01.09-10.30.41:907][  0]LogConfig: Applying CVar settings from Section [/Script/Engine.GarbageCollectionSettings] File [E:/UE4_Code/04_Factory/Factorio/Saved/Config/Windows/Engine.ini]
[2021.01.09-10.30.41:907][  0]LogConfig: Setting CVar [[gc.MaxObjectsNotConsideredByGC:1]]
[2021.01.09-10.30.41:907][  0]LogConfig: Setting CVar [[gc.SizeOfPermanentObjectPool:0]]
[2021.01.09-10.30.41:907][  0]LogConfig: Setting CVar [[gc.FlushStreamingOnGC:0]]
[2021.01.09-10.30.41:907][  0]LogConfig: Setting CVar [[gc.NumRetriesBeforeForcingGC:10]]
[2021.01.09-10.30.41:907][  0]LogConfig: Setting CVar [[gc.AllowParallelGC:1]]
[2021.01.09-10.30.41:907][  0]LogConfig: Setting CVar [[gc.TimeBetweenPurgingPendingKillObjects:61.1]]
[2021.01.09-10.30.41:907][  0]LogConfig: Setting CVar [[gc.MaxObjectsInEditor:25165824]]
[2021.01.09-10.30.41:907][  0]LogConfig: Setting CVar [[gc.IncrementalBeginDestroyEnabled:1]]
[2021.01.09-10.30.41:907][  0]LogConfig: Setting CVar [[gc.CreateGCClusters:1]]
[2021.01.09-10.30.41:907][  0]LogConfig: Setting CVar [[gc.MinGCClusterSize:5]]
[2021.01.09-10.30.41:907][  0]LogConfig: Setting CVar [[gc.ActorClusteringEnabled:0]]
[2021.01.09-10.30.41:907][  0]LogConfig: Setting CVar [[gc.BlueprintClusteringEnabled:0]]
[2021.01.09-10.30.41:907][  0]LogConfig: Setting CVar [[gc.UseDisregardForGCOnDedicatedServers:0]]
[2021.01.09-10.30.41:907][  0]LogConfig: Applying CVar settings from Section [/Script/Engine.NetworkSettings] File [E:/UE4_Code/04_Factory/Factorio/Saved/Config/Windows/Engine.ini]
[2021.01.09-10.30.41:907][  0]LogConfig: Applying CVar settings from Section [/Script/UnrealEd.CookerSettings] File [E:/UE4_Code/04_Factory/Factorio/Saved/Config/Windows/Engine.ini]
[2021.01.09-10.30.41:917][  0]LogConfig: Applying CVar settings from Section [ViewDistanceQuality@3] File [E:/UE4_Code/04_Factory/Factorio/Saved/Config/Windows/Scalability.ini]
[2021.01.09-10.30.41:917][  0]LogConfig: Setting CVar [[r.SkeletalMeshLODBias:0]]
[2021.01.09-10.30.41:917][  0]LogConfig: Setting CVar [[r.ViewDistanceScale:1.0]]
[2021.01.09-10.30.41:917][  0]LogConfig: Applying CVar settings from Section [AntiAliasingQuality@3] File [E:/UE4_Code/04_Factory/Factorio/Saved/Config/Windows/Scalability.ini]
[2021.01.09-10.30.41:917][  0]LogConfig: Setting CVar [[r.PostProcessAAQuality:4]]
[2021.01.09-10.30.41:917][  0]LogConfig: Applying CVar settings from Section [ShadowQuality@3] File [E:/UE4_Code/04_Factory/Factorio/Saved/Config/Windows/Scalability.ini]
[2021.01.09-10.30.41:917][  0]LogConfig: Setting CVar [[r.LightFunctionQuality:1]]
[2021.01.09-10.30.41:917][  0]LogConfig: Setting CVar [[r.ShadowQuality:5]]
[2021.01.09-10.30.41:917][  0]LogConfig: Setting CVar [[r.Shadow.CSM.MaxCascades:10]]
[2021.01.09-10.30.41:917][  0]LogConfig: Setting CVar [[r.Shadow.MaxResolution:2048]]
[2021.01.09-10.30.41:917][  0]LogConfig: Setting CVar [[r.Shadow.MaxCSMResolution:2048]]
[2021.01.09-10.30.41:918][  0]LogConfig: Setting CVar [[r.Shadow.RadiusThreshold:0.01]]
[2021.01.09-10.30.41:918][  0]LogConfig: Setting CVar [[r.Shadow.DistanceScale:1.0]]
[2021.01.09-10.30.41:918][  0]LogConfig: Setting CVar [[r.Shadow.CSM.TransitionScale:1.0]]
[2021.01.09-10.30.41:918][  0]LogConfig: Setting CVar [[r.Shadow.PreShadowResolutionFactor:1.0]]
[2021.01.09-10.30.41:918][  0]LogConfig: Setting CVar [[r.DistanceFieldShadowing:1]]
[2021.01.09-10.30.41:918][  0]LogConfig: Setting CVar [[r.DistanceFieldAO:1]]
[2021.01.09-10.30.41:918][  0]LogConfig: Setting CVar [[r.AOQuality:2]]
[2021.01.09-10.30.41:918][  0]LogConfig: Setting CVar [[r.VolumetricFog:1]]
[2021.01.09-10.30.41:918][  0]LogConfig: Setting CVar [[r.VolumetricFog.GridPixelSize:8]]
[2021.01.09-10.30.41:918][  0]LogConfig: Setting CVar [[r.VolumetricFog.GridSizeZ:128]]
[2021.01.09-10.30.41:918][  0]LogConfig: Setting CVar [[r.VolumetricFog.HistoryMissSupersampleCount:4]]
[2021.01.09-10.30.41:918][  0]LogConfig: Setting CVar [[r.LightMaxDrawDistanceScale:1]]
[2021.01.09-10.30.41:918][  0]LogConfig: Setting CVar [[r.CapsuleShadows:1]]
[2021.01.09-10.30.41:918][  0]LogConfig: Applying CVar settings from Section [PostProcessQuality@3] File [E:/UE4_Code/04_Factory/Factorio/Saved/Config/Windows/Scalability.ini]
[2021.01.09-10.30.41:918][  0]LogConfig: Setting CVar [[r.MotionBlurQuality:4]]
[2021.01.09-10.30.41:918][  0]LogConfig: Setting CVar [[r.AmbientOcclusionMipLevelFactor:0.4]]
[2021.01.09-10.30.41:918][  0]LogConfig: Setting CVar [[r.AmbientOcclusionMaxQuality:100]]
[2021.01.09-10.30.41:918][  0]LogConfig: Setting CVar [[r.AmbientOcclusionLevels:-1]]
[2021.01.09-10.30.41:918][  0]LogConfig: Setting CVar [[r.AmbientOcclusionRadiusScale:1.0]]
[2021.01.09-10.30.41:918][  0]LogConfig: Setting CVar [[r.DepthOfFieldQuality:2]]
[2021.01.09-10.30.41:918][  0]LogConfig: Setting CVar [[r.RenderTargetPoolMin:400]]
[2021.01.09-10.30.41:918][  0]LogConfig: Setting CVar [[r.LensFlareQuality:2]]
[2021.01.09-10.30.41:918][  0]LogConfig: Setting CVar [[r.SceneColorFringeQuality:1]]
[2021.01.09-10.30.41:918][  0]LogConfig: Setting CVar [[r.EyeAdaptationQuality:2]]
[2021.01.09-10.30.41:918][  0]LogConfig: Setting CVar [[r.BloomQuality:5]]
[2021.01.09-10.30.41:918][  0]LogConfig: Setting CVar [[r.FastBlurThreshold:100]]
[2021.01.09-10.30.41:918][  0]LogConfig: Setting CVar [[r.Upscale.Quality:3]]
[2021.01.09-10.30.41:918][  0]LogConfig: Setting CVar [[r.Tonemapper.GrainQuantization:1]]
[2021.01.09-10.30.41:918][  0]LogConfig: Setting CVar [[r.LightShaftQuality:1]]
[2021.01.09-10.30.41:918][  0]LogConfig: Setting CVar [[r.Filter.SizeScale:1]]
[2021.01.09-10.30.41:918][  0]LogConfig: Setting CVar [[r.Tonemapper.Quality:5]]
[2021.01.09-10.30.41:918][  0]LogConfig: Setting CVar [[r.DOF.Gather.AccumulatorQuality:1        ; higher gathering accumulator quality]]
[2021.01.09-10.30.41:918][  0]LogConfig: Setting CVar [[r.DOF.Gather.PostfilterMethod:1          ; Median3x3 postfilering method]]
[2021.01.09-10.30.41:918][  0]LogConfig: Setting CVar [[r.DOF.Gather.EnableBokehSettings:0       ; no bokeh simulation when gathering]]
[2021.01.09-10.30.41:918][  0]LogConfig: Setting CVar [[r.DOF.Gather.RingCount:4                 ; medium number of samples when gathering]]
[2021.01.09-10.30.41:918][  0]LogConfig: Setting CVar [[r.DOF.Scatter.ForegroundCompositing:1    ; additive foreground scattering]]
[2021.01.09-10.30.41:918][  0]LogConfig: Setting CVar [[r.DOF.Scatter.BackgroundCompositing:2    ; additive background scattering]]
[2021.01.09-10.30.41:918][  0]LogConfig: Setting CVar [[r.DOF.Scatter.EnableBokehSettings:1      ; bokeh simulation when scattering]]
[2021.01.09-10.30.41:918][  0]LogConfig: Setting CVar [[r.DOF.Scatter.MaxSpriteRatio:0.1         ; only a maximum of 10% of scattered bokeh]]
[2021.01.09-10.30.41:918][  0]LogConfig: Setting CVar [[r.DOF.Recombine.Quality:1                ; cheap slight out of focus]]
[2021.01.09-10.30.41:918][  0]LogConfig: Setting CVar [[r.DOF.Recombine.EnableBokehSettings:0    ; no bokeh simulation on slight out of focus]]
[2021.01.09-10.30.41:918][  0]LogConfig: Setting CVar [[r.DOF.TemporalAAQuality:1                ; more stable temporal accumulation]]
[2021.01.09-10.30.41:918][  0]LogConfig: Setting CVar [[r.DOF.Kernel.MaxForegroundRadius:0.025]]
[2021.01.09-10.30.41:918][  0]LogConfig: Setting CVar [[r.DOF.Kernel.MaxBackgroundRadius:0.025]]
[2021.01.09-10.30.41:918][  0]LogConfig: Applying CVar settings from Section [TextureQuality@3] File [E:/UE4_Code/04_Factory/Factorio/Saved/Config/Windows/Scalability.ini]
[2021.01.09-10.30.41:918][  0]LogConfig: Setting CVar [[r.Streaming.MipBias:0]]
[2021.01.09-10.30.41:918][  0]LogConfig: Setting CVar [[r.Streaming.AmortizeCPUToGPUCopy:0]]
[2021.01.09-10.30.41:918][  0]LogConfig: Setting CVar [[r.Streaming.MaxNumTexturesToStreamPerFrame:0]]
[2021.01.09-10.30.41:918][  0]LogConfig: Setting CVar [[r.Streaming.Boost:1]]
[2021.01.09-10.30.41:918][  0]LogConfig: Setting CVar [[r.MaxAnisotropy:8]]
[2021.01.09-10.30.41:918][  0]LogConfig: Setting CVar [[r.VT.MaxAnisotropy:8]]
[2021.01.09-10.30.41:918][  0]LogConfig: Setting CVar [[r.Streaming.LimitPoolSizeToVRAM:0]]
[2021.01.09-10.30.41:918][  0]LogConfig: Setting CVar [[r.Streaming.PoolSize:1000]]
[2021.01.09-10.30.41:918][  0]LogConfig: Setting CVar [[r.Streaming.MaxEffectiveScreenSize:0]]
[2021.01.09-10.30.41:918][  0]LogConfig: Applying CVar settings from Section [EffectsQuality@3] File [E:/UE4_Code/04_Factory/Factorio/Saved/Config/Windows/Scalability.ini]
[2021.01.09-10.30.41:918][  0]LogConfig: Setting CVar [[r.TranslucencyLightingVolumeDim:64]]
[2021.01.09-10.30.41:918][  0]LogConfig: Setting CVar [[r.RefractionQuality:2]]
[2021.01.09-10.30.41:918][  0]LogConfig: Setting CVar [[r.SSR.Quality:3]]
[2021.01.09-10.30.41:918][  0]LogConfig: Setting CVar [[r.SSR.HalfResSceneColor:0]]
[2021.01.09-10.30.41:918][  0]LogConfig: Setting CVar [[r.SceneColorFormat:4]]
[2021.01.09-10.30.41:918][  0]LogConfig: Setting CVar [[r.DetailMode:2]]
[2021.01.09-10.30.41:918][  0]LogConfig: Setting CVar [[r.TranslucencyVolumeBlur:1]]
[2021.01.09-10.30.41:918][  0]LogConfig: Setting CVar [[r.MaterialQualityLevel:1 ; High quality]]
[2021.01.09-10.30.41:918][  0]LogConfig: Setting CVar [[r.SSS.Scale:1]]
[2021.01.09-10.30.41:918][  0]LogConfig: Setting CVar [[r.SSS.SampleSet:2]]
[2021.01.09-10.30.41:918][  0]LogConfig: Setting CVar [[r.SSS.Quality:1]]
[2021.01.09-10.30.41:918][  0]LogConfig: Setting CVar [[r.SSS.HalfRes:0]]
[2021.01.09-10.30.41:918][  0]LogConfig: Setting CVar [[r.SSGI.Quality:3]]
[2021.01.09-10.30.41:918][  0]LogConfig: Setting CVar [[r.EmitterSpawnRateScale:1.0]]
[2021.01.09-10.30.41:918][  0]LogConfig: Setting CVar [[r.ParticleLightQuality:2]]
[2021.01.09-10.30.41:918][  0]LogConfig: Setting CVar [[r.SkyAtmosphere.AerialPerspectiveLUT.FastApplyOnOpaque:1 ; Always have FastSkyLUT 1 in this case to avoid wrong sky]]
[2021.01.09-10.30.41:918][  0]LogConfig: Setting CVar [[r.SkyAtmosphere.AerialPerspectiveLUT.SampleCountPerSlice:1]]
[2021.01.09-10.30.41:918][  0]LogConfig: Setting CVar [[r.SkyAtmosphere.AerialPerspectiveLUT.DepthResolution:16.0]]
[2021.01.09-10.30.41:918][  0]LogConfig: Setting CVar [[r.SkyAtmosphere.FastSkyLUT:1]]
[2021.01.09-10.30.41:918][  0]LogConfig: Setting CVar [[r.SkyAtmosphere.FastSkyLUT.SampleCountMin:4.0]]
[2021.01.09-10.30.41:918][  0]LogConfig: Setting CVar [[r.SkyAtmosphere.FastSkyLUT.SampleCountMax:32.0]]
[2021.01.09-10.30.41:919][  0]LogConfig: Setting CVar [[r.SkyAtmosphere.SampleCountMin:4.0]]
[2021.01.09-10.30.41:919][  0]LogConfig: Setting CVar [[r.SkyAtmosphere.SampleCountMax:32.0]]
[2021.01.09-10.30.41:919][  0]LogConfig: Setting CVar [[r.SkyAtmosphere.TransmittanceLUT.UseSmallFormat:0]]
[2021.01.09-10.30.41:919][  0]LogConfig: Setting CVar [[r.SkyAtmosphere.TransmittanceLUT.SampleCount:10.0]]
[2021.01.09-10.30.41:919][  0]LogConfig: Setting CVar [[r.SkyAtmosphere.MultiScatteringLUT.SampleCount:15.0]]
[2021.01.09-10.30.41:919][  0]LogConfig: Applying CVar settings from Section [FoliageQuality@3] File [E:/UE4_Code/04_Factory/Factorio/Saved/Config/Windows/Scalability.ini]
[2021.01.09-10.30.41:919][  0]LogConfig: Setting CVar [[foliage.DensityScale:1.0]]
[2021.01.09-10.30.41:919][  0]LogConfig: Setting CVar [[grass.DensityScale:1.0]]
[2021.01.09-10.30.41:919][  0]LogConfig: Applying CVar settings from Section [ShadingQuality@3] File [E:/UE4_Code/04_Factory/Factorio/Saved/Config/Windows/Scalability.ini]
[2021.01.09-10.30.41:919][  0]LogConfig: Setting CVar [[r.HairStrands.SkyLighting.SampleCount:16]]
[2021.01.09-10.30.41:919][  0]LogConfig: Setting CVar [[r.HairStrands.SkyLighting.JitterIntegration:0]]
[2021.01.09-10.30.41:919][  0]LogConfig: Setting CVar [[r.HairStrands.SkyAO.SampleCount:16]]
[2021.01.09-10.30.41:919][  0]LogConfig: Setting CVar [[r.HairStrands.DeepShadow.SuperSampling:0]]
[2021.01.09-10.30.41:919][  0]LogConfig: Setting CVar [[r.HairStrands.VisibilityPPLL:0]]
[2021.01.09-10.30.41:919][  0]LogConfig: Setting CVar [[r.HairStrands.RasterizationScale:0.5]]
[2021.01.09-10.30.41:919][  0]LogConfig: Setting CVar [[r.HairStrands.VelocityRasterizationScale:1]]
[2021.01.09-10.30.41:919][  0]LogInit: Selected Device Profile: [Windows]
[2021.01.09-10.30.41:919][  0]LogInit: Applying CVar settings loaded from the selected device profile: [Windows]
[2021.01.09-10.30.41:919][  0]LogHAL: Display: Platform has ~ 16 GB [17042640896 / 17179869184 / 16], which maps to Larger [LargestMinGB=32, LargerMinGB=12, DefaultMinGB=8, SmallerMinGB=6, SmallestMinGB=0)
[2021.01.09-10.30.41:919][  0]LogInit: Going up to parent DeviceProfile []
[2021.01.09-10.30.41:919][  0]LogConfig: Applying CVar settings from Section [ViewDistanceQuality@3] File [E:/UE4_Code/04_Factory/Factorio/Saved/Config/Windows/Scalability.ini]
[2021.01.09-10.30.41:919][  0]LogConfig: Setting CVar [[r.SkeletalMeshLODBias:0]]
[2021.01.09-10.30.41:919][  0]LogConfig: Setting CVar [[r.ViewDistanceScale:1.0]]
[2021.01.09-10.30.41:919][  0]LogConfig: Applying CVar settings from Section [AntiAliasingQuality@3] File [E:/UE4_Code/04_Factory/Factorio/Saved/Config/Windows/Scalability.ini]
[2021.01.09-10.30.41:919][  0]LogConfig: Setting CVar [[r.PostProcessAAQuality:4]]
[2021.01.09-10.30.41:919][  0]LogConfig: Applying CVar settings from Section [ShadowQuality@3] File [E:/UE4_Code/04_Factory/Factorio/Saved/Config/Windows/Scalability.ini]
[2021.01.09-10.30.41:919][  0]LogConfig: Setting CVar [[r.LightFunctionQuality:1]]
[2021.01.09-10.30.41:919][  0]LogConfig: Setting CVar [[r.ShadowQuality:5]]
[2021.01.09-10.30.41:919][  0]LogConfig: Setting CVar [[r.Shadow.CSM.MaxCascades:10]]
[2021.01.09-10.30.41:919][  0]LogConfig: Setting CVar [[r.Shadow.MaxResolution:2048]]
[2021.01.09-10.30.41:919][  0]LogConfig: Setting CVar [[r.Shadow.MaxCSMResolution:2048]]
[2021.01.09-10.30.41:919][  0]LogConfig: Setting CVar [[r.Shadow.RadiusThreshold:0.01]]
[2021.01.09-10.30.41:919][  0]LogConfig: Setting CVar [[r.Shadow.DistanceScale:1.0]]
[2021.01.09-10.30.41:919][  0]LogConfig: Setting CVar [[r.Shadow.CSM.TransitionScale:1.0]]
[2021.01.09-10.30.41:919][  0]LogConfig: Setting CVar [[r.Shadow.PreShadowResolutionFactor:1.0]]
[2021.01.09-10.30.41:919][  0]LogConfig: Setting CVar [[r.DistanceFieldShadowing:1]]
[2021.01.09-10.30.41:919][  0]LogConfig: Setting CVar [[r.DistanceFieldAO:1]]
[2021.01.09-10.30.41:919][  0]LogConfig: Setting CVar [[r.AOQuality:2]]
[2021.01.09-10.30.41:919][  0]LogConfig: Setting CVar [[r.VolumetricFog:1]]
[2021.01.09-10.30.41:919][  0]LogConfig: Setting CVar [[r.VolumetricFog.GridPixelSize:8]]
[2021.01.09-10.30.41:919][  0]LogConfig: Setting CVar [[r.VolumetricFog.GridSizeZ:128]]
[2021.01.09-10.30.41:919][  0]LogConfig: Setting CVar [[r.VolumetricFog.HistoryMissSupersampleCount:4]]
[2021.01.09-10.30.41:919][  0]LogConfig: Setting CVar [[r.LightMaxDrawDistanceScale:1]]
[2021.01.09-10.30.41:919][  0]LogConfig: Setting CVar [[r.CapsuleShadows:1]]
[2021.01.09-10.30.41:919][  0]LogConfig: Applying CVar settings from Section [PostProcessQuality@3] File [E:/UE4_Code/04_Factory/Factorio/Saved/Config/Windows/Scalability.ini]
[2021.01.09-10.30.41:919][  0]LogConfig: Setting CVar [[r.MotionBlurQuality:4]]
[2021.01.09-10.30.41:919][  0]LogConfig: Setting CVar [[r.AmbientOcclusionMipLevelFactor:0.4]]
[2021.01.09-10.30.41:919][  0]LogConfig: Setting CVar [[r.AmbientOcclusionMaxQuality:100]]
[2021.01.09-10.30.41:919][  0]LogConfig: Setting CVar [[r.AmbientOcclusionLevels:-1]]
[2021.01.09-10.30.41:919][  0]LogConfig: Setting CVar [[r.AmbientOcclusionRadiusScale:1.0]]
[2021.01.09-10.30.41:919][  0]LogConfig: Setting CVar [[r.DepthOfFieldQuality:2]]
[2021.01.09-10.30.41:919][  0]LogConfig: Setting CVar [[r.RenderTargetPoolMin:400]]
[2021.01.09-10.30.41:919][  0]LogConfig: Setting CVar [[r.LensFlareQuality:2]]
[2021.01.09-10.30.41:919][  0]LogConfig: Setting CVar [[r.SceneColorFringeQuality:1]]
[2021.01.09-10.30.41:919][  0]LogConfig: Setting CVar [[r.EyeAdaptationQuality:2]]
[2021.01.09-10.30.41:919][  0]LogConfig: Setting CVar [[r.BloomQuality:5]]
[2021.01.09-10.30.41:919][  0]LogConfig: Setting CVar [[r.FastBlurThreshold:100]]
[2021.01.09-10.30.41:919][  0]LogConfig: Setting CVar [[r.Upscale.Quality:3]]
[2021.01.09-10.30.41:919][  0]LogConfig: Setting CVar [[r.Tonemapper.GrainQuantization:1]]
[2021.01.09-10.30.41:919][  0]LogConfig: Setting CVar [[r.LightShaftQuality:1]]
[2021.01.09-10.30.41:919][  0]LogConfig: Setting CVar [[r.Filter.SizeScale:1]]
[2021.01.09-10.30.41:919][  0]LogConfig: Setting CVar [[r.Tonemapper.Quality:5]]
[2021.01.09-10.30.41:919][  0]LogConfig: Setting CVar [[r.DOF.Gather.AccumulatorQuality:1        ; higher gathering accumulator quality]]
[2021.01.09-10.30.41:919][  0]LogConfig: Setting CVar [[r.DOF.Gather.PostfilterMethod:1          ; Median3x3 postfilering method]]
[2021.01.09-10.30.41:919][  0]LogConfig: Setting CVar [[r.DOF.Gather.EnableBokehSettings:0       ; no bokeh simulation when gathering]]
[2021.01.09-10.30.41:919][  0]LogConfig: Setting CVar [[r.DOF.Gather.RingCount:4                 ; medium number of samples when gathering]]
[2021.01.09-10.30.41:919][  0]LogConfig: Setting CVar [[r.DOF.Scatter.ForegroundCompositing:1    ; additive foreground scattering]]
[2021.01.09-10.30.41:920][  0]LogConfig: Setting CVar [[r.DOF.Scatter.BackgroundCompositing:2    ; additive background scattering]]
[2021.01.09-10.30.41:920][  0]LogConfig: Setting CVar [[r.DOF.Scatter.EnableBokehSettings:1      ; bokeh simulation when scattering]]
[2021.01.09-10.30.41:920][  0]LogConfig: Setting CVar [[r.DOF.Scatter.MaxSpriteRatio:0.1         ; only a maximum of 10% of scattered bokeh]]
[2021.01.09-10.30.41:920][  0]LogConfig: Setting CVar [[r.DOF.Recombine.Quality:1                ; cheap slight out of focus]]
[2021.01.09-10.30.41:920][  0]LogConfig: Setting CVar [[r.DOF.Recombine.EnableBokehSettings:0    ; no bokeh simulation on slight out of focus]]
[2021.01.09-10.30.41:920][  0]LogConfig: Setting CVar [[r.DOF.TemporalAAQuality:1                ; more stable temporal accumulation]]
[2021.01.09-10.30.41:920][  0]LogConfig: Setting CVar [[r.DOF.Kernel.MaxForegroundRadius:0.025]]
[2021.01.09-10.30.41:920][  0]LogConfig: Setting CVar [[r.DOF.Kernel.MaxBackgroundRadius:0.025]]
[2021.01.09-10.30.41:920][  0]LogConfig: Applying CVar settings from Section [TextureQuality@3] File [E:/UE4_Code/04_Factory/Factorio/Saved/Config/Windows/Scalability.ini]
[2021.01.09-10.30.41:920][  0]LogConfig: Setting CVar [[r.Streaming.MipBias:0]]
[2021.01.09-10.30.41:920][  0]LogConfig: Setting CVar [[r.Streaming.AmortizeCPUToGPUCopy:0]]
[2021.01.09-10.30.41:920][  0]LogConfig: Setting CVar [[r.Streaming.MaxNumTexturesToStreamPerFrame:0]]
[2021.01.09-10.30.41:920][  0]LogConfig: Setting CVar [[r.Streaming.Boost:1]]
[2021.01.09-10.30.41:920][  0]LogConfig: Setting CVar [[r.MaxAnisotropy:8]]
[2021.01.09-10.30.41:920][  0]LogConfig: Setting CVar [[r.VT.MaxAnisotropy:8]]
[2021.01.09-10.30.41:920][  0]LogConfig: Setting CVar [[r.Streaming.LimitPoolSizeToVRAM:0]]
[2021.01.09-10.30.41:920][  0]LogConfig: Setting CVar [[r.Streaming.PoolSize:1000]]
[2021.01.09-10.30.41:920][  0]LogConfig: Setting CVar [[r.Streaming.MaxEffectiveScreenSize:0]]
[2021.01.09-10.30.41:920][  0]LogConfig: Applying CVar settings from Section [EffectsQuality@3] File [E:/UE4_Code/04_Factory/Factorio/Saved/Config/Windows/Scalability.ini]
[2021.01.09-10.30.41:920][  0]LogConfig: Setting CVar [[r.TranslucencyLightingVolumeDim:64]]
[2021.01.09-10.30.41:920][  0]LogConfig: Setting CVar [[r.RefractionQuality:2]]
[2021.01.09-10.30.41:920][  0]LogConfig: Setting CVar [[r.SSR.Quality:3]]
[2021.01.09-10.30.41:920][  0]LogConfig: Setting CVar [[r.SSR.HalfResSceneColor:0]]
[2021.01.09-10.30.41:920][  0]LogConfig: Setting CVar [[r.SceneColorFormat:4]]
[2021.01.09-10.30.41:920][  0]LogConfig: Setting CVar [[r.DetailMode:2]]
[2021.01.09-10.30.41:920][  0]LogConfig: Setting CVar [[r.TranslucencyVolumeBlur:1]]
[2021.01.09-10.30.41:920][  0]LogConfig: Setting CVar [[r.MaterialQualityLevel:1 ; High quality]]
[2021.01.09-10.30.41:920][  0]LogConfig: Setting CVar [[r.SSS.Scale:1]]
[2021.01.09-10.30.41:920][  0]LogConfig: Setting CVar [[r.SSS.SampleSet:2]]
[2021.01.09-10.30.41:920][  0]LogConfig: Setting CVar [[r.SSS.Quality:1]]
[2021.01.09-10.30.41:920][  0]LogConfig: Setting CVar [[r.SSS.HalfRes:0]]
[2021.01.09-10.30.41:920][  0]LogConfig: Setting CVar [[r.SSGI.Quality:3]]
[2021.01.09-10.30.41:920][  0]LogConfig: Setting CVar [[r.EmitterSpawnRateScale:1.0]]
[2021.01.09-10.30.41:920][  0]LogConfig: Setting CVar [[r.ParticleLightQuality:2]]
[2021.01.09-10.30.41:920][  0]LogConfig: Setting CVar [[r.SkyAtmosphere.AerialPerspectiveLUT.FastApplyOnOpaque:1 ; Always have FastSkyLUT 1 in this case to avoid wrong sky]]
[2021.01.09-10.30.41:920][  0]LogConfig: Setting CVar [[r.SkyAtmosphere.AerialPerspectiveLUT.SampleCountPerSlice:1]]
[2021.01.09-10.30.41:920][  0]LogConfig: Setting CVar [[r.SkyAtmosphere.AerialPerspectiveLUT.DepthResolution:16.0]]
[2021.01.09-10.30.41:920][  0]LogConfig: Setting CVar [[r.SkyAtmosphere.FastSkyLUT:1]]
[2021.01.09-10.30.41:920][  0]LogConfig: Setting CVar [[r.SkyAtmosphere.FastSkyLUT.SampleCountMin:4.0]]
[2021.01.09-10.30.41:920][  0]LogConfig: Setting CVar [[r.SkyAtmosphere.FastSkyLUT.SampleCountMax:32.0]]
[2021.01.09-10.30.41:920][  0]LogConfig: Setting CVar [[r.SkyAtmosphere.SampleCountMin:4.0]]
[2021.01.09-10.30.41:920][  0]LogConfig: Setting CVar [[r.SkyAtmosphere.SampleCountMax:32.0]]
[2021.01.09-10.30.41:920][  0]LogConfig: Setting CVar [[r.SkyAtmosphere.TransmittanceLUT.UseSmallFormat:0]]
[2021.01.09-10.30.41:920][  0]LogConfig: Setting CVar [[r.SkyAtmosphere.TransmittanceLUT.SampleCount:10.0]]
[2021.01.09-10.30.41:920][  0]LogConfig: Setting CVar [[r.SkyAtmosphere.MultiScatteringLUT.SampleCount:15.0]]
[2021.01.09-10.30.41:920][  0]LogConfig: Applying CVar settings from Section [FoliageQuality@3] File [E:/UE4_Code/04_Factory/Factorio/Saved/Config/Windows/Scalability.ini]
[2021.01.09-10.30.41:920][  0]LogConfig: Setting CVar [[foliage.DensityScale:1.0]]
[2021.01.09-10.30.41:920][  0]LogConfig: Setting CVar [[grass.DensityScale:1.0]]
[2021.01.09-10.30.41:920][  0]LogConfig: Applying CVar settings from Section [ShadingQuality@3] File [E:/UE4_Code/04_Factory/Factorio/Saved/Config/Windows/Scalability.ini]
[2021.01.09-10.30.41:920][  0]LogConfig: Setting CVar [[r.HairStrands.SkyLighting.SampleCount:16]]
[2021.01.09-10.30.41:920][  0]LogConfig: Setting CVar [[r.HairStrands.SkyLighting.JitterIntegration:0]]
[2021.01.09-10.30.41:920][  0]LogConfig: Setting CVar [[r.HairStrands.SkyAO.SampleCount:16]]
[2021.01.09-10.30.41:920][  0]LogConfig: Setting CVar [[r.HairStrands.DeepShadow.SuperSampling:0]]
[2021.01.09-10.30.41:920][  0]LogConfig: Setting CVar [[r.HairStrands.VisibilityPPLL:0]]
[2021.01.09-10.30.41:920][  0]LogConfig: Setting CVar [[r.HairStrands.RasterizationScale:0.5]]
[2021.01.09-10.30.41:920][  0]LogConfig: Setting CVar [[r.HairStrands.VelocityRasterizationScale:1]]
[2021.01.09-10.30.41:920][  0]LogConfig: Applying CVar settings from Section [Startup] File [../../../Engine/Config/ConsoleVariables.ini]
[2021.01.09-10.30.41:920][  0]LogConfig: Setting CVar [[net.UseAdaptiveNetUpdateFrequency:0]]
[2021.01.09-10.30.41:920][  0]LogConfig: Setting CVar [[p.chaos.AllowCreatePhysxBodies:1]]
[2021.01.09-10.30.41:920][  0]LogConfig: Setting CVar [[fx.SkipVectorVMBackendOptimizations:1]]
[2021.01.09-10.30.41:921][  0]LogConfig: Applying CVar settings from Section [ConsoleVariables] File [E:/UE4_Code/04_Factory/Factorio/Saved/Config/Windows/Engine.ini]
[2021.01.09-10.30.41:921][  0]LogInit: Computer: SURIBA
[2021.01.09-10.30.41:921][  0]LogInit: User: Serbia
[2021.01.09-10.30.41:921][  0]LogInit: CPU Page size=4096, Cores=4
[2021.01.09-10.30.41:921][  0]LogInit: High frequency timer resolution =2.835934 MHz
[2021.01.09-10.30.41:921][  0]LogMemory: Memory total: Physical=15.9GB (16GB approx)
[2021.01.09-10.30.41:921][  0]LogMemory: Platform Memory Stats for Windows
[2021.01.09-10.30.41:921][  0]LogMemory: Process Physical Memory: 121.85 MB used, 121.85 MB peak
[2021.01.09-10.30.41:921][  0]LogMemory: Process Virtual Memory: 100.16 MB used, 100.16 MB peak
[2021.01.09-10.30.41:921][  0]LogMemory: Physical Memory: 9925.89 MB used,  6327.24 MB free, 16253.13 MB total
[2021.01.09-10.30.41:921][  0]LogMemory: Virtual Memory: 5179.41 MB used,  134212552.00 MB free, 134217728.00 MB total
[2021.01.09-10.30.41:929][  0]LogWindows: WindowsPlatformFeatures enabled
[2021.01.09-10.30.41:984][  0]LogInit: Physics initialised using underlying interface: PhysX
[2021.01.09-10.30.41:984][  0]LogInit: Overriding language with editor language configuration option (zh-Hans).
[2021.01.09-10.30.41:984][  0]LogInit: Overriding locale with editor culture configuration option ().
[2021.01.09-10.30.41:984][  0]LogInit: Using OS detected locale (zh-CN).
[2021.01.09-10.30.42:096][  0]LogTextLocalizationResource: LocRes '../../../Engine/Content/Localization/Editor/zh/Editor.locres' could not be opened for reading!
[2021.01.09-10.30.42:096][  0]LogTextLocalizationResource: LocRes '../../../Engine/Content/Localization/EditorTutorials/zh/EditorTutorials.locres' could not be opened for reading!
[2021.01.09-10.30.42:096][  0]LogTextLocalizationResource: LocRes '../../../Engine/Content/Localization/Keywords/zh/Keywords.locres' could not be opened for reading!
[2021.01.09-10.30.42:096][  0]LogTextLocalizationResource: LocRes '../../../Engine/Content/Localization/Category/zh/Category.locres' could not be opened for reading!
[2021.01.09-10.30.42:096][  0]LogTextLocalizationResource: LocRes '../../../Engine/Content/Localization/ToolTips/zh/ToolTips.locres' could not be opened for reading!
[2021.01.09-10.30.42:096][  0]LogTextLocalizationResource: LocRes '../../../Engine/Content/Localization/PropertyNames/zh/PropertyNames.locres' could not be opened for reading!
[2021.01.09-10.30.42:097][  0]LogTextLocalizationResource: LocRes '../../../Engine/Content/Localization/Engine/zh/Engine.locres' could not be opened for reading!
[2021.01.09-10.30.42:097][  0]LogTextLocalizationResource: LocRes '../../../Engine/Plugins/Online/Android/OnlineSubsystemGooglePlay/Content/Localization/OnlineSubsystemGooglePlay/zh/OnlineSubsystemGooglePlay.locres' could not be opened for reading!
[2021.01.09-10.30.42:097][  0]LogTextLocalizationResource: LocRes '../../../Engine/Plugins/Online/IOS/OnlineSubsystemIOS/Content/Localization/OnlineSubsystemIOS/zh/OnlineSubsystemIOS.locres' could not be opened for reading!
[2021.01.09-10.30.42:097][  0]LogTextLocalizationResource: LocRes '../../../Engine/Plugins/Online/OnlineSubsystem/Content/Localization/OnlineSubsystem/zh/OnlineSubsystem.locres' could not be opened for reading!
[2021.01.09-10.30.42:097][  0]LogTextLocalizationResource: LocRes '../../../Engine/Plugins/Online/OnlineSubsystemUtils/Content/Localization/OnlineSubsystemUtils/zh/OnlineSubsystemUtils.locres' could not be opened for reading!
[2021.01.09-10.30.42:158][  0]LogInit: Setting process to per monitor DPI aware
[2021.01.09-10.30.42:228][  0]LogSlate: New Slate User Created.  User Index 0, Is Virtual User: 0
[2021.01.09-10.30.42:228][  0]LogSlate: Slate User Registered.  User Index 0, Is Virtual User: 0
[2021.01.09-10.30.42:397][  0]LogHMD: Failed to initialize OpenVR with code 102
[2021.01.09-10.30.42:397][  0]LogD3D11RHI: D3D11 min allowed feature level: 11_0
[2021.01.09-10.30.42:397][  0]LogD3D11RHI: D3D11 max allowed feature level: 11_0
[2021.01.09-10.30.42:397][  0]LogD3D11RHI: D3D11 adapters:
[2021.01.09-10.30.42:492][  0]LogD3D11RHI:    0. 'NVIDIA GeForce GTX 1070' (Feature Level 11_0)
[2021.01.09-10.30.42:492][  0]LogD3D11RHI:       8081/0/8126 MB DedicatedVideo/DedicatedSystem/SharedSystem, Outputs:2, VendorId:0x10de
[2021.01.09-10.30.42:531][  0]LogD3D11RHI:    1. 'Intel(R) HD Graphics 630' (Feature Level 11_0)
[2021.01.09-10.30.42:531][  0]LogD3D11RHI:       128/0/8126 MB DedicatedVideo/DedicatedSystem/SharedSystem, Outputs:0, VendorId:0x8086
[2021.01.09-10.30.42:534][  0]LogD3D11RHI:    2. 'Microsoft Basic Render Driver' (Feature Level 11_0)
[2021.01.09-10.30.42:534][  0]LogD3D11RHI:       0/0/8126 MB DedicatedVideo/DedicatedSystem/SharedSystem, Outputs:0, VendorId:0x1414
[2021.01.09-10.30.42:535][  0]LogD3D11RHI:    3. 'Microsoft Basic Render Driver' (Feature Level 11_0)
[2021.01.09-10.30.42:535][  0]LogD3D11RHI:       0/0/8126 MB DedicatedVideo/DedicatedSystem/SharedSystem, Outputs:0, VendorId:0x1414
[2021.01.09-10.30.42:535][  0]LogD3D11RHI: Chosen D3D11 Adapter: 0
[2021.01.09-10.30.42:547][  0]LogD3D11RHI: Creating new Direct3DDevice
[2021.01.09-10.30.42:547][  0]LogD3D11RHI:     GPU DeviceId: 0x1be1 (for the marketing name, search the web for "GPU Device Id")
[2021.01.09-10.30.42:547][  0]LogWindows: EnumDisplayDevices:
[2021.01.09-10.30.42:548][  0]LogWindows:    0. 'NVIDIA GeForce GTX 1070' (P:1 D:1)
[2021.01.09-10.30.42:548][  0]LogWindows:    1. 'NVIDIA GeForce GTX 1070' (P:0 D:1)
[2021.01.09-10.30.42:548][  0]LogWindows:    2. 'NVIDIA GeForce GTX 1070' (P:0 D:0)
[2021.01.09-10.30.42:548][  0]LogWindows:    3. 'NVIDIA GeForce GTX 1070' (P:0 D:0)
[2021.01.09-10.30.42:549][  0]LogWindows:    4. 'Intel(R) HD Graphics 630' (P:0 D:0)
[2021.01.09-10.30.42:549][  0]LogWindows:    5. 'Intel(R) HD Graphics 630' (P:0 D:0)
[2021.01.09-10.30.42:549][  0]LogWindows:    6. 'Intel(R) HD Graphics 630' (P:0 D:0)
[2021.01.09-10.30.42:550][  0]LogWindows:    7. 'LuminonCore IDDCX Adapter' (P:0 D:0)
[2021.01.09-10.30.42:550][  0]LogWindows:    8. 'LuminonCore IDDCX Adapter' (P:0 D:0)
[2021.01.09-10.30.42:550][  0]LogWindows:    9. 'LuminonCore IDDCX Adapter' (P:0 D:0)
[2021.01.09-10.30.42:550][  0]LogWindows:    10. 'LuminonCore IDDCX Adapter' (P:0 D:0)
[2021.01.09-10.30.42:551][  0]LogWindows:    11. 'LuminonCore IDDCX Adapter' (P:0 D:0)
[2021.01.09-10.30.42:551][  0]LogWindows:    12. 'LuminonCore IDDCX Adapter' (P:0 D:0)
[2021.01.09-10.30.42:551][  0]LogWindows:    13. 'LuminonCore IDDCX Adapter' (P:0 D:0)
[2021.01.09-10.30.42:551][  0]LogWindows:    14. 'LuminonCore IDDCX Adapter' (P:0 D:0)
[2021.01.09-10.30.42:551][  0]LogWindows:    15. 'LuminonCore IDDCX Adapter' (P:0 D:0)
[2021.01.09-10.30.42:552][  0]LogWindows:    16. 'LuminonCore IDDCX Adapter' (P:0 D:0)
[2021.01.09-10.30.42:552][  0]LogWindows:    17. 'LuminonCore IDDCX Adapter' (P:0 D:0)
[2021.01.09-10.30.42:552][  0]LogWindows:    18. 'LuminonCore IDDCX Adapter' (P:0 D:0)
[2021.01.09-10.30.42:552][  0]LogWindows:    19. 'LuminonCore IDDCX Adapter' (P:0 D:0)
[2021.01.09-10.30.42:552][  0]LogWindows:    20. 'LuminonCore IDDCX Adapter' (P:0 D:0)
[2021.01.09-10.30.42:553][  0]LogWindows:    21. 'LuminonCore IDDCX Adapter' (P:0 D:0)
[2021.01.09-10.30.42:553][  0]LogWindows:    22. 'LuminonCore IDDCX Adapter' (P:0 D:0)
[2021.01.09-10.30.42:553][  0]LogWindows: DebugString: PrimaryIsNotTheChoosenAdapter PrimaryIsNotTheChoosenAdapter PrimaryIsNotTheChoosenAdapter GetVideoDriverDetailsInvalid PrimaryIsNotTheChoosenAdapter GetVideoDriverDetailsInvalid PrimaryIsNotTheChoosenAdapter GetVideoDriverDetailsInvalid PrimaryIsNotTheChoosenAdapter GetVideoDriverDetailsInvalid PrimaryIsNotTheChoosenAdapter GetVideoDriverDetailsInvalid PrimaryIsNotTheChoosenAdapter GetVideoDriverDetailsInvalid PrimaryIsNotTheChoosenAdapter GetVideoDriverDetailsInvalid PrimaryIsNotTheChoosenAdapter GetVideoDriverDetailsInvalid PrimaryIsNotTheChoosenAdapter GetVideoDriverDetailsInvalid PrimaryIsNotTheChoosenAdapter GetVideoDriverDetailsInvalid PrimaryIsNotTheChoosenAdapter GetVideoDriverDetailsInvalid PrimaryIsNotTheChoosenAdapter GetVideoDriverDetailsInvalid PrimaryIsNotTheChoosenAdapter GetVideoDriverDetailsInvalid PrimaryIsNotTheChoosenAdapter GetVideoDriverDetailsInvalid PrimaryIsNotTheChoosenAdapter GetVideoDriverDetailsInvalid PrimaryIsNotTheChoosenAdapter GetVideoDriverDetailsInvalid PrimaryIsNotTheChoosenAdapter FoundDriverCount:4 
[2021.01.09-10.30.42:553][  0]LogD3D11RHI:     Adapter Name: NVIDIA GeForce GTX 1070
[2021.01.09-10.30.42:553][  0]LogD3D11RHI:   Driver Version: 460.79 (internal:27.21.14.6079, unified:460.79)
[2021.01.09-10.30.42:553][  0]LogD3D11RHI:      Driver Date: 12-3-2020
[2021.01.09-10.30.42:553][  0]LogRHI: Texture pool is 5656 MB (70% of 8081 MB)
[2021.01.09-10.30.42:628][  0]LogD3D11RHI: RHI has support for 64 bit atomics
[2021.01.09-10.30.42:628][  0]LogD3D11RHI: Async texture creation enabled
[2021.01.09-10.30.42:628][  0]LogD3D11RHI: Array index from any shader is supported
[2021.01.09-10.30.42:653][  0]LogD3D11RHI: GPU Timing Frequency: 1000.000000 (Debug: 2 1)
[2021.01.09-10.30.43:028][  0]LogTargetPlatformManager: Display: Loaded TargetPlatform 'AllDesktop'
[2021.01.09-10.30.43:050][  0]LogTargetPlatformManager: Display: Loaded TargetPlatform 'Android'
[2021.01.09-10.30.43:050][  0]LogTargetPlatformManager: Display: Loaded TargetPlatform 'Android_ASTC'
[2021.01.09-10.30.43:050][  0]LogTargetPlatformManager: Display: Loaded TargetPlatform 'Android_DXT'
[2021.01.09-10.30.43:050][  0]LogTargetPlatformManager: Display: Loaded TargetPlatform 'Android_ETC2'
[2021.01.09-10.30.43:050][  0]LogTargetPlatformManager: Display: Loaded TargetPlatform 'AndroidClient'
[2021.01.09-10.30.43:050][  0]LogTargetPlatformManager: Display: Loaded TargetPlatform 'Android_ASTCClient'
[2021.01.09-10.30.43:050][  0]LogTargetPlatformManager: Display: Loaded TargetPlatform 'Android_DXTClient'
[2021.01.09-10.30.43:050][  0]LogTargetPlatformManager: Display: Loaded TargetPlatform 'Android_ETC2Client'
[2021.01.09-10.30.43:050][  0]LogTargetPlatformManager: Display: Loaded TargetPlatform 'Android_Multi'
[2021.01.09-10.30.43:050][  0]LogTargetPlatformManager: Display: Loaded TargetPlatform 'Android_MultiClient'
[2021.01.09-10.30.43:076][  0]LogTargetPlatformManager: Display: Loaded TargetPlatform 'IOSClient'
[2021.01.09-10.30.43:076][  0]LogTargetPlatformManager: Display: Loaded TargetPlatform 'IOS'
[2021.01.09-10.30.43:087][  0]LogTargetPlatformManager: Display: Loaded TargetPlatform 'Linux'
[2021.01.09-10.30.43:097][  0]LogTargetPlatformManager: Display: Loaded TargetPlatform 'LinuxNoEditor'
[2021.01.09-10.30.43:107][  0]LogTargetPlatformManager: Display: Loaded TargetPlatform 'LinuxClient'
[2021.01.09-10.30.43:116][  0]LogTargetPlatformManager: Display: Loaded TargetPlatform 'LinuxServer'
[2021.01.09-10.30.43:127][  0]LogTargetPlatformManager: Display: Loaded TargetPlatform 'LinuxAArch64NoEditor'
[2021.01.09-10.30.43:140][  0]LogTargetPlatformManager: Display: Loaded TargetPlatform 'LinuxAArch64Client'
[2021.01.09-10.30.43:151][  0]LogTargetPlatformManager: Display: Loaded TargetPlatform 'LinuxAArch64Server'
[2021.01.09-10.30.43:178][  0]LogTargetPlatformManager: Display: Loaded TargetPlatform 'Lumin'
[2021.01.09-10.30.43:178][  0]LogTargetPlatformManager: Display: Loaded TargetPlatform 'LuminClient'
[2021.01.09-10.30.43:196][  0]LogTargetPlatformManager: Display: Loaded TargetPlatform 'TVOSClient'
[2021.01.09-10.30.43:196][  0]LogTargetPlatformManager: Display: Loaded TargetPlatform 'TVOS'
[2021.01.09-10.30.43:206][  0]LogTargetPlatformManager: Display: Loaded TargetPlatform 'WindowsNoEditor'
[2021.01.09-10.30.43:216][  0]LogTargetPlatformManager: Display: Loaded TargetPlatform 'Windows'
[2021.01.09-10.30.43:226][  0]LogTargetPlatformManager: Display: Loaded TargetPlatform 'WindowsClient'
[2021.01.09-10.30.43:235][  0]LogTargetPlatformManager: Display: Loaded TargetPlatform 'WindowsServer'
[2021.01.09-10.30.43:235][  0]LogTargetPlatformManager: Display: Building Assets For Windows
[2021.01.09-10.30.43:245][  0]LogAudioDebug: Display: Lib vorbis DLL was dynamically loaded.
[2021.01.09-10.30.43:312][  0]LogShaderCompilers: Guid format shader working directory is 6 characters bigger than the processId version (../../../../UE4_Code/04_Factory/Factorio/Intermediate/Shaders/WorkingDirectory/22728/).
[2021.01.09-10.30.43:312][  0]LogShaderCompilers: Cleaned the shader compiler working directory 'C:/Users/Suriba/AppData/Local/Temp/UnrealShaderWorkingDir/C305E60446F6F0E0814521B20CDDBAB2/'.
[2021.01.09-10.30.43:313][  0]LogXGEController: Cannot use XGE Controller as Incredibuild is not installed on this machine.
[2021.01.09-10.30.43:313][  0]LogShaderCompilers: Cannot use XGE Shader Compiler as Incredibuild is not installed on this machine.
[2021.01.09-10.30.43:313][  0]LogShaderCompilers: Display: Using Local Shader Compiler.
[2021.01.09-10.30.44:239][  0]LogDerivedDataCache: Display: Max Cache Size: 512 MB
[2021.01.09-10.30.44:300][  0]LogDerivedDataCache: Loaded boot cache 0.06s 76MB C:/Users/Suriba/AppData/Local/UnrealEngine/4.25/DerivedDataCache/Boot.ddc.
[2021.01.09-10.30.44:300][  0]LogDerivedDataCache: Display: Loaded Boot cache: C:/Users/Suriba/AppData/Local/UnrealEngine/4.25/DerivedDataCache/Boot.ddc
[2021.01.09-10.30.44:300][  0]LogDerivedDataCache: FDerivedDataBackendGraph:  Pak pak cache file ../../../../UE4_Code/04_Factory/Factorio/DerivedDataCache/DDC.ddp not found, will not use a pak cache.
[2021.01.09-10.30.44:300][  0]LogDerivedDataCache: Unable to find inner node Pak for hierarchical cache Hierarchy.
[2021.01.09-10.30.44:300][  0]LogDerivedDataCache: FDerivedDataBackendGraph:  CompressedPak pak cache file ../../../../UE4_Code/04_Factory/Factorio/DerivedDataCache/Compressed.ddp not found, will not use a pak cache.
[2021.01.09-10.30.44:300][  0]LogDerivedDataCache: Unable to find inner node CompressedPak for hierarchical cache Hierarchy.
[2021.01.09-10.30.44:312][  0]LogDerivedDataCache: Display: Pak cache opened for reading ../../../Engine/DerivedDataCache/Compressed.ddp.
[2021.01.09-10.30.44:312][  0]LogDerivedDataCache: FDerivedDataBackendGraph:  EnterprisePak pak cache file ../../../Enterprise/DerivedDataCache/Compressed.ddp not found, will not use a pak cache.
[2021.01.09-10.30.44:312][  0]LogDerivedDataCache: Unable to find inner node EnterprisePak for hierarchical cache Hierarchy.
[2021.01.09-10.30.44:313][  0]LogDerivedDataCache: Using Local data cache path C:/Users/Suriba/AppData/Local/UnrealEngine/Common/DerivedDataCache: Writable
[2021.01.09-10.30.44:313][  0]LogDerivedDataCache: Shared data cache path not found in *engine.ini, will not use an Shared cache.
[2021.01.09-10.30.44:313][  0]LogDerivedDataCache: Unable to find inner node Shared for hierarchical cache Hierarchy.
[2021.01.09-10.30.44:373][  0]LogSlate: Using FreeType 2.10.0
[2021.01.09-10.30.44:373][  0]LogSlate: SlateFontServices - WITH_FREETYPE: 1, WITH_HARFBUZZ: 1
[2021.01.09-10.30.44:402][  0]LogAssetRegistry: FAssetRegistry took 0.0030 seconds to start up
[2021.01.09-10.30.44:650][  0]LogInit: Selected Device Profile: [Windows]
[2021.01.09-10.30.44:780][  0]LogMeshReduction: Using QuadricMeshReduction for automatic static mesh reduction
[2021.01.09-10.30.44:780][  0]LogMeshReduction: Using SimplygonMeshReduction for automatic skeletal mesh reduction
[2021.01.09-10.30.44:780][  0]LogMeshReduction: Using ProxyLODMeshReduction for automatic mesh merging
[2021.01.09-10.30.44:780][  0]LogMeshReduction: No distributed automatic mesh merging module available
[2021.01.09-10.30.44:780][  0]LogMeshMerging: No distributed automatic mesh merging module available
[2021.01.09-10.30.44:801][  0]LogNetVersion: Factorio 1.0.0, NetCL: 13144385, EngineNetVer: 14, GameNetVer: 0 (Checksum: 789789760)
[2021.01.09-10.30.45:316][  0]LogAISub: UAISubsystem::UAISubsystem AISubsystem (00000201363884C0), frame # 0
[2021.01.09-10.30.45:316][  0]LogAISub: UAISubsystem::UAISubsystem AIPerceptionSystem (00000201362D2AC0), frame # 0
[2021.01.09-10.30.45:317][  0]LogAISub: UAISubsystem::UAISubsystem EnvQueryManager (000002013631DE00), frame # 0
[2021.01.09-10.30.45:441][  0]LogPackageLocalizationCache: Processed 21 localized package path(s) for 2 prioritized culture(s) in 0.117902 seconds
[2021.01.09-10.30.45:448][  0]LogUObjectArray: 15917 objects as part of root set at end of initial load.
[2021.01.09-10.30.45:448][  0]LogUObjectAllocator: 3965568 out of 0 bytes used by permanent object pool.
[2021.01.09-10.30.45:448][  0]LogUObjectArray: CloseDisregardForGC: 0/0 objects in disregard for GC pool
[2021.01.09-10.30.45:758][  0]LogPython: Using Python 2.7.14
[2021.01.09-10.30.46:732][  0]LogTcpMessaging: Initializing TcpMessaging bridge
[2021.01.09-10.30.46:737][  0]LogUdpMessaging: Initializing bridge on interface 0.0.0.0:0 to multicast group 230.0.0.1:6666.
[2021.01.09-10.30.46:879][  0]SourceControl: 源码管理已禁用
[2021.01.09-10.30.46:879][  0]SourceControl: 源码管理已禁用
[2021.01.09-10.30.46:884][  0]SourceControl: 源码管理已禁用
[2021.01.09-10.30.46:888][  0]SourceControl: 源码管理已禁用
[2021.01.09-10.30.46:926][  0]SourceControl: 源码管理已禁用
[2021.01.09-10.30.47:664][  0]LogAndroidPermission: UAndroidPermissionCallbackProxy::GetInstance
[2021.01.09-10.30.47:698][  0]LogAudioCaptureCore: Display: No Audio Capture implementations found. Audio input will be silent.
[2021.01.09-10.30.47:698][  0]LogAudioCaptureCore: Display: No Audio Capture implementations found. Audio input will be silent.
[2021.01.09-10.30.47:781][  0]LogOcInput: OculusInput pre-init called
[2021.01.09-10.30.47:793][  0]LogWindows: Failed to load 'OVRPlugin.dll' (GetLastError=126)
[2021.01.09-10.30.47:794][  0]LogWindows: File 'OVRPlugin.dll' does not exist
[2021.01.09-10.30.48:211][  0]LogEngine: Initializing Engine...
[2021.01.09-10.30.48:212][  0]LogHMD: Failed to initialize OpenVR with code 102
[2021.01.09-10.30.48:212][  0]LogMagicLeap: Warning: VR disabled because ZI is not enabled.  To enable, in the editor, Edit -> Project Settings -> Plugins -> Magic Leap Plugin -> Enable Zero Iteration
[2021.01.09-10.30.48:213][  0]LogStats: UGameplayTagsManager::InitializeManager -  0.000 s
[2021.01.09-10.30.48:337][  0]LogInit: Initializing FReadOnlyCVARCache
[2021.01.09-10.30.48:346][  0]LogAIModule: Creating AISystem for world Untitled
[2021.01.09-10.30.48:346][  0]LogAISub: UAISubsystem::UAISubsystem EnvQueryManager (0000020143478A00), frame # 0
[2021.01.09-10.30.48:346][  0]LogAISub: UAISubsystem::UAISubsystem AIPerceptionSystem (0000020143482AC0), frame # 0
[2021.01.09-10.30.48:368][  0]LogAudioMixer: Display: Audio Mixer Platform Settings:
[2021.01.09-10.30.48:368][  0]LogAudioMixer: Display: 	Sample Rate:						  48000
[2021.01.09-10.30.48:368][  0]LogAudioMixer: Display: 	Callback Buffer Frame Size Requested: 1024
[2021.01.09-10.30.48:368][  0]LogAudioMixer: Display: 	Callback Buffer Frame Size To Use:	  1024
[2021.01.09-10.30.48:368][  0]LogAudioMixer: Display: 	Number of buffers to queue:			  2
[2021.01.09-10.30.48:368][  0]LogAudioMixer: Display: 	Max Channels (voices):				  32
[2021.01.09-10.30.48:368][  0]LogAudioMixer: Display: 	Number of Async Source Workers:		  0
[2021.01.09-10.30.48:368][  0]LogAudio: Display: AudioDevice MaxSources: 32
[2021.01.09-10.30.48:369][  0]LogAudio: Display: Using built-in audio occlusion.
[2021.01.09-10.30.48:369][  0]LogAudioMixer: Display: Initializing audio mixer.
[2021.01.09-10.30.48:392][  0]LogAudioMixer: Display: 0: FrontLeft
[2021.01.09-10.30.48:393][  0]LogAudioMixer: Display: 1: FrontRight
[2021.01.09-10.30.48:431][  0]LogAudioMixer: Display: Using Audio Device Speakers (2- HyperX Cloud Flight Wireless Headset)
[2021.01.09-10.30.48:435][  0]LogAudioMixer: Display: Initializing Sound Submixes...
[2021.01.09-10.30.48:437][  0]LogAudioMixer: Display: Creating Master Submix 'MasterSubmixDefault'
[2021.01.09-10.30.48:437][  0]LogAudioMixer: Display: Creating Master Submix 'MasterReverbSubmixDefault'
[2021.01.09-10.30.48:438][  0]LogAudioMixer: Display: Creating Master Submix 'MasterEQSubmixDefault'
[2021.01.09-10.30.48:439][  0]LogInit: FAudioDevice initialized.
[2021.01.09-10.30.48:439][  0]LogNetVersion: Set ProjectVersion to 1.0.0.0. Version Checksum will be recalculated on next use.
[2021.01.09-10.30.48:578][  0]LogDerivedDataCache: Saved boot cache 0.14s 76MB C:/Users/Suriba/AppData/Local/UnrealEngine/4.25/DerivedDataCache/Boot.ddc.
[2021.01.09-10.30.48:582][  0]LogInit: Texture streaming: Enabled
[2021.01.09-10.30.48:601][  0]LogEngineSessionManager: EngineSessionManager initialized
[2021.01.09-10.30.48:601][  0]LogEditorSessionSummary: Verbose: Initializing EditorSessionSummaryWriter for editor session tracking
[2021.01.09-10.30.48:603][  0]LogEditorSessionSummary: EditorSessionSummaryWriter initialized
[2021.01.09-10.30.48:680][  0]LogInit: Transaction tracking system initialized
[2021.01.09-10.30.48:710][  0]BlueprintLog: New page: 编辑器加载
[2021.01.09-10.30.48:797][  0]LocalizationService: 本地化服务已禁用
[2021.01.09-10.30.48:973][  0]LogCook: Display: Max memory allowance for cook 16384mb min free memory 0mb
[2021.01.09-10.30.48:973][  0]LogCook: Display: Mobile HDR setting 1
[2021.01.09-10.30.49:156][  0]LogFileCache: Scanning file cache for directory 'E:/UE4_Code/04_Factory/Factorio/Content/' took 0.00s
[2021.01.09-10.30.49:385][  0]SourceControl: 源码管理已禁用
[2021.01.09-10.30.49:385][  0]LogUnrealEdMisc: Loading editor; pre map load, took 9.042
[2021.01.09-10.30.49:385][  0]Cmd: MAP LOAD FILE="../../../../UE4_Code/04_Factory/Factorio/Content/StarterContent/Maps/Minimal_Default.umap" TEMPLATE=0 SHOWPROGRESS=1 FEATURELEVEL=3
[2021.01.09-10.30.49:386][  0]LightingResults: New page: 光照构建
[2021.01.09-10.30.49:387][  0]LogWorld: UWorld::CleanupWorld for Untitled, bSessionEnded=true, bCleanupResources=true
[2021.01.09-10.30.49:387][  0]LogSlate: InvalidateAllWidgets triggered.  All widgets were invalidated
[2021.01.09-10.30.49:387][  0]MapCheck: New page: 地图检测
[2021.01.09-10.30.49:387][  0]LightingResults: New page: 光照构建
[2021.01.09-10.30.49:397][  0]LogAISub: UAISubsystem::~UAISubsystem EnvQueryManager (0000020143478A00), frame # 0
[2021.01.09-10.30.49:397][  0]LogAISub: UAISubsystem::~UAISubsystem AIPerceptionSystem (0000020143482AC0), frame # 0
[2021.01.09-10.30.49:399][  0]LogUObjectHash: Compacting FUObjectHashTables data took   1.14ms
[2021.01.09-10.30.49:561][  0]LogAIModule: Creating AISystem for world Minimal_Default
[2021.01.09-10.30.49:561][  0]LogAISub: UAISubsystem::UAISubsystem EnvQueryManager (0000020150F2D000), frame # 0
[2021.01.09-10.30.49:561][  0]LogAISub: UAISubsystem::UAISubsystem AIPerceptionSystem (0000020150E6D300), frame # 0
[2021.01.09-10.30.49:567][  0]LogEditorServer: Finished looking for orphan Actors (0.000 secs)
[2021.01.09-10.30.49:580][  0]LogUObjectHash: Compacting FUObjectHashTables data took   0.81ms
[2021.01.09-10.30.49:580][  0]Cmd: MAP CHECKDEP NOCLEARLOG
[2021.01.09-10.30.49:580][  0]MapCheck: 地图检测完成：0个错误、0个警告、完成用时0.151毫秒。
[2021.01.09-10.30.49:580][  0]LogFileHelpers: Loading map 'Minimal_Default' took 0.194
[2021.01.09-10.30.49:582][  0]LogUnrealEdMisc: Total Editor Startup Time, took 9.239
[2021.01.09-10.30.49:720][  0]LogCollectionManager: Loaded 0 collections in 0.000806 seconds
[2021.01.09-10.30.49:736][  0]LogFileCache: Scanning file cache for directory 'E:/UE4_Code/04_Factory/Factorio/Saved/Collections/' took 0.00s
[2021.01.09-10.30.49:736][  0]LogFileCache: Scanning file cache for directory 'E:/UE4_Code/04_Factory/Factorio/Content/Developers/Serbia/Collections/' took 0.00s
[2021.01.09-10.30.49:736][  0]LogFileCache: Scanning file cache for directory 'E:/UE4_Code/04_Factory/Factorio/Content/Collections/' took 0.00s
[2021.01.09-10.30.49:736][  0]LogContentBrowser: Native class hierarchy populated in 0.0109 seconds. Added 3451 classes and 830 folders.
[2021.01.09-10.30.49:742][  0]LogContentBrowser: Native class hierarchy updated for 'WidgetCarousel' in 0.0004 seconds. Added 0 classes and 0 folders.
[2021.01.09-10.30.49:792][  0]LogContentBrowser: Native class hierarchy updated for 'AddContentDialog' in 0.0005 seconds. Added 0 classes and 0 folders.
[2021.01.09-10.30.49:807][  0]LogSlate: Updating window title bar state: overlay mode, drag disabled, window buttons hidden, title bar hidden
[2021.01.09-10.30.49:815][  0]LogSlate: Updating window title bar state: overlay mode, drag disabled, window buttons hidden, title bar hidden
[2021.01.09-10.30.49:822][  0]LogSlate: Updating window title bar state: overlay mode, drag disabled, window buttons hidden, title bar hidden
[2021.01.09-10.30.49:830][  0]LogSlate: Updating window title bar state: overlay mode, drag disabled, window buttons hidden, title bar hidden
[2021.01.09-10.30.49:836][  0]LogContentBrowser: Native class hierarchy updated for 'SceneOutliner' in 0.0003 seconds. Added 2 classes and 0 folders.
[2021.01.09-10.30.49:861][  0]LogSlate: Took 0.000186 seconds to synchronously load lazily loaded font '../../../Engine/Content/Slate/Fonts/Roboto-Regular.ttf' (155K)
[2021.01.09-10.30.49:864][  0]LogSlate: Took 0.001797 seconds to synchronously load lazily loaded font '../../../Engine/Content/Slate/Fonts/DroidSansFallback.ttf' (3848K)
[2021.01.09-10.30.49:865][  0]LogSlate: Took 0.000201 seconds to synchronously load lazily loaded font '../../../Engine/Content/Editor/Slate/Fonts/FontAwesome.ttf' (139K)
[2021.01.09-10.30.49:866][  0]LogSlate: Took 0.000178 seconds to synchronously load lazily loaded font '../../../Engine/Content/Slate/Fonts/Roboto-Bold.ttf' (160K)
[2021.01.09-10.30.49:871][  0]LogSlate: Took 0.000237 seconds to synchronously load lazily loaded font '../../../Engine/Content/Slate/Fonts/DroidSansMono.ttf' (77K)
[2021.01.09-10.30.49:930][  0]LogSlate: Took 0.000195 seconds to synchronously load lazily loaded font '../../../Engine/Content/Slate/Fonts/Roboto-Light.ttf' (167K)
[2021.01.09-10.30.50:015][  0]LogRenderer: Reallocating scene render targets to support 972x652 Format 10 NumSamples 1 (Frame:1).
[2021.01.09-10.30.50:129][  0]LogContentBrowser: Native class hierarchy updated for 'HierarchicalLODOutliner' in 0.0005 seconds. Added 0 classes and 0 folders.
[2021.01.09-10.30.50:129][  0]LogLoad: (Engine Initialization) Total time: 9.79 seconds
[2021.01.09-10.30.50:129][  0]LogLoad: (Engine Initialization) Total Blueprint compile time: 0.00 seconds
[2021.01.09-10.30.50:149][  0]LogWindowsTextInputMethodSystem: Display: IME system now activated using TSF (微软拼音).
[2021.01.09-10.30.50:179][  0]LogAssetRegistry: Asset discovery search completed in 5.7786 seconds
[2021.01.09-10.30.50:186][  0]LogCollectionManager: Fixed up redirectors for 0 collections in 0.000002 seconds (updated 0 objects)
[2021.01.09-10.30.50:187][  0]LogContentStreaming: Texture pool size now 1000 MB
[2021.01.09-10.30.51:163][ 55]LogSlate: Took 0.000195 seconds to synchronously load lazily loaded font '../../../Engine/Content/Slate/Fonts/Roboto-Light.ttf' (167K)
[2021.01.09-10.32.30:009][519]LogJson: Error: Json Value of type 'Object' used as a 'String'.
[2021.01.09-10.32.30:328][519]LogFactory: FactoryCreateFile: Texture with ReimportTextureFactory (0 0 E:\Quixel\BridgeLibrary\Downloaded\3d\3d_modular_ufekaevdw\ufekaevdw_2K_Albedo.jpg)
[2021.01.09-10.32.30:500][519]LogTexture: Display: 正在编译纹理：Albedo_2K_ufekaevdw（AutoDXT、2048X2048）
[2021.01.09-10.32.32:211][519]LogTexture: Display: 正在编译纹理：Albedo_2K_ufekaevdw（BC7、2048X2048）
[2021.01.09-10.32.33:899][519]LogFactory: FactoryCreateFile: Texture with ReimportTextureFactory (0 0 E:\Quixel\BridgeLibrary\Downloaded\3d\3d_modular_ufekaevdw\ufekaevdw_2K_Normal_LOD0.jpg)
[2021.01.09-10.32.34:077][519]LogTexture: Display: 正在编译纹理：Normal_2K_LOD0_ufekaevdw（BC5、2048X2048）
[2021.01.09-10.32.34:382][519]LogTexture: Display: 正在编译纹理：Normal_2K_LOD0_ufekaevdw（BC5、2048X2048）
[2021.01.09-10.32.34:713][519]LogFactory: FactoryCreateFile: Texture with ReimportTextureFactory (0 0 E:\Quixel\BridgeLibrary\Downloaded\3d\3d_modular_ufekaevdw\ufekaevdw_2K_Roughness.jpg)
[2021.01.09-10.32.34:812][519]LogTexture: Display: 正在编译纹理：Roughness_2K_ufekaevdw（AutoDXT、2048X2048）
[2021.01.09-10.32.35:178][519]LogTexture: Display: 正在编译纹理：Roughness_2K_ufekaevdw（BC7、2048X2048）
[2021.01.09-10.32.36:795][519]LogFactory: FactoryCreateFile: StaticMesh with FbxFactory (0 0 E:\Quixel\BridgeLibrary\Downloaded\3d\3d_modular_ufekaevdw\ufekaevdw_LOD0.fbx)
[2021.01.09-10.32.36:822][519]LogFbx: Loading FBX Scene from E:\Quixel\BridgeLibrary\Downloaded\3d\3d_modular_ufekaevdw\ufekaevdw_LOD0.fbx
[2021.01.09-10.32.36:837][519]LogFbx: FBX Scene Loaded Succesfully
[2021.01.09-10.32.36:880][519]LogStaticMesh: 正在构建静态网格体Train_Track_Modular_25_M_LOD0_ufekaevdw……
[2021.01.09-10.32.36:976][519]LogStaticMesh: Built static mesh [0.10s] /Game/Megascans/3D_Assets/Train_Track_Modular_25_M_ufekaevdw_3d/Train_Track_Modular_25_M_LOD0_ufekaevdw.Train_Track_Modular_25_M_LOD0_ufekaevdw
[2021.01.09-10.32.37:009][519]FBXImport: Warning: 此FBX场景中未发现平滑组信息。导出文件前必须在FBX导出器插件中启用“导出平滑组（Export Smoothing Groups）”选项。对不支持平滑组的工具而言，导出时FBX导出器仍将生成正确的平滑数据，从而在导入时推断出正确的顶点法线。 
[2021.01.09-10.32.37:177][519]LogExportMeshUtils: Fbx LOD loading
[2021.01.09-10.32.37:220][519]LogFbx: Loading FBX Scene from E:\Quixel\BridgeLibrary\Downloaded\3d\3d_modular_ufekaevdw\ufekaevdw_LOD2.fbx
[2021.01.09-10.32.37:229][519]LogFbx: FBX Scene Loaded Succesfully
[2021.01.09-10.32.37:255][519]LogStaticMesh: 正在构建静态网格体Train_Track_Modular_25_M_LOD0_ufekaevdw……
[2021.01.09-10.32.37:391][519]LogStaticMesh: Built static mesh [0.14s] /Game/Megascans/3D_Assets/Train_Track_Modular_25_M_ufekaevdw_3d/Train_Track_Modular_25_M_LOD0_ufekaevdw.Train_Track_Modular_25_M_LOD0_ufekaevdw
[2021.01.09-10.32.37:484][519]FBXImport: Warning: 此FBX场景中未发现平滑组信息。导出文件前必须在FBX导出器插件中启用“导出平滑组（Export Smoothing Groups）”选项。对不支持平滑组的工具而言，导出时FBX导出器仍将生成正确的平滑数据，从而在导入时推断出正确的顶点法线。 
[2021.01.09-10.32.37:484][519]LogExportMeshUtils: Fbx LOD loading
[2021.01.09-10.32.37:594][519]LogFbx: Loading FBX Scene from E:\Quixel\BridgeLibrary\Downloaded\3d\3d_modular_ufekaevdw\ufekaevdw_LOD4.fbx
[2021.01.09-10.32.37:601][519]LogFbx: FBX Scene Loaded Succesfully
[2021.01.09-10.32.37:640][519]LogStaticMesh: 正在构建静态网格体Train_Track_Modular_25_M_LOD0_ufekaevdw……
[2021.01.09-10.32.37:807][519]LogStaticMesh: Built static mesh [0.17s] /Game/Megascans/3D_Assets/Train_Track_Modular_25_M_ufekaevdw_3d/Train_Track_Modular_25_M_LOD0_ufekaevdw.Train_Track_Modular_25_M_LOD0_ufekaevdw
[2021.01.09-10.32.37:910][519]FBXImport: Warning: 此FBX场景中未发现平滑组信息。导出文件前必须在FBX导出器插件中启用“导出平滑组（Export Smoothing Groups）”选项。对不支持平滑组的工具而言，导出时FBX导出器仍将生成正确的平滑数据，从而在导入时推断出正确的顶点法线。 
[2021.01.09-10.32.43:750][537]LogEditorViewport: Clicking on Actor (LMB): ConveyorBelt_Blueprint_C (ConveyorBelt_Blueprint)
[2021.01.09-10.32.45:400][632]LogAssetEditorSubsystem: Opening Asset editor for Blueprint /Game/ConveyorBelt_Blueprint.ConveyorBelt_Blueprint
[2021.01.09-10.32.45:601][632]LogContentBrowser: Native class hierarchy updated for 'BlueprintGraph' in 0.0006 seconds. Added 125 classes and 0 folders.
[2021.01.09-10.32.46:521][632]LogSlate: Took 0.000175 seconds to synchronously load lazily loaded font '../../../Engine/Content/Slate/Fonts/Roboto-BoldCondensed.ttf' (158K)
[2021.01.09-10.32.47:447][683]LogSlate: Took 0.000148 seconds to synchronously load lazily loaded font '../../../Engine/Content/Slate/Fonts/Roboto-Italic.ttf' (157K)
[2021.01.09-10.32.59:784][330]LogAssetEditorSubsystem: Opening Asset editor for StaticMesh /Game/Megascans/3D_Assets/Train_Track_Modular_25_M_ufekaevdw_3d/Train_Track_Modular_25_M_LOD0_ufekaevdw.Train_Track_Modular_25_M_LOD0_ufekaevdw
[2021.01.09-10.33.00:266][330]LogWorld: UWorld::CleanupWorld for World_3, bSessionEnded=true, bCleanupResources=true
[2021.01.09-10.33.00:266][330]LogSlate: InvalidateAllWidgets triggered.  All widgets were invalidated
[2021.01.09-10.33.00:860][331]LogRenderer: Reallocating scene render targets to support 1432x920 Format 10 NumSamples 1 (Frame:1).
[2021.01.09-10.33.49:405][939]LogSavePackage: Moving '../../../../UE4_Code/04_Factory/Factorio/Saved/Train_Track_Modular_25_M_LOD0_uf0C47BE2140605BA31611C096FD006BB9.tmp' to '../../../../UE4_Code/04_Factory/Factorio/Content/Megascans/3D_Assets/Train_Track_Modular_25_M_ufekaevdw_3d/Train_Track_Modular_25_M_LOD0_ufekaevdw.uasset'
[2021.01.09-10.33.49:438][939]AssetCheck: New page: 资产保存：Train_Track_Modular_25_M_LOD0_ufekaevdw
[2021.01.09-10.33.49:438][939]LogContentValidation: Display: 正在验证StaticMesh /Game/Megascans/3D_Assets/Train_Track_Modular_25_M_ufekaevdw_3d/Train_Track_Modular_25_M_LOD0_ufekaevdw.Train_Track_Modular_25_M_LOD0_ufekaevdw
[2021.01.09-10.33.52:066][ 91]LogTemp: Repeating last play command: 选中的视口
[2021.01.09-10.33.52:087][ 91]BlueprintLog: New page: 运行前自动重新编译
[2021.01.09-10.33.52:088][ 91]LogPlayLevel: [PlayLevel] Compiling ConveyorBelt_Blueprint before play...
[2021.01.09-10.33.52:213][ 91]LogUObjectHash: Compacting FUObjectHashTables data took   4.62ms
[2021.01.09-10.33.52:218][ 91]LogPlayLevel: PlayLevel: Blueprint regeneration took 131 ms (1 blueprints)
[2021.01.09-10.33.52:219][ 91]PIE: New page: PIE会话：Minimal_Default（2021年1月10日 上午2:33:52）
[2021.01.09-10.33.52:220][ 91]LogOnline: OSS: Creating online subsystem instance for: NULL
[2021.01.09-10.33.52:222][ 91]LogOnline: OSS: TryLoadSubsystemAndSetDefault: Loaded subsystem for module [NULL]
[2021.01.09-10.33.52:222][ 91]LogPlayLevel: Creating play world package: /Game/StarterContent/Maps/UEDPIE_0_Minimal_Default
[2021.01.09-10.33.52:227][ 91]LogPlayLevel: PIE: StaticDuplicateObject took: (0.004628s)
[2021.01.09-10.33.52:228][ 91]LogAIModule: Creating AISystem for world Minimal_Default
[2021.01.09-10.33.52:228][ 91]LogAISub: UAISubsystem::UAISubsystem EnvQueryManager (00000201933D2000), frame # 9091
[2021.01.09-10.33.52:228][ 91]LogAISub: UAISubsystem::UAISubsystem AIPerceptionSystem (0000020168026840), frame # 9091
[2021.01.09-10.33.52:229][ 91]LogPlayLevel: PIE: World Init took: (0.001872s)
[2021.01.09-10.33.52:229][ 91]LogPlayLevel: PIE: Created PIE world by copying editor world from /Game/StarterContent/Maps/Minimal_Default.Minimal_Default to /Game/StarterContent/Maps/UEDPIE_0_Minimal_Default.Minimal_Default (0.006720s)
[2021.01.09-10.33.52:266][ 91]LogUObjectHash: Compacting FUObjectHashTables data took   3.77ms
[2021.01.09-10.33.52:267][ 91]LogAudioMixer: Display: Audio Mixer Platform Settings:
[2021.01.09-10.33.52:267][ 91]LogAudioMixer: Display: 	Sample Rate:						  48000
[2021.01.09-10.33.52:267][ 91]LogAudioMixer: Display: 	Callback Buffer Frame Size Requested: 1024
[2021.01.09-10.33.52:267][ 91]LogAudioMixer: Display: 	Callback Buffer Frame Size To Use:	  1024
[2021.01.09-10.33.52:267][ 91]LogAudioMixer: Display: 	Number of buffers to queue:			  2
[2021.01.09-10.33.52:267][ 91]LogAudioMixer: Display: 	Max Channels (voices):				  32
[2021.01.09-10.33.52:267][ 91]LogAudioMixer: Display: 	Number of Async Source Workers:		  0
[2021.01.09-10.33.52:267][ 91]LogAudio: Display: AudioDevice MaxSources: 32
[2021.01.09-10.33.52:268][ 91]LogAudio: Display: Using built-in audio occlusion.
[2021.01.09-10.33.52:268][ 91]LogAudioMixer: Display: Initializing audio mixer.
[2021.01.09-10.33.52:272][ 91]LogAudioMixer: Display: 0: FrontLeft
[2021.01.09-10.33.52:272][ 91]LogAudioMixer: Display: 1: FrontRight
[2021.01.09-10.33.52:291][ 91]LogAudioMixer: Display: Using Audio Device Speakers (2- HyperX Cloud Flight Wireless Headset)
[2021.01.09-10.33.52:291][ 91]LogAudioMixer: Display: Initializing Sound Submixes...
[2021.01.09-10.33.52:291][ 91]LogAudioMixer: Display: Creating Master Submix 'MasterSubmixDefault'
[2021.01.09-10.33.52:291][ 91]LogAudioMixer: Display: Creating Master Submix 'MasterReverbSubmixDefault'
[2021.01.09-10.33.52:292][ 91]LogAudioMixer: Display: Creating Master Submix 'MasterEQSubmixDefault'
[2021.01.09-10.33.52:309][ 91]LogInit: FAudioDevice initialized.
[2021.01.09-10.33.52:325][ 91]LogLoad: Game class is 'GameModeBase_BP_C'
[2021.01.09-10.33.52:327][ 91]LogWorld: Bringing World /Game/StarterContent/Maps/UEDPIE_0_Minimal_Default.Minimal_Default up for play (max tick rate 60) at 2021.01.09-18.33.52
[2021.01.09-10.33.52:327][ 91]LogWorld: Bringing up level for play took: 0.000779
[2021.01.09-10.33.52:327][ 91]LogOnline: OSS: Creating online subsystem instance for: :Context_6
[2021.01.09-10.33.52:331][ 91]LogContentBrowser: Native class hierarchy updated for 'MovieSceneCapture' in 0.0004 seconds. Added 20 classes and 0 folders.
[2021.01.09-10.33.52:331][ 91]LogTemp: Error: No box component
[2021.01.09-10.33.52:331][ 91]LogUObjectBase: Error: 'this' pointer is invalid.
[2021.01.09-10.33.52:331][ 91]LogOutputDevice: Warning: 

Script Stack (0 frames):

[2021.01.09-10.33.52:331][ 91]LogWindows: Windows GetLastError: 操作成功完成。 (0)
[2021.01.09-10.33.54:963][ 91]LogWindows: Error: === Critical error: ===
[2021.01.09-10.33.54:963][ 91]LogWindows: Error: 
[2021.01.09-10.33.54:963][ 91]LogWindows: Error: Assertion failed: DelegateOwner->IsValidLowLevelFast(false) [File:E:\UE_4.25\Engine\Source\Runtime\CoreUObject\Public\UObject/SparseDelegate.h] [Line: 196] 
[2021.01.09-10.33.54:963][ 91]LogWindows: Error: 
[2021.01.09-10.33.54:963][ 91]LogWindows: Error: 
[2021.01.09-10.33.54:963][ 91]LogWindows: Error: 
[2021.01.09-10.33.54:963][ 91]LogWindows: Error: [Callstack] 0x00007ffd5710a388 KERNELBASE.dll!UnknownFunction []
[2021.01.09-10.33.54:963][ 91]LogWindows: Error: [Callstack] 0x00007ffcc55eec66 UE4Editor-Core.dll!UnknownFunction []
[2021.01.09-10.33.54:963][ 91]LogWindows: Error: [Callstack] 0x00007ffcc55f2048 UE4Editor-Core.dll!UnknownFunction []
[2021.01.09-10.33.54:963][ 91]LogWindows: Error: [Callstack] 0x00007ffcc537e52d UE4Editor-Core.dll!UnknownFunction []
[2021.01.09-10.33.54:963][ 91]LogWindows: Error: [Callstack] 0x00007ffcc53097c5 UE4Editor-Core.dll!UnknownFunction []
[2021.01.09-10.33.54:963][ 91]LogWindows: Error: [Callstack] 0x00007ffcc530bb00 UE4Editor-Core.dll!UnknownFunction []
[2021.01.09-10.33.54:963][ 91]LogWindows: Error: [Callstack] 0x00007ffccc28274c UE4Editor-Factorio-0010.dll!UConveyorBelt::BeginPlay() [E:\UE4_Code\04_Factory\Factorio\Source\Factorio\ConveyorBelt.cpp:31]
[2021.01.09-10.33.54:963][ 91]LogWindows: Error: [Callstack] 0x00007ffcb7924b66 UE4Editor-Engine.dll!UnknownFunction []
[2021.01.09-10.33.54:963][ 91]LogWindows: Error: [Callstack] 0x00007ffcb793097c UE4Editor-Engine.dll!UnknownFunction []
[2021.01.09-10.33.54:963][ 91]LogWindows: Error: [Callstack] 0x00007ffcb8bd958d UE4Editor-Engine.dll!UnknownFunction []
[2021.01.09-10.33.54:963][ 91]LogWindows: Error: [Callstack] 0x00007ffcb8013151 UE4Editor-Engine.dll!UnknownFunction []
[2021.01.09-10.33.54:963][ 91]LogWindows: Error: [Callstack] 0x00007ffcb8b83a2e UE4Editor-Engine.dll!UnknownFunction []
[2021.01.09-10.33.54:963][ 91]LogWindows: Error: [Callstack] 0x00007ffcb80344e9 UE4Editor-Engine.dll!UnknownFunction []
[2021.01.09-10.33.54:963][ 91]LogWindows: Error: [Callstack] 0x00007ffcb67d595c UE4Editor-UnrealEd.dll!UnknownFunction []
[2021.01.09-10.33.54:963][ 91]LogWindows: Error: [Callstack] 0x00007ffcb67f682c UE4Editor-UnrealEd.dll!UnknownFunction []
[2021.01.09-10.33.54:963][ 91]LogWindows: Error: [Callstack] 0x00007ffcb67d6899 UE4Editor-UnrealEd.dll!UnknownFunction []
[2021.01.09-10.33.54:963][ 91]LogWindows: Error: [Callstack] 0x00007ffcb68123da UE4Editor-UnrealEd.dll!UnknownFunction []
[2021.01.09-10.33.54:963][ 91]LogWindows: Error: [Callstack] 0x00007ffcb681569d UE4Editor-UnrealEd.dll!UnknownFunction []
[2021.01.09-10.33.54:963][ 91]LogWindows: Error: [Callstack] 0x00007ffcb6815078 UE4Editor-UnrealEd.dll!UnknownFunction []
[2021.01.09-10.33.54:963][ 91]LogWindows: Error: [Callstack] 0x00007ffcb629a854 UE4Editor-UnrealEd.dll!UnknownFunction []
[2021.01.09-10.33.54:963][ 91]LogWindows: Error: [Callstack] 0x00007ffcb6b737e6 UE4Editor-UnrealEd.dll!UnknownFunction []
[2021.01.09-10.33.54:963][ 91]LogWindows: Error: [Callstack] 0x00007ff772967800 UE4Editor.exe!UnknownFunction []
[2021.01.09-10.33.54:963][ 91]LogWindows: Error: [Callstack] 0x00007ff77297ba7c UE4Editor.exe!UnknownFunction []
[2021.01.09-10.33.54:963][ 91]LogWindows: Error: [Callstack] 0x00007ff77297bb5a UE4Editor.exe!UnknownFunction []
[2021.01.09-10.33.54:963][ 91]LogWindows: Error: [Callstack] 0x00007ff77298e31d UE4Editor.exe!UnknownFunction []
[2021.01.09-10.33.54:963][ 91]LogWindows: Error: [Callstack] 0x00007ff77299145a UE4Editor.exe!UnknownFunction []
[2021.01.09-10.33.54:963][ 91]LogWindows: Error: [Callstack] 0x00007ffd58784034 KERNEL32.DLL!UnknownFunction []
[2021.01.09-10.33.54:963][ 91]LogWindows: Error: [Callstack] 0x00007ffd5ad33691 ntdll.dll!UnknownFunction []
[2021.01.09-10.33.54:963][ 91]LogWindows: Error: 
[2021.01.09-10.33.54:978][ 91]LogExit: Executing StaticShutdownAfterError
[2021.01.09-10.33.54:982][ 91]LogWindows: FPlatformMisc::RequestExit(1)
[2021.01.09-10.33.54:982][ 91]LogCore: Engine exit requested (reason: Win RequestExit)
[2021.01.09-10.33.54:986][ 91]Log file closed, 01/09/21 18:33:54
